<?xml version="1.0" encoding="UTF-8"?>
<robot generator="Robot 6.1.1 (Python 3.11.4 on darwin)" generated="20231019 22:56:58.880" rpa="false" schemaversion="4">
<suite id="s1" name="Test Suite" source="/Users/rajeevpramanik/Documents/GitHub/robotframework/package_websocket/test_suite">
<suite id="s1-s1" name="Test1 Echo Raw" source="/Users/rajeevpramanik/Documents/GitHub/robotframework/package_websocket/test_suite/test1_echo_raw.robot">
<kw name="KW: Environment Specific" library="setup_teardown_func" type="SETUP">
<arg>${environment}</arg>
<doc>Condition where all host are stored in one place based on the env it will get executed.</doc>
<try>
<branch type="TRY">
<if>
<branch type="IF" condition="&quot;${environment}&quot; == &quot;uat&quot;">
<kw name="Run Keyword" library="BuiltIn">
<arg>KW: UAT host url's</arg>
<doc>Executes the given keyword with the given arguments.</doc>
<kw name="KW: UAT host url's" library="setup_teardown_func">
<doc>UAT environment host urls.</doc>
<kw name="Set Variable" library="BuiltIn">
<var>${ws host url}</var>
<arg>wss://ws.postman-echo.com</arg>
<doc>Returns the given values which can then be assigned to a variables.</doc>
<msg timestamp="20231019 22:56:59.313" level="INFO">${ws host url} = wss://ws.postman-echo.com</msg>
<status status="PASS" starttime="20231019 22:56:59.313" endtime="20231019 22:56:59.313"/>
</kw>
<kw name="Set Variable" library="BuiltIn">
<var>${api host url}</var>
<arg>https://postman-echo.com</arg>
<doc>Returns the given values which can then be assigned to a variables.</doc>
<msg timestamp="20231019 22:56:59.314" level="INFO">${api host url} = https://postman-echo.com</msg>
<status status="PASS" starttime="20231019 22:56:59.314" endtime="20231019 22:56:59.314"/>
</kw>
<kw name="Set Global Variable" library="BuiltIn">
<arg>${ws host url}</arg>
<doc>Makes a variable available globally in all tests and suites.</doc>
<msg timestamp="20231019 22:56:59.314" level="INFO">${ws host url} = wss://ws.postman-echo.com</msg>
<status status="PASS" starttime="20231019 22:56:59.314" endtime="20231019 22:56:59.314"/>
</kw>
<kw name="Set Global Variable" library="BuiltIn">
<arg>${api host url}</arg>
<doc>Makes a variable available globally in all tests and suites.</doc>
<msg timestamp="20231019 22:56:59.314" level="INFO">${api host url} = https://postman-echo.com</msg>
<status status="PASS" starttime="20231019 22:56:59.314" endtime="20231019 22:56:59.314"/>
</kw>
<status status="PASS" starttime="20231019 22:56:59.313" endtime="20231019 22:56:59.314"/>
</kw>
<status status="PASS" starttime="20231019 22:56:59.313" endtime="20231019 22:56:59.314"/>
</kw>
<status status="PASS" starttime="20231019 22:56:59.313" endtime="20231019 22:56:59.314"/>
</branch>
<branch type="ELSE IF" condition="&quot;${environment}&quot; == &quot;staging&quot;">
<kw name="Run Keyword" library="BuiltIn">
<arg>KW: STAGING host url's</arg>
<doc>Executes the given keyword with the given arguments.</doc>
<status status="NOT RUN" starttime="20231019 22:56:59.314" endtime="20231019 22:56:59.314"/>
</kw>
<status status="NOT RUN" starttime="20231019 22:56:59.314" endtime="20231019 22:56:59.314"/>
</branch>
<status status="PASS" starttime="20231019 22:56:59.313" endtime="20231019 22:56:59.314"/>
</if>
<status status="PASS" starttime="20231019 22:56:59.313" endtime="20231019 22:56:59.314"/>
</branch>
<branch type="EXCEPT">
<kw name="Log" library="BuiltIn">
<arg>Exception! the current environment "${environment}" is not functionable.</arg>
<doc>Logs the given message with the given level.</doc>
<status status="NOT RUN" starttime="20231019 22:56:59.314" endtime="20231019 22:56:59.314"/>
</kw>
<status status="NOT RUN" starttime="20231019 22:56:59.314" endtime="20231019 22:56:59.314"/>
</branch>
<branch type="FINALLY">
<kw name="Log" library="BuiltIn">
<arg>Finally! the current environment "${environment}" is functionable.</arg>
<doc>Logs the given message with the given level.</doc>
<msg timestamp="20231019 22:56:59.315" level="INFO">Finally! the current environment "uat" is functionable.</msg>
<status status="PASS" starttime="20231019 22:56:59.314" endtime="20231019 22:56:59.315"/>
</kw>
<status status="PASS" starttime="20231019 22:56:59.314" endtime="20231019 22:56:59.315"/>
</branch>
<status status="PASS" starttime="20231019 22:56:59.313" endtime="20231019 22:56:59.315"/>
</try>
<status status="PASS" starttime="20231019 22:56:59.313" endtime="20231019 22:56:59.315"/>
</kw>
<test id="s1-s1-t1" name="TC1: WS Connect, set timeout, get timeout, assert timeout and close the socket." line="9">
<kw name="Run Keyword And Continue On Failure" library="BuiltIn">
<arg>KW: WebSocketClient Connect</arg>
<arg>${ws host url}</arg>
<arg>${ws path}</arg>
<arg>${None}</arg>
<doc>Runs the keyword and continues execution even if a failure occurs.</doc>
<kw name="KW: WebSocketClient Connect" library="ckv_functions">
<arg>${ws host url}</arg>
<arg>${ws path}</arg>
<arg>${None}</arg>
<doc>Create a WebSocket session to a server.
With an alias, where Robot Framework alias is to identify the session.
Ex: wss://ws.postman-echo.com/raw    header=["User-Agent: MyProgram","x-custom: header"]</doc>
<kw name="Connect" library="WebSocketClient">
<var>${websocket session_name}</var>
<arg>${ws_host_url_arg}/${ws_paths_arg}</arg>
<arg>header=${headers}</arg>
<msg timestamp="20231019 22:57:00.482" level="INFO">${websocket session_name} = &lt;websocket._core.WebSocket object at 0x10f510250&gt;</msg>
<status status="PASS" starttime="20231019 22:56:59.315" endtime="20231019 22:57:00.482"/>
</kw>
<kw name="Set Global Variable" library="BuiltIn">
<arg>${websocket session_name}</arg>
<doc>Makes a variable available globally in all tests and suites.</doc>
<msg timestamp="20231019 22:57:00.484" level="INFO">${websocket session_name} = &lt;websocket._core.WebSocket object at 0x10f510250&gt;</msg>
<status status="PASS" starttime="20231019 22:57:00.483" endtime="20231019 22:57:00.484"/>
</kw>
<status status="PASS" starttime="20231019 22:56:59.315" endtime="20231019 22:57:00.484"/>
</kw>
<status status="PASS" starttime="20231019 22:56:59.315" endtime="20231019 22:57:00.485"/>
</kw>
<kw name="Run Keyword And Continue On Failure" library="BuiltIn">
<arg>KW: WebSocketClient Settimeout</arg>
<arg>${websocket session_name}</arg>
<arg>${settimeout time}</arg>
<doc>Runs the keyword and continues execution even if a failure occurs.</doc>
<kw name="KW: WebSocketClient Settimeout" library="ckv_functions">
<arg>${websocket session_name}</arg>
<arg>${settimeout time}</arg>
<doc>Set the timeout of the Websocket server req.</doc>
<kw name="Convert To Integer" library="BuiltIn">
<var>${timeout_conversion_to_integer}</var>
<arg>${timeout}</arg>
<doc>Converts the given item to an integer number.</doc>
<msg timestamp="20231019 22:57:00.486" level="INFO">${timeout_conversion_to_integer} = 60</msg>
<status status="PASS" starttime="20231019 22:57:00.486" endtime="20231019 22:57:00.486"/>
</kw>
<kw name="Settimeout" library="WebSocketClient">
<arg>${websocket session_name_arg}</arg>
<arg>timeout=${timeout_conversion_to_integer}</arg>
<status status="PASS" starttime="20231019 22:57:00.487" endtime="20231019 22:57:00.487"/>
</kw>
<status status="PASS" starttime="20231019 22:57:00.485" endtime="20231019 22:57:00.488"/>
</kw>
<status status="PASS" starttime="20231019 22:57:00.485" endtime="20231019 22:57:00.488"/>
</kw>
<kw name="Run Keyword And Continue On Failure" library="BuiltIn">
<arg>KW: WebSocketClient Gettimeout</arg>
<arg>${websocket session_name}</arg>
<doc>Runs the keyword and continues execution even if a failure occurs.</doc>
<kw name="KW: WebSocketClient Gettimeout" library="ckv_functions">
<arg>${websocket session_name}</arg>
<doc>Get the timeout of the Websocket server req.</doc>
<kw name="Gettimeout" library="WebSocketClient">
<var>${ws gettimeout}</var>
<arg>${websocket session_name_arg}</arg>
<msg timestamp="20231019 22:57:00.489" level="INFO">${ws gettimeout} = 60</msg>
<status status="PASS" starttime="20231019 22:57:00.488" endtime="20231019 22:57:00.489"/>
</kw>
<kw name="Set Global Variable" library="BuiltIn">
<arg>${ws gettimeout}</arg>
<doc>Makes a variable available globally in all tests and suites.</doc>
<msg timestamp="20231019 22:57:00.489" level="INFO">${ws gettimeout} = 60</msg>
<status status="PASS" starttime="20231019 22:57:00.489" endtime="20231019 22:57:00.489"/>
</kw>
<kw name="Convert To String" library="BuiltIn">
<var>${gettimeout converted to string}</var>
<arg>${ws gettimeout}</arg>
<doc>Converts the given item to a Unicode string.</doc>
<msg timestamp="20231019 22:57:00.489" level="INFO">${gettimeout converted to string} = 60</msg>
<status status="PASS" starttime="20231019 22:57:00.489" endtime="20231019 22:57:00.489"/>
</kw>
<kw name="Set Global Variable" library="BuiltIn">
<arg>${gettimeout converted to string}</arg>
<doc>Makes a variable available globally in all tests and suites.</doc>
<msg timestamp="20231019 22:57:00.490" level="INFO">${gettimeout converted to string} = 60</msg>
<status status="PASS" starttime="20231019 22:57:00.490" endtime="20231019 22:57:00.490"/>
</kw>
<status status="PASS" starttime="20231019 22:57:00.488" endtime="20231019 22:57:00.490"/>
</kw>
<status status="PASS" starttime="20231019 22:57:00.488" endtime="20231019 22:57:00.490"/>
</kw>
<kw name="Run Keyword And Continue On Failure" library="BuiltIn">
<arg>KW: WebSocket BulitIn Response Assertion</arg>
<arg>${settimeout time}</arg>
<arg>${gettimeout converted to string}</arg>
<doc>Runs the keyword and continues execution even if a failure occurs.</doc>
<kw name="KW: WebSocket BulitIn Response Assertion" library="ckv_functions">
<arg>${settimeout time}</arg>
<arg>${gettimeout converted to string}</arg>
<doc>Close the websocket server With Reason.</doc>
<kw name="Should Be Equal" library="BuiltIn">
<arg>${assertion value}</arg>
<arg>${result value}</arg>
<doc>Fails if the given objects are unequal.</doc>
<status status="PASS" starttime="20231019 22:57:00.491" endtime="20231019 22:57:00.491"/>
</kw>
<status status="PASS" starttime="20231019 22:57:00.490" endtime="20231019 22:57:00.491"/>
</kw>
<status status="PASS" starttime="20231019 22:57:00.490" endtime="20231019 22:57:00.491"/>
</kw>
<kw name="Run Keyword And Continue On Failure" library="BuiltIn">
<arg>KW: WebSocketClient Close</arg>
<arg>${websocket session_name}</arg>
<doc>Runs the keyword and continues execution even if a failure occurs.</doc>
<kw name="KW: WebSocketClient Close" library="ckv_functions">
<arg>${websocket session_name}</arg>
<doc>Close the opened WebSocket session to a server.</doc>
<kw name="Close" library="WebSocketClient">
<arg>${websocket session_name_arg}</arg>
<status status="PASS" starttime="20231019 22:57:00.491" endtime="20231019 22:57:00.790"/>
</kw>
<status status="PASS" starttime="20231019 22:57:00.491" endtime="20231019 22:57:00.791"/>
</kw>
<status status="PASS" starttime="20231019 22:57:00.491" endtime="20231019 22:57:00.791"/>
</kw>
<doc>This TC is to Connect, set timeout, get timeout, assert timeout and close the socket.</doc>
<tag>positive</tag>
<tag>smoke</tag>
<status status="PASS" starttime="20231019 22:56:59.315" endtime="20231019 22:57:00.791"/>
</test>
<test id="s1-s1-t2" name="TC2: WS Connect, get header, status &amp; assert status, header and close the socket with reason." line="22">
<kw name="Run Keyword And Continue On Failure" library="BuiltIn">
<arg>KW: WebSocketClient Connect</arg>
<arg>${ws host url}</arg>
<arg>${ws path}</arg>
<arg>${None}</arg>
<doc>Runs the keyword and continues execution even if a failure occurs.</doc>
<kw name="KW: WebSocketClient Connect" library="ckv_functions">
<arg>${ws host url}</arg>
<arg>${ws path}</arg>
<arg>${None}</arg>
<doc>Create a WebSocket session to a server.
With an alias, where Robot Framework alias is to identify the session.
Ex: wss://ws.postman-echo.com/raw    header=["User-Agent: MyProgram","x-custom: header"]</doc>
<kw name="Connect" library="WebSocketClient">
<var>${websocket session_name}</var>
<arg>${ws_host_url_arg}/${ws_paths_arg}</arg>
<arg>header=${headers}</arg>
<msg timestamp="20231019 22:57:01.902" level="INFO">${websocket session_name} = &lt;websocket._core.WebSocket object at 0x10f510e90&gt;</msg>
<status status="PASS" starttime="20231019 22:57:00.794" endtime="20231019 22:57:01.902"/>
</kw>
<kw name="Set Global Variable" library="BuiltIn">
<arg>${websocket session_name}</arg>
<doc>Makes a variable available globally in all tests and suites.</doc>
<msg timestamp="20231019 22:57:01.903" level="INFO">${websocket session_name} = &lt;websocket._core.WebSocket object at 0x10f510e90&gt;</msg>
<status status="PASS" starttime="20231019 22:57:01.903" endtime="20231019 22:57:01.903"/>
</kw>
<status status="PASS" starttime="20231019 22:57:00.793" endtime="20231019 22:57:01.903"/>
</kw>
<status status="PASS" starttime="20231019 22:57:00.793" endtime="20231019 22:57:01.904"/>
</kw>
<kw name="Run Keyword And Continue On Failure" library="BuiltIn">
<arg>KW: WebSocketClient Getheaders</arg>
<arg>${websocket session_name}</arg>
<doc>Runs the keyword and continues execution even if a failure occurs.</doc>
<kw name="KW: WebSocketClient Getheaders" library="ckv_functions">
<arg>${websocket session_name}</arg>
<doc>Get the headers of the Websocket server req.</doc>
<kw name="Getheaders" library="WebSocketClient">
<var>${ws get headers}</var>
<arg>${websocket session_name_arg}</arg>
<msg timestamp="20231019 22:57:01.905" level="INFO">${ws get headers} = {'date': 'Thu, 19 Oct 2023 17:27:01 GMT', 'connection': 'upgrade', 'server': 'nginx', 'upgrade': 'websocket', 'sec-websocket-accept': '7aVggRQEINrC0p7Qca742pX6/94=', 'origin': 'https://ws.postman-echo...</msg>
<status status="PASS" starttime="20231019 22:57:01.905" endtime="20231019 22:57:01.905"/>
</kw>
<kw name="Set Global Variable" library="BuiltIn">
<arg>${ws get headers}</arg>
<doc>Makes a variable available globally in all tests and suites.</doc>
<msg timestamp="20231019 22:57:01.906" level="INFO">${ws get headers} = {'date': 'Thu, 19 Oct 2023 17:27:01 GMT', 'connection': 'upgrade', 'server': 'nginx', 'upgrade': 'websocket', 'sec-websocket-accept': '7aVggRQEINrC0p7Qca742pX6/94=', 'origin': 'https://ws.postman-echo...</msg>
<status status="PASS" starttime="20231019 22:57:01.906" endtime="20231019 22:57:01.906"/>
</kw>
<status status="PASS" starttime="20231019 22:57:01.904" endtime="20231019 22:57:01.906"/>
</kw>
<status status="PASS" starttime="20231019 22:57:01.904" endtime="20231019 22:57:01.906"/>
</kw>
<kw name="Run Keyword And Continue On Failure" library="BuiltIn">
<arg>KW: WebSocketClient Getstatus</arg>
<arg>${websocket session_name}</arg>
<doc>Runs the keyword and continues execution even if a failure occurs.</doc>
<kw name="KW: WebSocketClient Getstatus" library="ckv_functions">
<arg>${websocket session_name}</arg>
<doc>Get the status of the Websocket server req.</doc>
<kw name="Getstatus" library="WebSocketClient">
<var>${ws get status}</var>
<arg>${websocket session_name_arg}</arg>
<msg timestamp="20231019 22:57:01.907" level="INFO">${ws get status} = 101</msg>
<status status="PASS" starttime="20231019 22:57:01.907" endtime="20231019 22:57:01.907"/>
</kw>
<kw name="Set Global Variable" library="BuiltIn">
<arg>${ws get status}</arg>
<doc>Makes a variable available globally in all tests and suites.</doc>
<msg timestamp="20231019 22:57:01.908" level="INFO">${ws get status} = 101</msg>
<status status="PASS" starttime="20231019 22:57:01.907" endtime="20231019 22:57:01.908"/>
</kw>
<kw name="Convert To String" library="BuiltIn">
<var>${getstatus converted to string}</var>
<arg>${ws get status}</arg>
<doc>Converts the given item to a Unicode string.</doc>
<msg timestamp="20231019 22:57:01.908" level="INFO">${getstatus converted to string} = 101</msg>
<status status="PASS" starttime="20231019 22:57:01.908" endtime="20231019 22:57:01.908"/>
</kw>
<kw name="Set Global Variable" library="BuiltIn">
<arg>${getstatus converted to string}</arg>
<doc>Makes a variable available globally in all tests and suites.</doc>
<msg timestamp="20231019 22:57:01.909" level="INFO">${getstatus converted to string} = 101</msg>
<status status="PASS" starttime="20231019 22:57:01.909" endtime="20231019 22:57:01.909"/>
</kw>
<status status="PASS" starttime="20231019 22:57:01.907" endtime="20231019 22:57:01.909"/>
</kw>
<status status="PASS" starttime="20231019 22:57:01.906" endtime="20231019 22:57:01.909"/>
</kw>
<kw name="Run Keyword And Continue On Failure" library="BuiltIn">
<arg>KW: WebSocket BulitIn Response Assertion</arg>
<arg>${get status code}</arg>
<arg>${getstatus converted to string}</arg>
<doc>Runs the keyword and continues execution even if a failure occurs.</doc>
<kw name="KW: WebSocket BulitIn Response Assertion" library="ckv_functions">
<arg>${get status code}</arg>
<arg>${getstatus converted to string}</arg>
<doc>Close the websocket server With Reason.</doc>
<kw name="Should Be Equal" library="BuiltIn">
<arg>${assertion value}</arg>
<arg>${result value}</arg>
<doc>Fails if the given objects are unequal.</doc>
<status status="PASS" starttime="20231019 22:57:01.910" endtime="20231019 22:57:01.911"/>
</kw>
<status status="PASS" starttime="20231019 22:57:01.910" endtime="20231019 22:57:01.911"/>
</kw>
<status status="PASS" starttime="20231019 22:57:01.910" endtime="20231019 22:57:01.911"/>
</kw>
<kw name="Run Keyword And Continue On Failure" library="BuiltIn">
<arg>KW: WebSocketClient Close With Reason</arg>
<arg>${websocket session_name}</arg>
<arg>${ws get status}</arg>
<arg>${close reason}</arg>
<doc>Runs the keyword and continues execution even if a failure occurs.</doc>
<kw name="KW: WebSocketClient Close With Reason" library="ckv_functions">
<arg>${websocket session_name}</arg>
<arg>${ws get status}</arg>
<arg>${close reason}</arg>
<doc>Close the websocket server With Reason.</doc>
<kw name="Close With Reason" library="WebSocketClient">
<arg>${websocket session_name_arg}</arg>
<arg>${ws_status}</arg>
<arg>${messages}</arg>
<status status="PASS" starttime="20231019 22:57:01.912" endtime="20231019 22:57:01.913"/>
</kw>
<status status="PASS" starttime="20231019 22:57:01.911" endtime="20231019 22:57:01.914"/>
</kw>
<status status="PASS" starttime="20231019 22:57:01.911" endtime="20231019 22:57:01.914"/>
</kw>
<doc>This TC is to Connect, get header, status &amp; assert status, header and close the socket with reason.</doc>
<tag>positive</tag>
<tag>smoke</tag>
<status status="PASS" starttime="20231019 22:57:00.792" endtime="20231019 22:57:01.914"/>
</test>
<test id="s1-s1-t3" name="TC3: WS Connect, send text, receive &amp; assert the recieve text and close the socket with reason." line="35">
<kw name="Run Keyword And Continue On Failure" library="BuiltIn">
<arg>KW: WebSocketClient Connect</arg>
<arg>${ws host url}</arg>
<arg>${ws path}</arg>
<arg>${None}</arg>
<doc>Runs the keyword and continues execution even if a failure occurs.</doc>
<kw name="KW: WebSocketClient Connect" library="ckv_functions">
<arg>${ws host url}</arg>
<arg>${ws path}</arg>
<arg>${None}</arg>
<doc>Create a WebSocket session to a server.
With an alias, where Robot Framework alias is to identify the session.
Ex: wss://ws.postman-echo.com/raw    header=["User-Agent: MyProgram","x-custom: header"]</doc>
<kw name="Connect" library="WebSocketClient">
<var>${websocket session_name}</var>
<arg>${ws_host_url_arg}/${ws_paths_arg}</arg>
<arg>header=${headers}</arg>
<msg timestamp="20231019 22:57:02.922" level="INFO">${websocket session_name} = &lt;websocket._core.WebSocket object at 0x10f528c10&gt;</msg>
<status status="PASS" starttime="20231019 22:57:01.915" endtime="20231019 22:57:02.922"/>
</kw>
<kw name="Set Global Variable" library="BuiltIn">
<arg>${websocket session_name}</arg>
<doc>Makes a variable available globally in all tests and suites.</doc>
<msg timestamp="20231019 22:57:02.923" level="INFO">${websocket session_name} = &lt;websocket._core.WebSocket object at 0x10f528c10&gt;</msg>
<status status="PASS" starttime="20231019 22:57:02.923" endtime="20231019 22:57:02.923"/>
</kw>
<status status="PASS" starttime="20231019 22:57:01.915" endtime="20231019 22:57:02.923"/>
</kw>
<status status="PASS" starttime="20231019 22:57:01.915" endtime="20231019 22:57:02.924"/>
</kw>
<kw name="Run Keyword And Continue On Failure" library="BuiltIn">
<arg>KW: WebSocketClient Send</arg>
<arg>${websocket session_name}</arg>
<arg>${texts}</arg>
<doc>Runs the keyword and continues execution even if a failure occurs.</doc>
<kw name="KW: WebSocketClient Send" library="ckv_functions">
<arg>${websocket session_name}</arg>
<arg>${texts}</arg>
<doc>Send the message from the Websocket server.</doc>
<kw name="Send" library="WebSocketClient">
<arg>${websocket session_name_arg}</arg>
<arg>${messages}</arg>
<status status="PASS" starttime="20231019 22:57:02.925" endtime="20231019 22:57:02.925"/>
</kw>
<status status="PASS" starttime="20231019 22:57:02.924" endtime="20231019 22:57:02.925"/>
</kw>
<status status="PASS" starttime="20231019 22:57:02.924" endtime="20231019 22:57:02.925"/>
</kw>
<kw name="Run Keyword And Continue On Failure" library="BuiltIn">
<arg>KW: WebSocketClient Recv</arg>
<arg>${websocket session_name}</arg>
<doc>Runs the keyword and continues execution even if a failure occurs.</doc>
<kw name="KW: WebSocketClient Recv" library="ckv_functions">
<arg>${websocket session_name}</arg>
<doc>Receive the message from the Websocket server.</doc>
<kw name="Recv" library="WebSocketClient">
<var>${websocket receive results}</var>
<arg>${websocket session_name_arg}</arg>
<msg timestamp="20231019 22:57:03.170" level="INFO">${websocket receive results} = all is well</msg>
<status status="PASS" starttime="20231019 22:57:02.926" endtime="20231019 22:57:03.170"/>
</kw>
<kw name="Set Global Variable" library="BuiltIn">
<arg>${websocket receive results}</arg>
<doc>Makes a variable available globally in all tests and suites.</doc>
<msg timestamp="20231019 22:57:03.172" level="INFO">${websocket receive results} = all is well</msg>
<status status="PASS" starttime="20231019 22:57:03.171" endtime="20231019 22:57:03.172"/>
</kw>
<kw name="Convert To String" library="BuiltIn">
<var>${receive results converted to string}</var>
<arg>${websocket receive results}</arg>
<doc>Converts the given item to a Unicode string.</doc>
<msg timestamp="20231019 22:57:03.173" level="INFO">${receive results converted to string} = all is well</msg>
<status status="PASS" starttime="20231019 22:57:03.172" endtime="20231019 22:57:03.173"/>
</kw>
<kw name="Set Global Variable" library="BuiltIn">
<arg>${receive results converted to string}</arg>
<doc>Makes a variable available globally in all tests and suites.</doc>
<msg timestamp="20231019 22:57:03.174" level="INFO">${receive results converted to string} = all is well</msg>
<status status="PASS" starttime="20231019 22:57:03.173" endtime="20231019 22:57:03.174"/>
</kw>
<status status="PASS" starttime="20231019 22:57:02.926" endtime="20231019 22:57:03.174"/>
</kw>
<status status="PASS" starttime="20231019 22:57:02.926" endtime="20231019 22:57:03.174"/>
</kw>
<kw name="Run Keyword And Continue On Failure" library="BuiltIn">
<arg>KW: WebSocket BulitIn Response Assertion</arg>
<arg>${texts}</arg>
<arg>${receive results converted to string}</arg>
<doc>Runs the keyword and continues execution even if a failure occurs.</doc>
<kw name="KW: WebSocket BulitIn Response Assertion" library="ckv_functions">
<arg>${texts}</arg>
<arg>${receive results converted to string}</arg>
<doc>Close the websocket server With Reason.</doc>
<kw name="Should Be Equal" library="BuiltIn">
<arg>${assertion value}</arg>
<arg>${result value}</arg>
<doc>Fails if the given objects are unequal.</doc>
<status status="PASS" starttime="20231019 22:57:03.175" endtime="20231019 22:57:03.176"/>
</kw>
<status status="PASS" starttime="20231019 22:57:03.174" endtime="20231019 22:57:03.176"/>
</kw>
<status status="PASS" starttime="20231019 22:57:03.174" endtime="20231019 22:57:03.176"/>
</kw>
<kw name="Run Keyword And Continue On Failure" library="BuiltIn">
<arg>KW: WebSocketClient Close With Reason</arg>
<arg>${websocket session_name}</arg>
<arg>${ws get status}</arg>
<arg>${close reason}</arg>
<doc>Runs the keyword and continues execution even if a failure occurs.</doc>
<kw name="KW: WebSocketClient Close With Reason" library="ckv_functions">
<arg>${websocket session_name}</arg>
<arg>${ws get status}</arg>
<arg>${close reason}</arg>
<doc>Close the websocket server With Reason.</doc>
<kw name="Close With Reason" library="WebSocketClient">
<arg>${websocket session_name_arg}</arg>
<arg>${ws_status}</arg>
<arg>${messages}</arg>
<status status="PASS" starttime="20231019 22:57:03.177" endtime="20231019 22:57:03.179"/>
</kw>
<status status="PASS" starttime="20231019 22:57:03.176" endtime="20231019 22:57:03.180"/>
</kw>
<status status="PASS" starttime="20231019 22:57:03.176" endtime="20231019 22:57:03.180"/>
</kw>
<doc>This TC is to Connect, send text, receive &amp; assert the recieve text and close the socket with reason.</doc>
<tag>positive</tag>
<tag>smoke</tag>
<status status="PASS" starttime="20231019 22:57:01.914" endtime="20231019 22:57:03.180"/>
</test>
<test id="s1-s1-t4" name="TC4: WS Connect, send binary text, ping and close the socket with reason." line="48">
<kw name="Run Keyword And Continue On Failure" library="BuiltIn">
<arg>KW: WebSocketClient Connect</arg>
<arg>${ws host url}</arg>
<arg>${ws path}</arg>
<arg>${None}</arg>
<doc>Runs the keyword and continues execution even if a failure occurs.</doc>
<kw name="KW: WebSocketClient Connect" library="ckv_functions">
<arg>${ws host url}</arg>
<arg>${ws path}</arg>
<arg>${None}</arg>
<doc>Create a WebSocket session to a server.
With an alias, where Robot Framework alias is to identify the session.
Ex: wss://ws.postman-echo.com/raw    header=["User-Agent: MyProgram","x-custom: header"]</doc>
<kw name="Connect" library="WebSocketClient">
<var>${websocket session_name}</var>
<arg>${ws_host_url_arg}/${ws_paths_arg}</arg>
<arg>header=${headers}</arg>
<msg timestamp="20231019 22:57:04.196" level="INFO">${websocket session_name} = &lt;websocket._core.WebSocket object at 0x104996710&gt;</msg>
<status status="PASS" starttime="20231019 22:57:03.182" endtime="20231019 22:57:04.196"/>
</kw>
<kw name="Set Global Variable" library="BuiltIn">
<arg>${websocket session_name}</arg>
<doc>Makes a variable available globally in all tests and suites.</doc>
<msg timestamp="20231019 22:57:04.198" level="INFO">${websocket session_name} = &lt;websocket._core.WebSocket object at 0x104996710&gt;</msg>
<status status="PASS" starttime="20231019 22:57:04.197" endtime="20231019 22:57:04.198"/>
</kw>
<status status="PASS" starttime="20231019 22:57:03.181" endtime="20231019 22:57:04.198"/>
</kw>
<status status="PASS" starttime="20231019 22:57:03.181" endtime="20231019 22:57:04.198"/>
</kw>
<kw name="Run Keyword And Continue On Failure" library="BuiltIn">
<arg>KW: WebSocketClient Send Binary</arg>
<arg>${websocket session_name}</arg>
<arg>${binary characters}</arg>
<doc>Runs the keyword and continues execution even if a failure occurs.</doc>
<kw name="KW: WebSocketClient Send Binary" library="ckv_functions">
<arg>${websocket session_name}</arg>
<arg>${binary characters}</arg>
<doc>Send the message from the Websocket server.</doc>
<kw name="Send Binary" library="WebSocketClient">
<arg>${websocket session_name_arg}</arg>
<arg>payload=${Payload}</arg>
<status status="PASS" starttime="20231019 22:57:04.199" endtime="20231019 22:57:04.200"/>
</kw>
<status status="PASS" starttime="20231019 22:57:04.199" endtime="20231019 22:57:04.200"/>
</kw>
<status status="PASS" starttime="20231019 22:57:04.199" endtime="20231019 22:57:04.200"/>
</kw>
<kw name="Run Keyword And Continue On Failure" library="BuiltIn">
<arg>KW: WebSocketClient Ping</arg>
<arg>${websocket session_name}</arg>
<arg>${ping value}</arg>
<doc>Runs the keyword and continues execution even if a failure occurs.</doc>
<kw name="KW: WebSocketClient Ping" library="ckv_functions">
<arg>${websocket session_name}</arg>
<arg>${ping value}</arg>
<doc>Ping the Websocket server with Payload.</doc>
<kw name="Ping" library="WebSocketClient">
<arg>${websocket session_name_arg}</arg>
<arg>payload=${Payload}</arg>
<status status="PASS" starttime="20231019 22:57:04.201" endtime="20231019 22:57:04.201"/>
</kw>
<status status="PASS" starttime="20231019 22:57:04.201" endtime="20231019 22:57:04.201"/>
</kw>
<status status="PASS" starttime="20231019 22:57:04.200" endtime="20231019 22:57:04.201"/>
</kw>
<kw name="Run Keyword And Continue On Failure" library="BuiltIn">
<arg>KW: WebSocketClient Close With Reason</arg>
<arg>${websocket session_name}</arg>
<arg>${ws get status}</arg>
<arg>${close reason}</arg>
<doc>Runs the keyword and continues execution even if a failure occurs.</doc>
<kw name="KW: WebSocketClient Close With Reason" library="ckv_functions">
<arg>${websocket session_name}</arg>
<arg>${ws get status}</arg>
<arg>${close reason}</arg>
<doc>Close the websocket server With Reason.</doc>
<kw name="Close With Reason" library="WebSocketClient">
<arg>${websocket session_name_arg}</arg>
<arg>${ws_status}</arg>
<arg>${messages}</arg>
<status status="PASS" starttime="20231019 22:57:04.202" endtime="20231019 22:57:04.204"/>
</kw>
<status status="PASS" starttime="20231019 22:57:04.202" endtime="20231019 22:57:04.205"/>
</kw>
<status status="PASS" starttime="20231019 22:57:04.202" endtime="20231019 22:57:04.205"/>
</kw>
<doc>This TC is to Connect, send binary text, ping and close the socket with reason.</doc>
<tag>positive</tag>
<tag>sanity</tag>
<status status="PASS" starttime="20231019 22:57:03.181" endtime="20231019 22:57:04.205"/>
</test>
<test id="s1-s1-t5" name="TC5: WS Connect websocket to null resrve keyword end point." line="60">
<doc>This TC is to Connect, send text, receive &amp; assert the recieve text and close the socket with reason.</doc>
<tag>negative</tag>
<tag>sanity</tag>
<status status="SKIP" starttime="20231019 22:57:04.206" endtime="20231019 22:57:04.206">Test skipped using '--skip' command line option.</status>
</test>
<doc>This robot file will execute only the raw cases.</doc>
<status status="PASS" starttime="20231019 22:56:58.887" endtime="20231019 22:57:04.207"/>
</suite>
<suite id="s1-s2" name="Test2 Echo Raw Queryparams" source="/Users/rajeevpramanik/Documents/GitHub/robotframework/package_websocket/test_suite/test2_echo_raw_queryparams.robot">
<kw name="KW: Environment Specific" library="setup_teardown_func" type="SETUP">
<arg>${environment}</arg>
<doc>Condition where all host are stored in one place based on the env it will get executed.</doc>
<try>
<branch type="TRY">
<if>
<branch type="IF" condition="&quot;${environment}&quot; == &quot;uat&quot;">
<kw name="Run Keyword" library="BuiltIn">
<arg>KW: UAT host url's</arg>
<doc>Executes the given keyword with the given arguments.</doc>
<kw name="KW: UAT host url's" library="setup_teardown_func">
<doc>UAT environment host urls.</doc>
<kw name="Set Variable" library="BuiltIn">
<var>${ws host url}</var>
<arg>wss://ws.postman-echo.com</arg>
<doc>Returns the given values which can then be assigned to a variables.</doc>
<msg timestamp="20231019 22:57:04.216" level="INFO">${ws host url} = wss://ws.postman-echo.com</msg>
<status status="PASS" starttime="20231019 22:57:04.215" endtime="20231019 22:57:04.216"/>
</kw>
<kw name="Set Variable" library="BuiltIn">
<var>${api host url}</var>
<arg>https://postman-echo.com</arg>
<doc>Returns the given values which can then be assigned to a variables.</doc>
<msg timestamp="20231019 22:57:04.216" level="INFO">${api host url} = https://postman-echo.com</msg>
<status status="PASS" starttime="20231019 22:57:04.216" endtime="20231019 22:57:04.216"/>
</kw>
<kw name="Set Global Variable" library="BuiltIn">
<arg>${ws host url}</arg>
<doc>Makes a variable available globally in all tests and suites.</doc>
<msg timestamp="20231019 22:57:04.216" level="INFO">${ws host url} = wss://ws.postman-echo.com</msg>
<status status="PASS" starttime="20231019 22:57:04.216" endtime="20231019 22:57:04.216"/>
</kw>
<kw name="Set Global Variable" library="BuiltIn">
<arg>${api host url}</arg>
<doc>Makes a variable available globally in all tests and suites.</doc>
<msg timestamp="20231019 22:57:04.216" level="INFO">${api host url} = https://postman-echo.com</msg>
<status status="PASS" starttime="20231019 22:57:04.216" endtime="20231019 22:57:04.216"/>
</kw>
<status status="PASS" starttime="20231019 22:57:04.215" endtime="20231019 22:57:04.216"/>
</kw>
<status status="PASS" starttime="20231019 22:57:04.215" endtime="20231019 22:57:04.216"/>
</kw>
<status status="PASS" starttime="20231019 22:57:04.215" endtime="20231019 22:57:04.217"/>
</branch>
<branch type="ELSE IF" condition="&quot;${environment}&quot; == &quot;staging&quot;">
<kw name="Run Keyword" library="BuiltIn">
<arg>KW: STAGING host url's</arg>
<doc>Executes the given keyword with the given arguments.</doc>
<status status="NOT RUN" starttime="20231019 22:57:04.217" endtime="20231019 22:57:04.217"/>
</kw>
<status status="NOT RUN" starttime="20231019 22:57:04.217" endtime="20231019 22:57:04.217"/>
</branch>
<status status="PASS" starttime="20231019 22:57:04.215" endtime="20231019 22:57:04.217"/>
</if>
<status status="PASS" starttime="20231019 22:57:04.215" endtime="20231019 22:57:04.217"/>
</branch>
<branch type="EXCEPT">
<kw name="Log" library="BuiltIn">
<arg>Exception! the current environment "${environment}" is not functionable.</arg>
<doc>Logs the given message with the given level.</doc>
<status status="NOT RUN" starttime="20231019 22:57:04.217" endtime="20231019 22:57:04.217"/>
</kw>
<status status="NOT RUN" starttime="20231019 22:57:04.217" endtime="20231019 22:57:04.217"/>
</branch>
<branch type="FINALLY">
<kw name="Log" library="BuiltIn">
<arg>Finally! the current environment "${environment}" is functionable.</arg>
<doc>Logs the given message with the given level.</doc>
<msg timestamp="20231019 22:57:04.217" level="INFO">Finally! the current environment "uat" is functionable.</msg>
<status status="PASS" starttime="20231019 22:57:04.217" endtime="20231019 22:57:04.217"/>
</kw>
<status status="PASS" starttime="20231019 22:57:04.217" endtime="20231019 22:57:04.218"/>
</branch>
<status status="PASS" starttime="20231019 22:57:04.215" endtime="20231019 22:57:04.218"/>
</try>
<status status="PASS" starttime="20231019 22:57:04.214" endtime="20231019 22:57:04.218"/>
</kw>
<test id="s1-s2-t1" name="TC1: WS Connect, send the query parameter, assert the viowel reply and close the socket." line="8">
<kw name="KW: WebSocketClient Connect" library="ckv_functions">
<arg>${ws host url}</arg>
<arg>${ws raw query-params path}</arg>
<arg>${None}</arg>
<doc>Create a WebSocket session to a server.
With an alias, where Robot Framework alias is to identify the session.
Ex: wss://ws.postman-echo.com/raw    header=["User-Agent: MyProgram","x-custom: header"]</doc>
<kw name="Connect" library="WebSocketClient">
<var>${websocket session_name}</var>
<arg>${ws_host_url_arg}/${ws_paths_arg}</arg>
<arg>header=${headers}</arg>
<msg timestamp="20231019 22:57:05.293" level="INFO">${websocket session_name} = &lt;websocket._core.WebSocket object at 0x10f4fefd0&gt;</msg>
<status status="PASS" starttime="20231019 22:57:04.218" endtime="20231019 22:57:05.293"/>
</kw>
<kw name="Set Global Variable" library="BuiltIn">
<arg>${websocket session_name}</arg>
<doc>Makes a variable available globally in all tests and suites.</doc>
<msg timestamp="20231019 22:57:05.295" level="INFO">${websocket session_name} = &lt;websocket._core.WebSocket object at 0x10f4fefd0&gt;</msg>
<status status="PASS" starttime="20231019 22:57:05.294" endtime="20231019 22:57:05.295"/>
</kw>
<status status="PASS" starttime="20231019 22:57:04.218" endtime="20231019 22:57:05.295"/>
</kw>
<kw name="KW: WebSocketClient Send" library="ckv_functions">
<arg>${websocket session_name}</arg>
<arg>${texts}</arg>
<doc>Send the message from the Websocket server.</doc>
<kw name="Send" library="WebSocketClient">
<arg>${websocket session_name_arg}</arg>
<arg>${messages}</arg>
<status status="PASS" starttime="20231019 22:57:05.296" endtime="20231019 22:57:05.296"/>
</kw>
<status status="PASS" starttime="20231019 22:57:05.295" endtime="20231019 22:57:05.296"/>
</kw>
<kw name="KW: WebSocketClient Recv" library="ckv_functions">
<arg>${websocket session_name}</arg>
<doc>Receive the message from the Websocket server.</doc>
<kw name="Recv" library="WebSocketClient">
<var>${websocket receive results}</var>
<arg>${websocket session_name_arg}</arg>
<msg timestamp="20231019 22:57:05.297" level="INFO">${websocket receive results} = Configuration Successful!! Server has started 🎉🎉🎉🎉</msg>
<status status="PASS" starttime="20231019 22:57:05.297" endtime="20231019 22:57:05.297"/>
</kw>
<kw name="Set Global Variable" library="BuiltIn">
<arg>${websocket receive results}</arg>
<doc>Makes a variable available globally in all tests and suites.</doc>
<msg timestamp="20231019 22:57:05.297" level="INFO">${websocket receive results} = Configuration Successful!! Server has started 🎉🎉🎉🎉</msg>
<status status="PASS" starttime="20231019 22:57:05.297" endtime="20231019 22:57:05.297"/>
</kw>
<kw name="Convert To String" library="BuiltIn">
<var>${receive results converted to string}</var>
<arg>${websocket receive results}</arg>
<doc>Converts the given item to a Unicode string.</doc>
<msg timestamp="20231019 22:57:05.298" level="INFO">${receive results converted to string} = Configuration Successful!! Server has started 🎉🎉🎉🎉</msg>
<status status="PASS" starttime="20231019 22:57:05.298" endtime="20231019 22:57:05.298"/>
</kw>
<kw name="Set Global Variable" library="BuiltIn">
<arg>${receive results converted to string}</arg>
<doc>Makes a variable available globally in all tests and suites.</doc>
<msg timestamp="20231019 22:57:05.298" level="INFO">${receive results converted to string} = Configuration Successful!! Server has started 🎉🎉🎉🎉</msg>
<status status="PASS" starttime="20231019 22:57:05.298" endtime="20231019 22:57:05.298"/>
</kw>
<status status="PASS" starttime="20231019 22:57:05.296" endtime="20231019 22:57:05.298"/>
</kw>
<kw name="KW: WebSocketClient Recv" library="ckv_functions">
<arg>${websocket session_name}</arg>
<doc>Receive the message from the Websocket server.</doc>
<kw name="Recv" library="WebSocketClient">
<var>${websocket receive results}</var>
<arg>${websocket session_name_arg}</arg>
<msg timestamp="20231019 22:57:05.299" level="INFO">${websocket receive results} = Now, send a word to the server to know the number of vowels in it</msg>
<status status="PASS" starttime="20231019 22:57:05.299" endtime="20231019 22:57:05.299"/>
</kw>
<kw name="Set Global Variable" library="BuiltIn">
<arg>${websocket receive results}</arg>
<doc>Makes a variable available globally in all tests and suites.</doc>
<msg timestamp="20231019 22:57:05.300" level="INFO">${websocket receive results} = Now, send a word to the server to know the number of vowels in it</msg>
<status status="PASS" starttime="20231019 22:57:05.299" endtime="20231019 22:57:05.300"/>
</kw>
<kw name="Convert To String" library="BuiltIn">
<var>${receive results converted to string}</var>
<arg>${websocket receive results}</arg>
<doc>Converts the given item to a Unicode string.</doc>
<msg timestamp="20231019 22:57:05.300" level="INFO">${receive results converted to string} = Now, send a word to the server to know the number of vowels in it</msg>
<status status="PASS" starttime="20231019 22:57:05.300" endtime="20231019 22:57:05.300"/>
</kw>
<kw name="Set Global Variable" library="BuiltIn">
<arg>${receive results converted to string}</arg>
<doc>Makes a variable available globally in all tests and suites.</doc>
<msg timestamp="20231019 22:57:05.301" level="INFO">${receive results converted to string} = Now, send a word to the server to know the number of vowels in it</msg>
<status status="PASS" starttime="20231019 22:57:05.300" endtime="20231019 22:57:05.301"/>
</kw>
<status status="PASS" starttime="20231019 22:57:05.298" endtime="20231019 22:57:05.301"/>
</kw>
<kw name="KW: WebSocketClient Recv" library="ckv_functions">
<arg>${websocket session_name}</arg>
<doc>Receive the message from the Websocket server.</doc>
<kw name="Recv" library="WebSocketClient">
<var>${websocket receive results}</var>
<arg>${websocket session_name_arg}</arg>
<msg timestamp="20231019 22:57:05.601" level="INFO">${websocket receive results} = Number of vowels in the word all is well are 3</msg>
<status status="PASS" starttime="20231019 22:57:05.301" endtime="20231019 22:57:05.601"/>
</kw>
<kw name="Set Global Variable" library="BuiltIn">
<arg>${websocket receive results}</arg>
<doc>Makes a variable available globally in all tests and suites.</doc>
<msg timestamp="20231019 22:57:05.602" level="INFO">${websocket receive results} = Number of vowels in the word all is well are 3</msg>
<status status="PASS" starttime="20231019 22:57:05.602" endtime="20231019 22:57:05.602"/>
</kw>
<kw name="Convert To String" library="BuiltIn">
<var>${receive results converted to string}</var>
<arg>${websocket receive results}</arg>
<doc>Converts the given item to a Unicode string.</doc>
<msg timestamp="20231019 22:57:05.603" level="INFO">${receive results converted to string} = Number of vowels in the word all is well are 3</msg>
<status status="PASS" starttime="20231019 22:57:05.603" endtime="20231019 22:57:05.603"/>
</kw>
<kw name="Set Global Variable" library="BuiltIn">
<arg>${receive results converted to string}</arg>
<doc>Makes a variable available globally in all tests and suites.</doc>
<msg timestamp="20231019 22:57:05.603" level="INFO">${receive results converted to string} = Number of vowels in the word all is well are 3</msg>
<status status="PASS" starttime="20231019 22:57:05.603" endtime="20231019 22:57:05.603"/>
</kw>
<status status="PASS" starttime="20231019 22:57:05.301" endtime="20231019 22:57:05.603"/>
</kw>
<kw name="KW: WebSocket BulitIn Response Assertion" library="ckv_functions">
<arg>${ws results vowels}</arg>
<arg>${receive results converted to string}</arg>
<doc>Close the websocket server With Reason.</doc>
<kw name="Should Be Equal" library="BuiltIn">
<arg>${assertion value}</arg>
<arg>${result value}</arg>
<doc>Fails if the given objects are unequal.</doc>
<status status="PASS" starttime="20231019 22:57:05.604" endtime="20231019 22:57:05.604"/>
</kw>
<status status="PASS" starttime="20231019 22:57:05.604" endtime="20231019 22:57:05.604"/>
</kw>
<kw name="KW: WebSocketClient Close" library="ckv_functions">
<arg>${websocket session_name}</arg>
<doc>Close the opened WebSocket session to a server.</doc>
<kw name="Close" library="WebSocketClient">
<arg>${websocket session_name_arg}</arg>
<status status="PASS" starttime="20231019 22:57:05.605" endtime="20231019 22:57:05.856"/>
</kw>
<status status="PASS" starttime="20231019 22:57:05.605" endtime="20231019 22:57:05.856"/>
</kw>
<doc>This TC is to Connect, send the query parameter, assert the viowel reply and close the socket.</doc>
<tag>positive</tag>
<tag>sanity</tag>
<status status="PASS" starttime="20231019 22:57:04.218" endtime="20231019 22:57:05.857"/>
</test>
<test id="s1-s2-t2" name="TC2: WS Connect to null reserve keyword and validate the reply from the socket server." line="23">
<kw name="Run Keyword And Continue On Failure" library="BuiltIn">
<arg>KW: WebSocketClient Connect</arg>
<arg>${ws host url}</arg>
<arg>${ws null query-params path}</arg>
<arg>${None}</arg>
<doc>Runs the keyword and continues execution even if a failure occurs.</doc>
<kw name="KW: WebSocketClient Connect" library="ckv_functions">
<arg>${ws host url}</arg>
<arg>${ws null query-params path}</arg>
<arg>${None}</arg>
<doc>Create a WebSocket session to a server.
With an alias, where Robot Framework alias is to identify the session.
Ex: wss://ws.postman-echo.com/raw    header=["User-Agent: MyProgram","x-custom: header"]</doc>
<kw name="Connect" library="WebSocketClient">
<var>${websocket session_name}</var>
<arg>${ws_host_url_arg}/${ws_paths_arg}</arg>
<arg>header=${headers}</arg>
<msg timestamp="20231019 22:57:07.036" level="INFO">${websocket session_name} = &lt;websocket._core.WebSocket object at 0x10f511210&gt;</msg>
<status status="PASS" starttime="20231019 22:57:05.859" endtime="20231019 22:57:07.036"/>
</kw>
<kw name="Set Global Variable" library="BuiltIn">
<arg>${websocket session_name}</arg>
<doc>Makes a variable available globally in all tests and suites.</doc>
<msg timestamp="20231019 22:57:07.037" level="INFO">${websocket session_name} = &lt;websocket._core.WebSocket object at 0x10f511210&gt;</msg>
<status status="PASS" starttime="20231019 22:57:07.036" endtime="20231019 22:57:07.037"/>
</kw>
<status status="PASS" starttime="20231019 22:57:05.858" endtime="20231019 22:57:07.037"/>
</kw>
<status status="PASS" starttime="20231019 22:57:05.858" endtime="20231019 22:57:07.037"/>
</kw>
<kw name="Run Keyword And Continue On Failure" library="BuiltIn">
<arg>KW: WebSocketClient Recv</arg>
<arg>${websocket session_name}</arg>
<doc>Runs the keyword and continues execution even if a failure occurs.</doc>
<kw name="KW: WebSocketClient Recv" library="ckv_functions">
<arg>${websocket session_name}</arg>
<doc>Receive the message from the Websocket server.</doc>
<kw name="Recv" library="WebSocketClient">
<var>${websocket receive results}</var>
<arg>${websocket session_name_arg}</arg>
<msg timestamp="20231019 22:57:07.040" level="INFO">${websocket receive results} = {"Error":"Query parameter not found","Description":"A query parameter with 'name' as key and your name as value is a required for connecting to this WebSocket Server"}</msg>
<status status="PASS" starttime="20231019 22:57:07.039" endtime="20231019 22:57:07.040"/>
</kw>
<kw name="Set Global Variable" library="BuiltIn">
<arg>${websocket receive results}</arg>
<doc>Makes a variable available globally in all tests and suites.</doc>
<msg timestamp="20231019 22:57:07.040" level="INFO">${websocket receive results} = {"Error":"Query parameter not found","Description":"A query parameter with 'name' as key and your name as value is a required for connecting to this WebSocket Server"}</msg>
<status status="PASS" starttime="20231019 22:57:07.040" endtime="20231019 22:57:07.040"/>
</kw>
<kw name="Convert To String" library="BuiltIn">
<var>${receive results converted to string}</var>
<arg>${websocket receive results}</arg>
<doc>Converts the given item to a Unicode string.</doc>
<msg timestamp="20231019 22:57:07.041" level="INFO">${receive results converted to string} = {"Error":"Query parameter not found","Description":"A query parameter with 'name' as key and your name as value is a required for connecting to this WebSocket Server"}</msg>
<status status="PASS" starttime="20231019 22:57:07.040" endtime="20231019 22:57:07.041"/>
</kw>
<kw name="Set Global Variable" library="BuiltIn">
<arg>${receive results converted to string}</arg>
<doc>Makes a variable available globally in all tests and suites.</doc>
<msg timestamp="20231019 22:57:07.041" level="INFO">${receive results converted to string} = {"Error":"Query parameter not found","Description":"A query parameter with 'name' as key and your name as value is a required for connecting to this WebSocket Server"}</msg>
<status status="PASS" starttime="20231019 22:57:07.041" endtime="20231019 22:57:07.041"/>
</kw>
<status status="PASS" starttime="20231019 22:57:07.038" endtime="20231019 22:57:07.041"/>
</kw>
<status status="PASS" starttime="20231019 22:57:07.038" endtime="20231019 22:57:07.041"/>
</kw>
<kw name="Run Keyword And Continue On Failure" library="BuiltIn">
<arg>KW: Store response, convert to json &amp; string and then get value from json.</arg>
<arg>${websocket receive results}</arg>
<arg>$.Error</arg>
<arg>true</arg>
<arg>0</arg>
<doc>Runs the keyword and continues execution even if a failure occurs.</doc>
<kw name="KW: Store response, convert to json &amp; string and then get value from json." library="ckv_functions">
<arg>${websocket receive results}</arg>
<arg>$.Error</arg>
<arg>true</arg>
<arg>0</arg>
<doc>Get specific KEY:Value from Json</doc>
<kw name="Convert To String" library="BuiltIn">
<var>${json content}</var>
<arg>${response}</arg>
<doc>Converts the given item to a Unicode string.</doc>
<msg timestamp="20231019 22:57:07.042" level="INFO">${json content} = {"Error":"Query parameter not found","Description":"A query parameter with 'name' as key and your name as value is a required for connecting to this WebSocket Server"}</msg>
<status status="PASS" starttime="20231019 22:57:07.042" endtime="20231019 22:57:07.042"/>
</kw>
<kw name="Set Global Variable" library="BuiltIn">
<arg>${json content}</arg>
<doc>Makes a variable available globally in all tests and suites.</doc>
<msg timestamp="20231019 22:57:07.043" level="INFO">${json content} = {"Error":"Query parameter not found","Description":"A query parameter with 'name' as key and your name as value is a required for connecting to this WebSocket Server"}</msg>
<status status="PASS" starttime="20231019 22:57:07.042" endtime="20231019 22:57:07.043"/>
</kw>
<kw name="Convert String To Json" library="JSONLibrary">
<var>${json}</var>
<arg>${json content}</arg>
<doc>Convert String to JSON object</doc>
<msg timestamp="20231019 22:57:07.043" level="INFO">${json} = {'Error': 'Query parameter not found', 'Description': "A query parameter with 'name' as key and your name as value is a required for connecting to this WebSocket Server"}</msg>
<status status="PASS" starttime="20231019 22:57:07.043" endtime="20231019 22:57:07.043"/>
</kw>
<kw name="Get Value From Json" library="JSONLibrary">
<var>${json values}</var>
<arg>${json}</arg>
<arg>${key}</arg>
<arg>fail_on_empty=${flag}</arg>
<doc>Get Value From JSON using JSONPath</doc>
<msg timestamp="20231019 22:57:07.063" level="INFO">${json values} = ['Query parameter not found']</msg>
<status status="PASS" starttime="20231019 22:57:07.043" endtime="20231019 22:57:07.063"/>
</kw>
<kw name="Set Global Variable" library="BuiltIn">
<arg>${json values}</arg>
<doc>Makes a variable available globally in all tests and suites.</doc>
<msg timestamp="20231019 22:57:07.063" level="INFO">${json values} = ['Query parameter not found']</msg>
<status status="PASS" starttime="20231019 22:57:07.063" endtime="20231019 22:57:07.063"/>
</kw>
<kw name="Get From List" library="Collections">
<var>${value from the list}</var>
<arg>${json values}</arg>
<arg>${indexes}</arg>
<doc>Returns the value specified with an ``index`` from ``list``.</doc>
<msg timestamp="20231019 22:57:07.063" level="INFO">${value from the list} = Query parameter not found</msg>
<status status="PASS" starttime="20231019 22:57:07.063" endtime="20231019 22:57:07.063"/>
</kw>
<kw name="Convert To String" library="BuiltIn">
<var>${list value}</var>
<arg>${value from the list}</arg>
<doc>Converts the given item to a Unicode string.</doc>
<msg timestamp="20231019 22:57:07.063" level="INFO">${list value} = Query parameter not found</msg>
<status status="PASS" starttime="20231019 22:57:07.063" endtime="20231019 22:57:07.063"/>
</kw>
<kw name="Set Global Variable" library="BuiltIn">
<arg>${list value}</arg>
<doc>Makes a variable available globally in all tests and suites.</doc>
<msg timestamp="20231019 22:57:07.064" level="INFO">${list value} = Query parameter not found</msg>
<status status="PASS" starttime="20231019 22:57:07.064" endtime="20231019 22:57:07.064"/>
</kw>
<status status="PASS" starttime="20231019 22:57:07.042" endtime="20231019 22:57:07.064"/>
</kw>
<status status="PASS" starttime="20231019 22:57:07.041" endtime="20231019 22:57:07.064"/>
</kw>
<kw name="Run Keyword And Continue On Failure" library="BuiltIn">
<arg>KW: WebSocket BulitIn Response Assertion</arg>
<arg>${ws Query parameter not found alert}</arg>
<arg>${list value}</arg>
<doc>Runs the keyword and continues execution even if a failure occurs.</doc>
<kw name="KW: WebSocket BulitIn Response Assertion" library="ckv_functions">
<arg>${ws Query parameter not found alert}</arg>
<arg>${list value}</arg>
<doc>Close the websocket server With Reason.</doc>
<kw name="Should Be Equal" library="BuiltIn">
<arg>${assertion value}</arg>
<arg>${result value}</arg>
<doc>Fails if the given objects are unequal.</doc>
<status status="PASS" starttime="20231019 22:57:07.064" endtime="20231019 22:57:07.064"/>
</kw>
<status status="PASS" starttime="20231019 22:57:07.064" endtime="20231019 22:57:07.064"/>
</kw>
<status status="PASS" starttime="20231019 22:57:07.064" endtime="20231019 22:57:07.065"/>
</kw>
<kw name="Run Keyword And Continue On Failure" library="BuiltIn">
<arg>KW: Store response, convert to json &amp; string and then get value from json.</arg>
<arg>${websocket receive results}</arg>
<arg>$.Description</arg>
<arg>true</arg>
<arg>0</arg>
<doc>Runs the keyword and continues execution even if a failure occurs.</doc>
<kw name="KW: Store response, convert to json &amp; string and then get value from json." library="ckv_functions">
<arg>${websocket receive results}</arg>
<arg>$.Description</arg>
<arg>true</arg>
<arg>0</arg>
<doc>Get specific KEY:Value from Json</doc>
<kw name="Convert To String" library="BuiltIn">
<var>${json content}</var>
<arg>${response}</arg>
<doc>Converts the given item to a Unicode string.</doc>
<msg timestamp="20231019 22:57:07.065" level="INFO">${json content} = {"Error":"Query parameter not found","Description":"A query parameter with 'name' as key and your name as value is a required for connecting to this WebSocket Server"}</msg>
<status status="PASS" starttime="20231019 22:57:07.065" endtime="20231019 22:57:07.065"/>
</kw>
<kw name="Set Global Variable" library="BuiltIn">
<arg>${json content}</arg>
<doc>Makes a variable available globally in all tests and suites.</doc>
<msg timestamp="20231019 22:57:07.065" level="INFO">${json content} = {"Error":"Query parameter not found","Description":"A query parameter with 'name' as key and your name as value is a required for connecting to this WebSocket Server"}</msg>
<status status="PASS" starttime="20231019 22:57:07.065" endtime="20231019 22:57:07.065"/>
</kw>
<kw name="Convert String To Json" library="JSONLibrary">
<var>${json}</var>
<arg>${json content}</arg>
<doc>Convert String to JSON object</doc>
<msg timestamp="20231019 22:57:07.066" level="INFO">${json} = {'Error': 'Query parameter not found', 'Description': "A query parameter with 'name' as key and your name as value is a required for connecting to this WebSocket Server"}</msg>
<status status="PASS" starttime="20231019 22:57:07.065" endtime="20231019 22:57:07.066"/>
</kw>
<kw name="Get Value From Json" library="JSONLibrary">
<var>${json values}</var>
<arg>${json}</arg>
<arg>${key}</arg>
<arg>fail_on_empty=${flag}</arg>
<doc>Get Value From JSON using JSONPath</doc>
<msg timestamp="20231019 22:57:07.076" level="INFO">${json values} = ["A query parameter with 'name' as key and your name as value is a required for connecting to this WebSocket Server"]</msg>
<status status="PASS" starttime="20231019 22:57:07.066" endtime="20231019 22:57:07.076"/>
</kw>
<kw name="Set Global Variable" library="BuiltIn">
<arg>${json values}</arg>
<doc>Makes a variable available globally in all tests and suites.</doc>
<msg timestamp="20231019 22:57:07.076" level="INFO">${json values} = ["A query parameter with 'name' as key and your name as value is a required for connecting to this WebSocket Server"]</msg>
<status status="PASS" starttime="20231019 22:57:07.076" endtime="20231019 22:57:07.076"/>
</kw>
<kw name="Get From List" library="Collections">
<var>${value from the list}</var>
<arg>${json values}</arg>
<arg>${indexes}</arg>
<doc>Returns the value specified with an ``index`` from ``list``.</doc>
<msg timestamp="20231019 22:57:07.077" level="INFO">${value from the list} = A query parameter with 'name' as key and your name as value is a required for connecting to this WebSocket Server</msg>
<status status="PASS" starttime="20231019 22:57:07.076" endtime="20231019 22:57:07.077"/>
</kw>
<kw name="Convert To String" library="BuiltIn">
<var>${list value}</var>
<arg>${value from the list}</arg>
<doc>Converts the given item to a Unicode string.</doc>
<msg timestamp="20231019 22:57:07.077" level="INFO">${list value} = A query parameter with 'name' as key and your name as value is a required for connecting to this WebSocket Server</msg>
<status status="PASS" starttime="20231019 22:57:07.077" endtime="20231019 22:57:07.077"/>
</kw>
<kw name="Set Global Variable" library="BuiltIn">
<arg>${list value}</arg>
<doc>Makes a variable available globally in all tests and suites.</doc>
<msg timestamp="20231019 22:57:07.077" level="INFO">${list value} = A query parameter with 'name' as key and your name as value is a required for connecting to this WebSocket Server</msg>
<status status="PASS" starttime="20231019 22:57:07.077" endtime="20231019 22:57:07.077"/>
</kw>
<status status="PASS" starttime="20231019 22:57:07.065" endtime="20231019 22:57:07.077"/>
</kw>
<status status="PASS" starttime="20231019 22:57:07.065" endtime="20231019 22:57:07.077"/>
</kw>
<kw name="Run Keyword And Continue On Failure" library="BuiltIn">
<arg>KW: WebSocket BulitIn Response Assertion</arg>
<arg>${ws parameter name key alert}</arg>
<arg>${list value}</arg>
<doc>Runs the keyword and continues execution even if a failure occurs.</doc>
<kw name="KW: WebSocket BulitIn Response Assertion" library="ckv_functions">
<arg>${ws parameter name key alert}</arg>
<arg>${list value}</arg>
<doc>Close the websocket server With Reason.</doc>
<kw name="Should Be Equal" library="BuiltIn">
<arg>${assertion value}</arg>
<arg>${result value}</arg>
<doc>Fails if the given objects are unequal.</doc>
<status status="PASS" starttime="20231019 22:57:07.078" endtime="20231019 22:57:07.078"/>
</kw>
<status status="PASS" starttime="20231019 22:57:07.077" endtime="20231019 22:57:07.078"/>
</kw>
<status status="PASS" starttime="20231019 22:57:07.077" endtime="20231019 22:57:07.078"/>
</kw>
<kw name="Run Keyword And Continue On Failure" library="BuiltIn">
<arg>KW: WebSocketClient Recv</arg>
<arg>${websocket session_name}</arg>
<doc>Runs the keyword and continues execution even if a failure occurs.</doc>
<kw name="KW: WebSocketClient Recv" library="ckv_functions">
<arg>${websocket session_name}</arg>
<doc>Receive the message from the Websocket server.</doc>
<kw name="Recv" library="WebSocketClient">
<var>${websocket receive results}</var>
<arg>${websocket session_name_arg}</arg>
<msg timestamp="20231019 22:57:07.078" level="INFO">${websocket receive results} = Configure the request correctly and try to connect again</msg>
<status status="PASS" starttime="20231019 22:57:07.078" endtime="20231019 22:57:07.078"/>
</kw>
<kw name="Set Global Variable" library="BuiltIn">
<arg>${websocket receive results}</arg>
<doc>Makes a variable available globally in all tests and suites.</doc>
<msg timestamp="20231019 22:57:07.078" level="INFO">${websocket receive results} = Configure the request correctly and try to connect again</msg>
<status status="PASS" starttime="20231019 22:57:07.078" endtime="20231019 22:57:07.078"/>
</kw>
<kw name="Convert To String" library="BuiltIn">
<var>${receive results converted to string}</var>
<arg>${websocket receive results}</arg>
<doc>Converts the given item to a Unicode string.</doc>
<msg timestamp="20231019 22:57:07.079" level="INFO">${receive results converted to string} = Configure the request correctly and try to connect again</msg>
<status status="PASS" starttime="20231019 22:57:07.078" endtime="20231019 22:57:07.079"/>
</kw>
<kw name="Set Global Variable" library="BuiltIn">
<arg>${receive results converted to string}</arg>
<doc>Makes a variable available globally in all tests and suites.</doc>
<msg timestamp="20231019 22:57:07.079" level="INFO">${receive results converted to string} = Configure the request correctly and try to connect again</msg>
<status status="PASS" starttime="20231019 22:57:07.079" endtime="20231019 22:57:07.079"/>
</kw>
<status status="PASS" starttime="20231019 22:57:07.078" endtime="20231019 22:57:07.079"/>
</kw>
<status status="PASS" starttime="20231019 22:57:07.078" endtime="20231019 22:57:07.079"/>
</kw>
<kw name="Run Keyword And Continue On Failure" library="BuiltIn">
<arg>KW: WebSocket BulitIn Response Assertion</arg>
<arg>${ws Configure the request alert}</arg>
<arg>${receive results converted to string}</arg>
<doc>Runs the keyword and continues execution even if a failure occurs.</doc>
<kw name="KW: WebSocket BulitIn Response Assertion" library="ckv_functions">
<arg>${ws Configure the request alert}</arg>
<arg>${receive results converted to string}</arg>
<doc>Close the websocket server With Reason.</doc>
<kw name="Should Be Equal" library="BuiltIn">
<arg>${assertion value}</arg>
<arg>${result value}</arg>
<doc>Fails if the given objects are unequal.</doc>
<status status="PASS" starttime="20231019 22:57:07.079" endtime="20231019 22:57:07.079"/>
</kw>
<status status="PASS" starttime="20231019 22:57:07.079" endtime="20231019 22:57:07.079"/>
</kw>
<status status="PASS" starttime="20231019 22:57:07.079" endtime="20231019 22:57:07.080"/>
</kw>
<doc>This TC is to Connect to null reserve keyword and validate the reply from the socket server.</doc>
<tag>positive</tag>
<tag>sanity</tag>
<status status="PASS" starttime="20231019 22:57:05.857" endtime="20231019 22:57:07.080"/>
</test>
<doc>This robot file will execute only the raw cases with query parameters.</doc>
<status status="PASS" starttime="20231019 22:57:04.208" endtime="20231019 22:57:07.080"/>
</suite>
<suite id="s1-s3" name="Test3 Echo Header" source="/Users/rajeevpramanik/Documents/GitHub/robotframework/package_websocket/test_suite/test3_echo_header.robot">
<kw name="KW: Environment Specific" library="setup_teardown_func" type="SETUP">
<arg>${environment}</arg>
<doc>Condition where all host are stored in one place based on the env it will get executed.</doc>
<try>
<branch type="TRY">
<if>
<branch type="IF" condition="&quot;${environment}&quot; == &quot;uat&quot;">
<kw name="Run Keyword" library="BuiltIn">
<arg>KW: UAT host url's</arg>
<doc>Executes the given keyword with the given arguments.</doc>
<kw name="KW: UAT host url's" library="setup_teardown_func">
<doc>UAT environment host urls.</doc>
<kw name="Set Variable" library="BuiltIn">
<var>${ws host url}</var>
<arg>wss://ws.postman-echo.com</arg>
<doc>Returns the given values which can then be assigned to a variables.</doc>
<msg timestamp="20231019 22:57:07.084" level="INFO">${ws host url} = wss://ws.postman-echo.com</msg>
<status status="PASS" starttime="20231019 22:57:07.084" endtime="20231019 22:57:07.084"/>
</kw>
<kw name="Set Variable" library="BuiltIn">
<var>${api host url}</var>
<arg>https://postman-echo.com</arg>
<doc>Returns the given values which can then be assigned to a variables.</doc>
<msg timestamp="20231019 22:57:07.085" level="INFO">${api host url} = https://postman-echo.com</msg>
<status status="PASS" starttime="20231019 22:57:07.084" endtime="20231019 22:57:07.085"/>
</kw>
<kw name="Set Global Variable" library="BuiltIn">
<arg>${ws host url}</arg>
<doc>Makes a variable available globally in all tests and suites.</doc>
<msg timestamp="20231019 22:57:07.085" level="INFO">${ws host url} = wss://ws.postman-echo.com</msg>
<status status="PASS" starttime="20231019 22:57:07.085" endtime="20231019 22:57:07.085"/>
</kw>
<kw name="Set Global Variable" library="BuiltIn">
<arg>${api host url}</arg>
<doc>Makes a variable available globally in all tests and suites.</doc>
<msg timestamp="20231019 22:57:07.085" level="INFO">${api host url} = https://postman-echo.com</msg>
<status status="PASS" starttime="20231019 22:57:07.085" endtime="20231019 22:57:07.085"/>
</kw>
<status status="PASS" starttime="20231019 22:57:07.084" endtime="20231019 22:57:07.085"/>
</kw>
<status status="PASS" starttime="20231019 22:57:07.084" endtime="20231019 22:57:07.085"/>
</kw>
<status status="PASS" starttime="20231019 22:57:07.084" endtime="20231019 22:57:07.085"/>
</branch>
<branch type="ELSE IF" condition="&quot;${environment}&quot; == &quot;staging&quot;">
<kw name="Run Keyword" library="BuiltIn">
<arg>KW: STAGING host url's</arg>
<doc>Executes the given keyword with the given arguments.</doc>
<status status="NOT RUN" starttime="20231019 22:57:07.085" endtime="20231019 22:57:07.085"/>
</kw>
<status status="NOT RUN" starttime="20231019 22:57:07.085" endtime="20231019 22:57:07.085"/>
</branch>
<status status="PASS" starttime="20231019 22:57:07.084" endtime="20231019 22:57:07.085"/>
</if>
<status status="PASS" starttime="20231019 22:57:07.084" endtime="20231019 22:57:07.085"/>
</branch>
<branch type="EXCEPT">
<kw name="Log" library="BuiltIn">
<arg>Exception! the current environment "${environment}" is not functionable.</arg>
<doc>Logs the given message with the given level.</doc>
<status status="NOT RUN" starttime="20231019 22:57:07.085" endtime="20231019 22:57:07.085"/>
</kw>
<status status="NOT RUN" starttime="20231019 22:57:07.085" endtime="20231019 22:57:07.085"/>
</branch>
<branch type="FINALLY">
<kw name="Log" library="BuiltIn">
<arg>Finally! the current environment "${environment}" is functionable.</arg>
<doc>Logs the given message with the given level.</doc>
<msg timestamp="20231019 22:57:07.086" level="INFO">Finally! the current environment "uat" is functionable.</msg>
<status status="PASS" starttime="20231019 22:57:07.086" endtime="20231019 22:57:07.086"/>
</kw>
<status status="PASS" starttime="20231019 22:57:07.085" endtime="20231019 22:57:07.086"/>
</branch>
<status status="PASS" starttime="20231019 22:57:07.084" endtime="20231019 22:57:07.086"/>
</try>
<status status="PASS" starttime="20231019 22:57:07.084" endtime="20231019 22:57:07.086"/>
</kw>
<test id="s1-s3-t1" name="TC1: WS Connect with valid header, assert the reply and close the socket." line="8">
<kw name="Create Dictionary" library="BuiltIn">
<var>${ws header dic}</var>
<arg>email=rajeev@hotmail.com</arg>
<doc>Creates and returns a dictionary based on the given ``items``.</doc>
<msg timestamp="20231019 22:57:07.086" level="INFO">${ws header dic} = {'email': 'rajeev@hotmail.com'}</msg>
<status status="PASS" starttime="20231019 22:57:07.086" endtime="20231019 22:57:07.086"/>
</kw>
<kw name="KW: WebSocketClient Connect" library="ckv_functions">
<arg>${ws host url}</arg>
<arg>${ws headers path}</arg>
<arg>${ws header dic}</arg>
<doc>Create a WebSocket session to a server.
With an alias, where Robot Framework alias is to identify the session.
Ex: wss://ws.postman-echo.com/raw    header=["User-Agent: MyProgram","x-custom: header"]</doc>
<kw name="Connect" library="WebSocketClient">
<var>${websocket session_name}</var>
<arg>${ws_host_url_arg}/${ws_paths_arg}</arg>
<arg>header=${headers}</arg>
<msg timestamp="20231019 22:57:08.251" level="INFO">${websocket session_name} = &lt;websocket._core.WebSocket object at 0x10f546d90&gt;</msg>
<status status="PASS" starttime="20231019 22:57:07.087" endtime="20231019 22:57:08.251"/>
</kw>
<kw name="Set Global Variable" library="BuiltIn">
<arg>${websocket session_name}</arg>
<doc>Makes a variable available globally in all tests and suites.</doc>
<msg timestamp="20231019 22:57:08.252" level="INFO">${websocket session_name} = &lt;websocket._core.WebSocket object at 0x10f546d90&gt;</msg>
<status status="PASS" starttime="20231019 22:57:08.252" endtime="20231019 22:57:08.253"/>
</kw>
<status status="PASS" starttime="20231019 22:57:07.086" endtime="20231019 22:57:08.253"/>
</kw>
<kw name="KW: WebSocketClient Recv" library="ckv_functions">
<arg>${websocket session_name}</arg>
<doc>Receive the message from the Websocket server.</doc>
<kw name="Recv" library="WebSocketClient">
<var>${websocket receive results}</var>
<arg>${websocket session_name_arg}</arg>
<msg timestamp="20231019 22:57:08.255" level="INFO">${websocket receive results} = Configuration Successful!! Server has started 🎉🎉🎉🎉</msg>
<status status="PASS" starttime="20231019 22:57:08.254" endtime="20231019 22:57:08.255"/>
</kw>
<kw name="Set Global Variable" library="BuiltIn">
<arg>${websocket receive results}</arg>
<doc>Makes a variable available globally in all tests and suites.</doc>
<msg timestamp="20231019 22:57:08.256" level="INFO">${websocket receive results} = Configuration Successful!! Server has started 🎉🎉🎉🎉</msg>
<status status="PASS" starttime="20231019 22:57:08.255" endtime="20231019 22:57:08.256"/>
</kw>
<kw name="Convert To String" library="BuiltIn">
<var>${receive results converted to string}</var>
<arg>${websocket receive results}</arg>
<doc>Converts the given item to a Unicode string.</doc>
<msg timestamp="20231019 22:57:08.257" level="INFO">${receive results converted to string} = Configuration Successful!! Server has started 🎉🎉🎉🎉</msg>
<status status="PASS" starttime="20231019 22:57:08.256" endtime="20231019 22:57:08.257"/>
</kw>
<kw name="Set Global Variable" library="BuiltIn">
<arg>${receive results converted to string}</arg>
<doc>Makes a variable available globally in all tests and suites.</doc>
<msg timestamp="20231019 22:57:08.257" level="INFO">${receive results converted to string} = Configuration Successful!! Server has started 🎉🎉🎉🎉</msg>
<status status="PASS" starttime="20231019 22:57:08.257" endtime="20231019 22:57:08.257"/>
</kw>
<status status="PASS" starttime="20231019 22:57:08.253" endtime="20231019 22:57:08.258"/>
</kw>
<kw name="KW: WebSocketClient Recv" library="ckv_functions">
<arg>${websocket session_name}</arg>
<doc>Receive the message from the Websocket server.</doc>
<kw name="Recv" library="WebSocketClient">
<var>${websocket receive results}</var>
<arg>${websocket session_name_arg}</arg>
<msg timestamp="20231019 22:57:08.258" level="INFO">${websocket receive results} = Now, send a word to the server to know the number of consonants in it</msg>
<status status="PASS" starttime="20231019 22:57:08.258" endtime="20231019 22:57:08.258"/>
</kw>
<kw name="Set Global Variable" library="BuiltIn">
<arg>${websocket receive results}</arg>
<doc>Makes a variable available globally in all tests and suites.</doc>
<msg timestamp="20231019 22:57:08.259" level="INFO">${websocket receive results} = Now, send a word to the server to know the number of consonants in it</msg>
<status status="PASS" starttime="20231019 22:57:08.259" endtime="20231019 22:57:08.259"/>
</kw>
<kw name="Convert To String" library="BuiltIn">
<var>${receive results converted to string}</var>
<arg>${websocket receive results}</arg>
<doc>Converts the given item to a Unicode string.</doc>
<msg timestamp="20231019 22:57:08.259" level="INFO">${receive results converted to string} = Now, send a word to the server to know the number of consonants in it</msg>
<status status="PASS" starttime="20231019 22:57:08.259" endtime="20231019 22:57:08.259"/>
</kw>
<kw name="Set Global Variable" library="BuiltIn">
<arg>${receive results converted to string}</arg>
<doc>Makes a variable available globally in all tests and suites.</doc>
<msg timestamp="20231019 22:57:08.260" level="INFO">${receive results converted to string} = Now, send a word to the server to know the number of consonants in it</msg>
<status status="PASS" starttime="20231019 22:57:08.259" endtime="20231019 22:57:08.260"/>
</kw>
<status status="PASS" starttime="20231019 22:57:08.258" endtime="20231019 22:57:08.260"/>
</kw>
<kw name="KW: WebSocketClient Send" library="ckv_functions">
<arg>${websocket session_name}</arg>
<arg>${texts}</arg>
<doc>Send the message from the Websocket server.</doc>
<kw name="Send" library="WebSocketClient">
<arg>${websocket session_name_arg}</arg>
<arg>${messages}</arg>
<status status="PASS" starttime="20231019 22:57:08.260" endtime="20231019 22:57:08.261"/>
</kw>
<status status="PASS" starttime="20231019 22:57:08.260" endtime="20231019 22:57:08.261"/>
</kw>
<kw name="KW: WebSocketClient Recv" library="ckv_functions">
<arg>${websocket session_name}</arg>
<doc>Receive the message from the Websocket server.</doc>
<kw name="Recv" library="WebSocketClient">
<var>${websocket receive results}</var>
<arg>${websocket session_name_arg}</arg>
<msg timestamp="20231019 22:57:08.571" level="INFO">${websocket receive results} = Number of consonants in all is well are 8</msg>
<status status="PASS" starttime="20231019 22:57:08.261" endtime="20231019 22:57:08.571"/>
</kw>
<kw name="Set Global Variable" library="BuiltIn">
<arg>${websocket receive results}</arg>
<doc>Makes a variable available globally in all tests and suites.</doc>
<msg timestamp="20231019 22:57:08.572" level="INFO">${websocket receive results} = Number of consonants in all is well are 8</msg>
<status status="PASS" starttime="20231019 22:57:08.571" endtime="20231019 22:57:08.572"/>
</kw>
<kw name="Convert To String" library="BuiltIn">
<var>${receive results converted to string}</var>
<arg>${websocket receive results}</arg>
<doc>Converts the given item to a Unicode string.</doc>
<msg timestamp="20231019 22:57:08.572" level="INFO">${receive results converted to string} = Number of consonants in all is well are 8</msg>
<status status="PASS" starttime="20231019 22:57:08.572" endtime="20231019 22:57:08.572"/>
</kw>
<kw name="Set Global Variable" library="BuiltIn">
<arg>${receive results converted to string}</arg>
<doc>Makes a variable available globally in all tests and suites.</doc>
<msg timestamp="20231019 22:57:08.573" level="INFO">${receive results converted to string} = Number of consonants in all is well are 8</msg>
<status status="PASS" starttime="20231019 22:57:08.572" endtime="20231019 22:57:08.573"/>
</kw>
<status status="PASS" starttime="20231019 22:57:08.261" endtime="20231019 22:57:08.573"/>
</kw>
<kw name="KW: WebSocket BulitIn Response Assertion" library="ckv_functions">
<arg>Number of consonants in all is well are 8</arg>
<arg>${receive results converted to string}</arg>
<doc>Close the websocket server With Reason.</doc>
<kw name="Should Be Equal" library="BuiltIn">
<arg>${assertion value}</arg>
<arg>${result value}</arg>
<doc>Fails if the given objects are unequal.</doc>
<status status="PASS" starttime="20231019 22:57:08.574" endtime="20231019 22:57:08.574"/>
</kw>
<status status="PASS" starttime="20231019 22:57:08.573" endtime="20231019 22:57:08.574"/>
</kw>
<kw name="KW: WebSocketClient Close" library="ckv_functions">
<arg>${websocket session_name}</arg>
<doc>Close the opened WebSocket session to a server.</doc>
<kw name="Close" library="WebSocketClient">
<arg>${websocket session_name_arg}</arg>
<status status="PASS" starttime="20231019 22:57:08.575" endtime="20231019 22:57:08.863"/>
</kw>
<status status="PASS" starttime="20231019 22:57:08.574" endtime="20231019 22:57:08.863"/>
</kw>
<doc>This TC is to Connect with header, assert the reply and close the socket.</doc>
<tag>positive</tag>
<tag>sanity</tag>
<status status="PASS" starttime="20231019 22:57:07.086" endtime="20231019 22:57:08.863"/>
</test>
<test id="s1-s3-t2" name="TC2: WS Connect without header, assert the reply and close the socket." line="24">
<kw name="Run Keyword And Continue On Failure" library="BuiltIn">
<arg>KW: WebSocketClient Connect</arg>
<arg>${ws host url}</arg>
<arg>${ws headers path}</arg>
<arg>${None}</arg>
<doc>Runs the keyword and continues execution even if a failure occurs.</doc>
<kw name="KW: WebSocketClient Connect" library="ckv_functions">
<arg>${ws host url}</arg>
<arg>${ws headers path}</arg>
<arg>${None}</arg>
<doc>Create a WebSocket session to a server.
With an alias, where Robot Framework alias is to identify the session.
Ex: wss://ws.postman-echo.com/raw    header=["User-Agent: MyProgram","x-custom: header"]</doc>
<kw name="Connect" library="WebSocketClient">
<var>${websocket session_name}</var>
<arg>${ws_host_url_arg}/${ws_paths_arg}</arg>
<arg>header=${headers}</arg>
<msg timestamp="20231019 22:57:10.005" level="INFO">${websocket session_name} = &lt;websocket._core.WebSocket object at 0x10f586350&gt;</msg>
<status status="PASS" starttime="20231019 22:57:08.866" endtime="20231019 22:57:10.005"/>
</kw>
<kw name="Set Global Variable" library="BuiltIn">
<arg>${websocket session_name}</arg>
<doc>Makes a variable available globally in all tests and suites.</doc>
<msg timestamp="20231019 22:57:10.006" level="INFO">${websocket session_name} = &lt;websocket._core.WebSocket object at 0x10f586350&gt;</msg>
<status status="PASS" starttime="20231019 22:57:10.006" endtime="20231019 22:57:10.006"/>
</kw>
<status status="PASS" starttime="20231019 22:57:08.865" endtime="20231019 22:57:10.006"/>
</kw>
<status status="PASS" starttime="20231019 22:57:08.865" endtime="20231019 22:57:10.007"/>
</kw>
<kw name="KW: WebSocketClient Recv" library="ckv_functions">
<arg>${websocket session_name}</arg>
<doc>Receive the message from the Websocket server.</doc>
<kw name="Recv" library="WebSocketClient">
<var>${websocket receive results}</var>
<arg>${websocket session_name_arg}</arg>
<msg timestamp="20231019 22:57:10.008" level="INFO">${websocket receive results} = {"Error":"Header not found","Description":"A header with 'email' as key and your email ID as value is a required for connecting to this WebSocket Server"}</msg>
<status status="PASS" starttime="20231019 22:57:10.007" endtime="20231019 22:57:10.008"/>
</kw>
<kw name="Set Global Variable" library="BuiltIn">
<arg>${websocket receive results}</arg>
<doc>Makes a variable available globally in all tests and suites.</doc>
<msg timestamp="20231019 22:57:10.008" level="INFO">${websocket receive results} = {"Error":"Header not found","Description":"A header with 'email' as key and your email ID as value is a required for connecting to this WebSocket Server"}</msg>
<status status="PASS" starttime="20231019 22:57:10.008" endtime="20231019 22:57:10.008"/>
</kw>
<kw name="Convert To String" library="BuiltIn">
<var>${receive results converted to string}</var>
<arg>${websocket receive results}</arg>
<doc>Converts the given item to a Unicode string.</doc>
<msg timestamp="20231019 22:57:10.009" level="INFO">${receive results converted to string} = {"Error":"Header not found","Description":"A header with 'email' as key and your email ID as value is a required for connecting to this WebSocket Server"}</msg>
<status status="PASS" starttime="20231019 22:57:10.009" endtime="20231019 22:57:10.009"/>
</kw>
<kw name="Set Global Variable" library="BuiltIn">
<arg>${receive results converted to string}</arg>
<doc>Makes a variable available globally in all tests and suites.</doc>
<msg timestamp="20231019 22:57:10.010" level="INFO">${receive results converted to string} = {"Error":"Header not found","Description":"A header with 'email' as key and your email ID as value is a required for connecting to this WebSocket Server"}</msg>
<status status="PASS" starttime="20231019 22:57:10.010" endtime="20231019 22:57:10.010"/>
</kw>
<status status="PASS" starttime="20231019 22:57:10.007" endtime="20231019 22:57:10.010"/>
</kw>
<kw name="KW: WebSocketClient Recv" library="ckv_functions">
<arg>${websocket session_name}</arg>
<doc>Receive the message from the Websocket server.</doc>
<kw name="Recv" library="WebSocketClient">
<var>${websocket receive results}</var>
<arg>${websocket session_name_arg}</arg>
<msg timestamp="20231019 22:57:10.011" level="INFO">${websocket receive results} = Configure the request correctly and try to connect again</msg>
<status status="PASS" starttime="20231019 22:57:10.011" endtime="20231019 22:57:10.011"/>
</kw>
<kw name="Set Global Variable" library="BuiltIn">
<arg>${websocket receive results}</arg>
<doc>Makes a variable available globally in all tests and suites.</doc>
<msg timestamp="20231019 22:57:10.011" level="INFO">${websocket receive results} = Configure the request correctly and try to connect again</msg>
<status status="PASS" starttime="20231019 22:57:10.011" endtime="20231019 22:57:10.011"/>
</kw>
<kw name="Convert To String" library="BuiltIn">
<var>${receive results converted to string}</var>
<arg>${websocket receive results}</arg>
<doc>Converts the given item to a Unicode string.</doc>
[...]
</kw>
<kw name="Run Keyword And Continue On Failure" library="BuiltIn">
<arg>KW: Store response, convert to json &amp; string and then get value from json.</arg>
<arg>${websocket receive results}</arg>
<arg>$.Error</arg>
<arg>true</arg>
<arg>0</arg>
<doc>Runs the keyword and continues execution even if a failure occurs.</doc>
<kw name="KW: Store response, convert to json &amp; string and then get value from json." library="ckv_functions">
<arg>${websocket receive results}</arg>
<arg>$.Error</arg>
<arg>true</arg>
<arg>0</arg>
<doc>Get specific KEY:Value from Json</doc>
<kw name="Convert To String" library="BuiltIn">
<var>${json content}</var>
<arg>${response}</arg>
<doc>Converts the given item to a Unicode string.</doc>
<msg timestamp="20231019 22:57:13.129" level="INFO">${json content} = {"Error":"Invalid JSON found","Description":"The message sent is not in proper JSON format, please try again. "}</msg>
<status status="PASS" starttime="20231019 22:57:13.128" endtime="20231019 22:57:13.129"/>
</kw>
<kw name="Set Global Variable" library="BuiltIn">
<arg>${json content}</arg>
<doc>Makes a variable available globally in all tests and suites.</doc>
<msg timestamp="20231019 22:57:13.129" level="INFO">${json content} = {"Error":"Invalid JSON found","Description":"The message sent is not in proper JSON format, please try again. "}</msg>
<status status="PASS" starttime="20231019 22:57:13.129" endtime="20231019 22:57:13.129"/>
</kw>
<kw name="Convert String To Json" library="JSONLibrary">
<var>${json}</var>
<arg>${json content}</arg>
<doc>Convert String to JSON object</doc>
<msg timestamp="20231019 22:57:13.130" level="INFO">${json} = {'Error': 'Invalid JSON found', 'Description': 'The message sent is not in proper JSON format, please try again. '}</msg>
<status status="PASS" starttime="20231019 22:57:13.129" endtime="20231019 22:57:13.130"/>
</kw>
<kw name="Get Value From Json" library="JSONLibrary">
<var>${json values}</var>
<arg>${json}</arg>
<arg>${key}</arg>
<arg>fail_on_empty=${flag}</arg>
<doc>Get Value From JSON using JSONPath</doc>
<msg timestamp="20231019 22:57:13.149" level="INFO">${json values} = ['Invalid JSON found']</msg>
<status status="PASS" starttime="20231019 22:57:13.130" endtime="20231019 22:57:13.149"/>
</kw>
<kw name="Set Global Variable" library="BuiltIn">
<arg>${json values}</arg>
<doc>Makes a variable available globally in all tests and suites.</doc>
<msg timestamp="20231019 22:57:13.149" level="INFO">${json values} = ['Invalid JSON found']</msg>
<status status="PASS" starttime="20231019 22:57:13.149" endtime="20231019 22:57:13.149"/>
</kw>
<kw name="Get From List" library="Collections">
<var>${value from the list}</var>
<arg>${json values}</arg>
<arg>${indexes}</arg>
<doc>Returns the value specified with an ``index`` from ``list``.</doc>
<msg timestamp="20231019 22:57:13.149" level="INFO">${value from the list} = Invalid JSON found</msg>
<status status="PASS" starttime="20231019 22:57:13.149" endtime="20231019 22:57:13.149"/>
</kw>
<kw name="Convert To String" library="BuiltIn">
<var>${list value}</var>
<arg>${value from the list}</arg>
<doc>Converts the given item to a Unicode string.</doc>
<msg timestamp="20231019 22:57:13.150" level="INFO">${list value} = Invalid JSON found</msg>
<status status="PASS" starttime="20231019 22:57:13.150" endtime="20231019 22:57:13.150"/>
</kw>
<kw name="Set Global Variable" library="BuiltIn">
<arg>${list value}</arg>
<doc>Makes a variable available globally in all tests and suites.</doc>
<msg timestamp="20231019 22:57:13.150" level="INFO">${list value} = Invalid JSON found</msg>
<status status="PASS" starttime="20231019 22:57:13.150" endtime="20231019 22:57:13.150"/>
</kw>
<status status="PASS" starttime="20231019 22:57:13.128" endtime="20231019 22:57:13.150"/>
</kw>
<status status="PASS" starttime="20231019 22:57:13.127" endtime="20231019 22:57:13.150"/>
</kw>
<kw name="Run Keyword And Continue On Failure" library="BuiltIn">
<arg>KW: WebSocket BulitIn Response Assertion</arg>
<arg>${ws Invalid JSON found}</arg>
<arg>${list value}</arg>
<doc>Runs the keyword and continues execution even if a failure occurs.</doc>
<kw name="KW: WebSocket BulitIn Response Assertion" library="ckv_functions">
<arg>${ws Invalid JSON found}</arg>
<arg>${list value}</arg>
<doc>Close the websocket server With Reason.</doc>
<kw name="Should Be Equal" library="BuiltIn">
<arg>${assertion value}</arg>
<arg>${result value}</arg>
<doc>Fails if the given objects are unequal.</doc>
<status status="PASS" starttime="20231019 22:57:13.151" endtime="20231019 22:57:13.151"/>
</kw>
<status status="PASS" starttime="20231019 22:57:13.150" endtime="20231019 22:57:13.151"/>
</kw>
<status status="PASS" starttime="20231019 22:57:13.150" endtime="20231019 22:57:13.151"/>
</kw>
<kw name="Run Keyword And Continue On Failure" library="BuiltIn">
<arg>KW: Store response, convert to json &amp; string and then get value from json.</arg>
<arg>${websocket receive results}</arg>
<arg>$.Description</arg>
<arg>true</arg>
<arg>0</arg>
<doc>Runs the keyword and continues execution even if a failure occurs.</doc>
<kw name="KW: Store response, convert to json &amp; string and then get value from json." library="ckv_functions">
<arg>${websocket receive results}</arg>
<arg>$.Description</arg>
<arg>true</arg>
<arg>0</arg>
<doc>Get specific KEY:Value from Json</doc>
<kw name="Convert To String" library="BuiltIn">
<var>${json content}</var>
<arg>${response}</arg>
<doc>Converts the given item to a Unicode string.</doc>
<msg timestamp="20231019 22:57:13.151" level="INFO">${json content} = {"Error":"Invalid JSON found","Description":"The message sent is not in proper JSON format, please try again. "}</msg>
<status status="PASS" starttime="20231019 22:57:13.151" endtime="20231019 22:57:13.151"/>
</kw>
<kw name="Set Global Variable" library="BuiltIn">
<arg>${json content}</arg>
<doc>Makes a variable available globally in all tests and suites.</doc>
<msg timestamp="20231019 22:57:13.152" level="INFO">${json content} = {"Error":"Invalid JSON found","Description":"The message sent is not in proper JSON format, please try again. "}</msg>
<status status="PASS" starttime="20231019 22:57:13.151" endtime="20231019 22:57:13.152"/>
</kw>
<kw name="Convert String To Json" library="JSONLibrary">
<var>${json}</var>
<arg>${json content}</arg>
<doc>Convert String to JSON object</doc>
<msg timestamp="20231019 22:57:13.152" level="INFO">${json} = {'Error': 'Invalid JSON found', 'Description': 'The message sent is not in proper JSON format, please try again. '}</msg>
<status status="PASS" starttime="20231019 22:57:13.152" endtime="20231019 22:57:13.152"/>
</kw>
<kw name="Get Value From Json" library="JSONLibrary">
<var>${json values}</var>
<arg>${json}</arg>
<arg>${key}</arg>
<arg>fail_on_empty=${flag}</arg>
<doc>Get Value From JSON using JSONPath</doc>
<msg timestamp="20231019 22:57:13.163" level="INFO">${json values} = ['The message sent is not in proper JSON format, please try again. ']</msg>
<status status="PASS" starttime="20231019 22:57:13.152" endtime="20231019 22:57:13.163"/>
</kw>
<kw name="Set Global Variable" library="BuiltIn">
<arg>${json values}</arg>
<doc>Makes a variable available globally in all tests and suites.</doc>
<msg timestamp="20231019 22:57:13.163" level="INFO">${json values} = ['The message sent is not in proper JSON format, please try again. ']</msg>
<status status="PASS" starttime="20231019 22:57:13.163" endtime="20231019 22:57:13.163"/>
</kw>
<kw name="Get From List" library="Collections">
<var>${value from the list}</var>
<arg>${json values}</arg>
<arg>${indexes}</arg>
<doc>Returns the value specified with an ``index`` from ``list``.</doc>
<msg timestamp="20231019 22:57:13.163" level="INFO">${value from the list} = The message sent is not in proper JSON format, please try again. </msg>
<status status="PASS" starttime="20231019 22:57:13.163" endtime="20231019 22:57:13.163"/>
</kw>
<kw name="Convert To String" library="BuiltIn">
<var>${list value}</var>
<arg>${value from the list}</arg>
<doc>Converts the given item to a Unicode string.</doc>
<msg timestamp="20231019 22:57:13.163" level="INFO">${list value} = The message sent is not in proper JSON format, please try again. </msg>
<status status="PASS" starttime="20231019 22:57:13.163" endtime="20231019 22:57:13.163"/>
</kw>
<kw name="Set Global Variable" library="BuiltIn">
<arg>${list value}</arg>
<doc>Makes a variable available globally in all tests and suites.</doc>
<msg timestamp="20231019 22:57:13.164" level="INFO">${list value} = The message sent is not in proper JSON format, please try again. </msg>
<status status="PASS" starttime="20231019 22:57:13.164" endtime="20231019 22:57:13.164"/>
</kw>
<status status="PASS" starttime="20231019 22:57:13.151" endtime="20231019 22:57:13.164"/>
</kw>
<status status="PASS" starttime="20231019 22:57:13.151" endtime="20231019 22:57:13.164"/>
</kw>
<kw name="Run Keyword And Continue On Failure" library="BuiltIn">
<arg>KW: WebSocket BulitIn Response Assertion</arg>
<arg>${ws JSON response alert}</arg>
<arg>${list value}</arg>
<doc>Runs the keyword and continues execution even if a failure occurs.</doc>
<kw name="KW: WebSocket BulitIn Response Assertion" library="ckv_functions">
<arg>${ws JSON response alert}</arg>
<arg>${list value}</arg>
<doc>Close the websocket server With Reason.</doc>
<kw name="Should Be Equal" library="BuiltIn">
<arg>${assertion value}</arg>
<arg>${result value}</arg>
<doc>Fails if the given objects are unequal.</doc>
<status status="PASS" starttime="20231019 22:57:13.164" endtime="20231019 22:57:13.164"/>
</kw>
<status status="PASS" starttime="20231019 22:57:13.164" endtime="20231019 22:57:13.164"/>
</kw>
<status status="PASS" starttime="20231019 22:57:13.164" endtime="20231019 22:57:13.164"/>
</kw>
<doc>This TC is to Connect, send without json, assert the reply and close the socket.</doc>
<tag>positive</tag>
<tag>sanity</tag>
<status status="PASS" starttime="20231019 22:57:11.750" endtime="20231019 22:57:13.164"/>
</test>
<doc>This robot file will execute only the raw cases with json.</doc>
<status status="PASS" starttime="20231019 22:57:10.014" endtime="20231019 22:57:13.165"/>
</suite>
<suite id="s1-s5" name="Test5 Echo Socketio Random" source="/Users/rajeevpramanik/Documents/GitHub/robotframework/package_websocket/test_suite/test5_echo_socketio_random.robot">
<kw name="KW: Environment Specific" library="setup_teardown_func" type="SETUP">
<arg>${environment}</arg>
<doc>Condition where all host are stored in one place based on the env it will get executed.</doc>
<try>
<branch type="TRY">
<if>
<branch type="IF" condition="&quot;${environment}&quot; == &quot;uat&quot;">
<kw name="Run Keyword" library="BuiltIn">
<arg>KW: UAT host url's</arg>
<doc>Executes the given keyword with the given arguments.</doc>
<kw name="KW: UAT host url's" library="setup_teardown_func">
<doc>UAT environment host urls.</doc>
<kw name="Set Variable" library="BuiltIn">
<var>${ws host url}</var>
<arg>wss://ws.postman-echo.com</arg>
<doc>Returns the given values which can then be assigned to a variables.</doc>
<msg timestamp="20231019 22:57:13.169" level="INFO">${ws host url} = wss://ws.postman-echo.com</msg>
<status status="PASS" starttime="20231019 22:57:13.169" endtime="20231019 22:57:13.169"/>
</kw>
<kw name="Set Variable" library="BuiltIn">
<var>${api host url}</var>
<arg>https://postman-echo.com</arg>
<doc>Returns the given values which can then be assigned to a variables.</doc>
<msg timestamp="20231019 22:57:13.169" level="INFO">${api host url} = https://postman-echo.com</msg>
<status status="PASS" starttime="20231019 22:57:13.169" endtime="20231019 22:57:13.169"/>
</kw>
<kw name="Set Global Variable" library="BuiltIn">
<arg>${ws host url}</arg>
<doc>Makes a variable available globally in all tests and suites.</doc>
<msg timestamp="20231019 22:57:13.169" level="INFO">${ws host url} = wss://ws.postman-echo.com</msg>
<status status="PASS" starttime="20231019 22:57:13.169" endtime="20231019 22:57:13.169"/>
</kw>
<kw name="Set Global Variable" library="BuiltIn">
<arg>${api host url}</arg>
<doc>Makes a variable available globally in all tests and suites.</doc>
<msg timestamp="20231019 22:57:13.170" level="INFO">${api host url} = https://postman-echo.com</msg>
<status status="PASS" starttime="20231019 22:57:13.169" endtime="20231019 22:57:13.170"/>
</kw>
<status status="PASS" starttime="20231019 22:57:13.169" endtime="20231019 22:57:13.170"/>
</kw>
<status status="PASS" starttime="20231019 22:57:13.169" endtime="20231019 22:57:13.170"/>
</kw>
<status status="PASS" starttime="20231019 22:57:13.169" endtime="20231019 22:57:13.170"/>
</branch>
<branch type="ELSE IF" condition="&quot;${environment}&quot; == &quot;staging&quot;">
<kw name="Run Keyword" library="BuiltIn">
<arg>KW: STAGING host url's</arg>
<doc>Executes the given keyword with the given arguments.</doc>
<status status="NOT RUN" starttime="20231019 22:57:13.170" endtime="20231019 22:57:13.170"/>
</kw>
<status status="NOT RUN" starttime="20231019 22:57:13.170" endtime="20231019 22:57:13.170"/>
</branch>
<status status="PASS" starttime="20231019 22:57:13.169" endtime="20231019 22:57:13.170"/>
</if>
<status status="PASS" starttime="20231019 22:57:13.169" endtime="20231019 22:57:13.170"/>
</branch>
<branch type="EXCEPT">
<kw name="Log" library="BuiltIn">
<arg>Exception! the current environment "${environment}" is not functionable.</arg>
<doc>Logs the given message with the given level.</doc>
<status status="NOT RUN" starttime="20231019 22:57:13.170" endtime="20231019 22:57:13.170"/>
</kw>
<status status="NOT RUN" starttime="20231019 22:57:13.170" endtime="20231019 22:57:13.170"/>
</branch>
<branch type="FINALLY">
<kw name="Log" library="BuiltIn">
<arg>Finally! the current environment "${environment}" is functionable.</arg>
<doc>Logs the given message with the given level.</doc>
<msg timestamp="20231019 22:57:13.170" level="INFO">Finally! the current environment "uat" is functionable.</msg>
<status status="PASS" starttime="20231019 22:57:13.170" endtime="20231019 22:57:13.170"/>
</kw>
<status status="PASS" starttime="20231019 22:57:13.170" endtime="20231019 22:57:13.170"/>
</branch>
<status status="PASS" starttime="20231019 22:57:13.168" endtime="20231019 22:57:13.170"/>
</try>
<status status="PASS" starttime="20231019 22:57:13.168" endtime="20231019 22:57:13.170"/>
</kw>
<test id="s1-s5-t1" name="TC1: WS Connect with events to randomize from 0-1, v4, handshake path to random assert the reply and close the socket." line="8">
<kw name="Run Keyword And Continue On Failure" library="BuiltIn">
<arg>KW: WebSocketClient Connect</arg>
<arg>${ws host url}</arg>
<arg>socketio</arg>
<arg>${None}</arg>
<doc>Runs the keyword and continues execution even if a failure occurs.</doc>
<kw name="KW: WebSocketClient Connect" library="ckv_functions">
<arg>${ws host url}</arg>
<arg>socketio</arg>
<arg>${None}</arg>
<doc>Create a WebSocket session to a server.
With an alias, where Robot Framework alias is to identify the session.
Ex: wss://ws.postman-echo.com/raw    header=["User-Agent: MyProgram","x-custom: header"]</doc>
<kw name="Connect" library="WebSocketClient">
<var>${websocket session_name}</var>
<arg>${ws_host_url_arg}/${ws_paths_arg}</arg>
<arg>header=${headers}</arg>
<msg timestamp="20231019 22:57:15.173" level="FAIL">WebSocketBadStatusException: Handshake status 502 Bad Gateway -+-+- {'date': 'Thu, 19 Oct 2023 17:27:15 GMT', 'content-type': 'text/html', 'content-length': '150', 'connection': 'keep-alive', 'server': 'nginx'} -+-+- b'&lt;html&gt;\r\n&lt;head&gt;&lt;title&gt;502 Bad Gateway&lt;/title&gt;&lt;/head&gt;\r\n&lt;body&gt;\r\n&lt;center&gt;&lt;h1&gt;502 Bad Gateway&lt;/h1&gt;&lt;/center&gt;\r\n&lt;hr&gt;&lt;center&gt;nginx&lt;/center&gt;\r\n&lt;/body&gt;\r\n&lt;/html&gt;\r\n'</msg>
<status status="FAIL" starttime="20231019 22:57:13.171" endtime="20231019 22:57:15.177"/>
</kw>
<kw name="Set Global Variable" library="BuiltIn">
<arg>${websocket session_name}</arg>
<doc>Makes a variable available globally in all tests and suites.</doc>
<status status="NOT RUN" starttime="20231019 22:57:15.178" endtime="20231019 22:57:15.178"/>
</kw>
<status status="FAIL" starttime="20231019 22:57:13.171" endtime="20231019 22:57:15.178"/>
</kw>
<status status="FAIL" starttime="20231019 22:57:13.171" endtime="20231019 22:57:15.179"/>
</kw>
<kw name="Run Keyword And Continue On Failure" library="BuiltIn">
<arg>KW: WebSocketClient Recv</arg>
<arg>${websocket session_name}</arg>
<doc>Runs the keyword and continues execution even if a failure occurs.</doc>
<kw name="KW: WebSocketClient Recv" library="ckv_functions">
<arg>${websocket session_name}</arg>
<doc>Receive the message from the Websocket server.</doc>
<kw name="Recv" library="WebSocketClient">
<var>${websocket receive results}</var>
<arg>${websocket session_name_arg}</arg>
<status status="FAIL" starttime="20231019 22:57:15.180" endtime="20231019 23:09:10.650"/>
</kw>
<kw name="Set Global Variable" library="BuiltIn">
<arg>${websocket receive results}</arg>
<doc>Makes a variable available globally in all tests and suites.</doc>
<status status="NOT RUN" starttime="20231019 23:09:10.652" endtime="20231019 23:09:10.652"/>
</kw>
<kw name="Convert To String" library="BuiltIn">
<var>${receive results converted to string}</var>
<arg>${websocket receive results}</arg>
<doc>Converts the given item to a Unicode string.</doc>
<status status="NOT RUN" starttime="20231019 23:09:10.653" endtime="20231019 23:09:10.653"/>
</kw>
<kw name="Set Global Variable" library="BuiltIn">
<arg>${receive results converted to string}</arg>
<doc>Makes a variable available globally in all tests and suites.</doc>
<status status="NOT RUN" starttime="20231019 23:09:10.653" endtime="20231019 23:09:10.653"/>
</kw>
<status status="FAIL" starttime="20231019 22:57:15.179" endtime="20231019 23:09:10.653"/>
</kw>
<status status="FAIL" starttime="20231019 22:57:15.179" endtime="20231019 23:09:10.653"/>
</kw>
<doc>This TC is to Connect, send with valid json, assert the reply and close the socket.</doc>
<tag>positive</tag>
<tag>sanity</tag>
<status status="FAIL" starttime="20231019 22:57:13.171" endtime="20231019 23:09:10.654">Several failures occurred:

1) WebSocketBadStatusException: Handshake status 502 Bad Gateway -+-+- {'date': 'Thu, 19 Oct 2023 17:27:15 GMT', 'content-type': 'text/html', 'content-length': '150', 'connection': 'keep-alive', 'server': 'nginx'} -+-+- b'&lt;html&gt;\r\n&lt;head&gt;&lt;title&gt;502 Bad Gateway&lt;/title&gt;&lt;/head&gt;\r\n&lt;body&gt;\r\n&lt;center&gt;&lt;h1&gt;502 Bad Gateway&lt;/h1&gt;&lt;/center&gt;\r\n&lt;hr&gt;&lt;center&gt;nginx&lt;/center&gt;\r\n&lt;/body&gt;\r\n&lt;/html&gt;\r\n'

2) Execution terminated by signal</status>
</test>
<doc>This robot file will execute only the raw cases with json.</doc>
<status status="FAIL" starttime="20231019 22:57:13.165" endtime="20231019 23:09:10.655"/>
</suite>
<status status="FAIL" starttime="20231019 22:56:58.881" endtime="20231019 23:09:10.656"/>
</suite>
<statistics>
<total>
<stat pass="10" fail="1" skip="1">All Tests</stat>
</total>
<tag>
<stat pass="0" fail="0" skip="1">negative</stat>
<stat pass="10" fail="1" skip="0">positive</stat>
<stat pass="7" fail="1" skip="1">sanity</stat>
<stat pass="3" fail="0" skip="0">smoke</stat>
</tag>
<suite>
<stat pass="10" fail="1" skip="1" id="s1" name="Test Suite">Test Suite</stat>
<stat pass="4" fail="0" skip="1" id="s1-s1" name="Test1 Echo Raw">Test Suite.Test1 Echo Raw</stat>
<stat pass="2" fail="0" skip="0" id="s1-s2" name="Test2 Echo Raw Queryparams">Test Suite.Test2 Echo Raw Queryparams</stat>
<stat pass="2" fail="0" skip="0" id="s1-s3" name="Test3 Echo Header">Test Suite.Test3 Echo Header</stat>
<stat pass="2" fail="0" skip="0" id="s1-s4" name="Test4 Echo Json">Test Suite.Test4 Echo Json</stat>
<stat pass="0" fail="1" skip="0" id="s1-s5" name="Test5 Echo Socketio Random">Test Suite.Test5 Echo Socketio Random</stat>
</suite>
</statistics>
<errors>
</errors>
</robot>
