<?xml version="1.0" encoding="UTF-8"?>
<robot generator="Robot 5.0.1 (Python 3.10.4 on win32)" generated="20220615 09:23:14.692" rpa="false" schemaversion="3">
<suite id="s1" name="Pom Test Suite" source="C:\Users\veera\Documents\GitHub\github_all_in_one_repo\package_restful_booker_herokuapp_enhancement\pom_test_suite">
<suite id="s1-s1" name="Tc 1 Auth Create Token" source="C:\Users\veera\Documents\GitHub\github_all_in_one_repo\package_restful_booker_herokuapp_enhancement\pom_test_suite\tc_1_auth_create_token.robot">
<test id="s1-s1-t1" name="TC-1 [POST] CREATE AUTH OR TOKEN FOR THE BOOK - SUCCESSFUL(Valid)" line="8">
<kw name="Given KW: To open the workbook to the specified path." library="setup_teardown_func">
<doc>This Keyword is opening the excelsheets to write &amp; read data's.</doc>
<kw name="Open Workbook" library="ExcellentLibrary">
<arg>${The work book}</arg>
<doc>Opens the workbook found at the given file path.
_NOTE_: Please note that at present _XLS_ files are not supported.</doc>
<status status="PASS" starttime="20220615 09:23:15.392" endtime="20220615 09:23:15.408"/>
</kw>
<status status="PASS" starttime="20220615 09:23:15.392" endtime="20220615 09:23:15.408"/>
</kw>
<kw name="Given KW: Interacting with the Excel sheet2." library="setup_teardown_func">
<doc>This Keyword is calling the other user defined keywords, created above for interaction with sheets 2.</doc>
<kw name="KW: Switch sheets 2." library="setup_teardown_func">
<doc>This Keyword will help to switch to the sheet named "Create_Token".</doc>
<kw name="Switch Sheet" library="ExcellentLibrary">
<arg>Create_Token</arg>
<doc>Switches to the sheet with the supplied name within the active
workbook.</doc>
<status status="PASS" starttime="20220615 09:23:15.408" endtime="20220615 09:23:15.408"/>
</kw>
<status status="PASS" starttime="20220615 09:23:15.408" endtime="20220615 09:23:15.408"/>
</kw>
<kw name="KW: Get the Column Count." library="setup_teardown_func">
<doc>This Keyword will count the total column used for the active sheet.</doc>
<kw name="Get Column Count" library="ExcellentLibrary">
<var>${The all column count is}</var>
<doc>Returns the number of non-empty columns in the active sheet.</doc>
<msg timestamp="20220615 09:23:15.408" level="INFO">${The all column count is} = 4</msg>
<status status="PASS" starttime="20220615 09:23:15.408" endtime="20220615 09:23:15.408"/>
</kw>
<kw name="Set Global Variable" library="BuiltIn">
<arg>${The all column count is}</arg>
<doc>Makes a variable available globally in all tests and suites.</doc>
<msg timestamp="20220615 09:23:15.408" level="INFO">${The all column count is} = 4</msg>
<status status="PASS" starttime="20220615 09:23:15.408" endtime="20220615 09:23:15.408"/>
</kw>
<status status="PASS" starttime="20220615 09:23:15.408" endtime="20220615 09:23:15.408"/>
</kw>
<kw name="KW: Get the Row Count." library="setup_teardown_func">
<doc>This Keyword will count the total row used for the active sheet.</doc>
<kw name="Get Row Count" library="ExcellentLibrary">
<var>${The all row count is}</var>
<doc>Returns the number of non-empty rows in the active sheet.</doc>
<msg timestamp="20220615 09:23:15.408" level="INFO">${The all row count is} = 4</msg>
<status status="PASS" starttime="20220615 09:23:15.408" endtime="20220615 09:23:15.408"/>
</kw>
<kw name="Set Global Variable" library="BuiltIn">
<arg>${The all row count is}</arg>
<doc>Makes a variable available globally in all tests and suites.</doc>
<msg timestamp="20220615 09:23:15.408" level="INFO">${The all row count is} = 4</msg>
<status status="PASS" starttime="20220615 09:23:15.408" endtime="20220615 09:23:15.408"/>
</kw>
<status status="PASS" starttime="20220615 09:23:15.408" endtime="20220615 09:23:15.408"/>
</kw>
<kw name="KW: Globally evalutaing to the excel sheet." library="setup_teardown_func">
<doc>This Keyword will evaluate the total row used plus one extra row (EX: 33 rows used + 1 row).</doc>
<kw name="Evaluate" library="BuiltIn">
<var>${Next_Row_Evalute}</var>
<arg>${The all row count is}+1</arg>
<doc>Evaluates the given expression in Python and returns the result.</doc>
<msg timestamp="20220615 09:23:15.408" level="INFO">${Next_Row_Evalute} = 5</msg>
<status status="PASS" starttime="20220615 09:23:15.408" endtime="20220615 09:23:15.408"/>
</kw>
<kw name="Set Global Variable" library="BuiltIn">
<arg>${Next_Row_Evalute}</arg>
<doc>Makes a variable available globally in all tests and suites.</doc>
<msg timestamp="20220615 09:23:15.408" level="INFO">${Next_Row_Evalute} = 5</msg>
<status status="PASS" starttime="20220615 09:23:15.408" endtime="20220615 09:23:15.408"/>
</kw>
<status status="PASS" starttime="20220615 09:23:15.408" endtime="20220615 09:23:15.408"/>
</kw>
<status status="PASS" starttime="20220615 09:23:15.408" endtime="20220615 09:23:15.408"/>
</kw>
<kw name="When KW: Creating Auth or Token POST Session." library="kw_1_auth_create_token">
<doc>Create a HTTP session to a server.
With an alias, where Robot Framework alias is to identify the session.
Including the Base url of the server
Verify HTTPS request is being made in Robot Framework.</doc>
<kw name="Create Session" library="RequestsLibrary">
<arg>Restful_Brooker</arg>
<arg>${API BASE URL}</arg>
<arg>verify=True</arg>
<doc>Create Session: create a HTTP session to a server</doc>
<msg timestamp="20220615 09:23:15.424" level="INFO">Creating Session using : alias=Restful_Brooker, url=https://restful-booker.herokuapp.com, headers={},                     cookies={}, auth=None, timeout=None, proxies=None, verify=True,                     debug=0 </msg>
<status status="PASS" starttime="20220615 09:23:15.424" endtime="20220615 09:23:15.424"/>
</kw>
<status status="PASS" starttime="20220615 09:23:15.408" endtime="20220615 09:23:15.424"/>
</kw>
<kw name="Then KW: Request Header." library="kw_1_auth_create_token">
<doc>APIs require to send particular headers along with requests, typically to provide additional metadata about the operation that are performing.
Can set these up in the Headers.
Enter any key-value pairs needed and it will be send along with the request.</doc>
<kw name="KW for User Agent" library="user_agents">
<kw name="Get Length" library="BuiltIn">
<var>${Length_Of_user_agents_Lists_Items}</var>
<arg>${user_agents list}</arg>
<doc>Returns and logs the length of the given item as an integer.</doc>
<msg timestamp="20220615 09:23:15.424" level="INFO">Length is 56</msg>
<msg timestamp="20220615 09:23:15.424" level="INFO">${Length_Of_user_agents_Lists_Items} = 56</msg>
<status status="PASS" starttime="20220615 09:23:15.424" endtime="20220615 09:23:15.424"/>
</kw>
<kw name="Evaluate" library="BuiltIn">
<var>${random_NUMBER}</var>
<arg>random.randint(0,${Length_Of_user_agents_Lists_Items}-1)</arg>
<doc>Evaluates the given expression in Python and returns the result.</doc>
<msg timestamp="20220615 09:23:15.424" level="INFO">${random_NUMBER} = 1</msg>
<status status="PASS" starttime="20220615 09:23:15.424" endtime="20220615 09:23:15.424"/>
</kw>
<kw name="Get From List" library="Collections">
<var>${useragent}</var>
<arg>${user_agents list}</arg>
<arg>${random_NUMBER}</arg>
<doc>Returns the value specified with an ``index`` from ``list``.</doc>
<msg timestamp="20220615 09:23:15.424" level="INFO">${useragent} = Mozilla/5.0 CK={} (Windows NT 6.1; WOW64; Trident/7.0; rv:11.0) like Gecko</msg>
<status status="PASS" starttime="20220615 09:23:15.424" endtime="20220615 09:23:15.424"/>
</kw>
<kw name="Set Global Variable" library="BuiltIn">
<arg>${useragent}</arg>
<doc>Makes a variable available globally in all tests and suites.</doc>
<msg timestamp="20220615 09:23:15.424" level="INFO">${useragent} = Mozilla/5.0 CK={} (Windows NT 6.1; WOW64; Trident/7.0; rv:11.0) like Gecko</msg>
<status status="PASS" starttime="20220615 09:23:15.424" endtime="20220615 09:23:15.424"/>
</kw>
<status status="PASS" starttime="20220615 09:23:15.424" endtime="20220615 09:23:15.424"/>
</kw>
<kw name="Create Dictionary" library="BuiltIn">
<var>${Header}</var>
<arg>User-Agent=${useragent}</arg>
<arg>Content-Type=application/json</arg>
<arg>accept=application/json</arg>
<doc>Creates and returns a dictionary based on the given ``items``.</doc>
<msg timestamp="20220615 09:23:15.424" level="INFO">${Header} = {'User-Agent': 'Mozilla/5.0 CK={} (Windows NT 6.1; WOW64; Trident/7.0; rv:11.0) like Gecko', 'Content-Type': 'application/json', 'accept': 'application/json'}</msg>
<status status="PASS" starttime="20220615 09:23:15.424" endtime="20220615 09:23:15.424"/>
</kw>
<kw name="Set Global Variable" library="BuiltIn">
<arg>${Header}</arg>
<doc>Makes a variable available globally in all tests and suites.</doc>
<msg timestamp="20220615 09:23:15.424" level="INFO">${Header} = {'User-Agent': 'Mozilla/5.0 CK={} (Windows NT 6.1; WOW64; Trident/7.0; rv:11.0) like Gecko', 'Content-Type': 'application/json', 'accept': 'application/json'}</msg>
<status status="PASS" starttime="20220615 09:23:15.424" endtime="20220615 09:23:15.424"/>
</kw>
<status status="PASS" starttime="20220615 09:23:15.424" endtime="20220615 09:23:15.424"/>
</kw>
<kw name="And KW: POST Body with JSON Keys &amp; Value." library="kw_1_auth_create_token">
<doc>Need to send body data using KEY-VALUE pairs with requests whenever need to add or update structured data.</doc>
<kw name="Catenate" library="BuiltIn">
<var>${Body}</var>
<arg>{</arg>
<arg>"username" : "admin",</arg>
<arg>"password" : "password123"</arg>
<arg>}</arg>
<doc>Catenates the given items together and returns the resulted string.</doc>
<msg timestamp="20220615 09:23:15.424" level="INFO">${Body} = { "username" : "admin", "password" : "password123" }</msg>
<status status="PASS" starttime="20220615 09:23:15.424" endtime="20220615 09:23:15.424"/>
</kw>
<kw name="Set Global Variable" library="BuiltIn">
<arg>${Body}</arg>
<doc>Makes a variable available globally in all tests and suites.</doc>
<msg timestamp="20220615 09:23:15.424" level="INFO">${Body} = { "username" : "admin", "password" : "password123" }</msg>
<status status="PASS" starttime="20220615 09:23:15.424" endtime="20220615 09:23:15.424"/>
</kw>
<kw name="Write To Cell" library="ExcellentLibrary">
<arg>A${Next_Row_Evalute}</arg>
<arg>admin</arg>
<doc>Writes a value to the supplied cell.</doc>
<status status="PASS" starttime="20220615 09:23:15.424" endtime="20220615 09:23:15.424"/>
</kw>
<kw name="Write To Cell" library="ExcellentLibrary">
<arg>B${Next_Row_Evalute}</arg>
<arg>password123</arg>
<doc>Writes a value to the supplied cell.</doc>
<status status="PASS" starttime="20220615 09:23:15.424" endtime="20220615 09:23:15.424"/>
</kw>
<status status="PASS" starttime="20220615 09:23:15.424" endtime="20220615 09:23:15.424"/>
</kw>
<kw name="Run Keyword And Continue On Failure" library="BuiltIn">
<arg>KW: Response of the POST Request.</arg>
<doc>Runs the keyword and continues execution even if a failure occurs.</doc>
<kw name="KW: Response of the POST Request." library="kw_1_auth_create_token">
<doc>The response viewer helps to ensure the correctness of API responses.
An API response consists of the body, headers, and the status code.
It organizes body and headers in different forms.
The status code and the completion time of the API call is visible.
The response also contains the HTTP specification default description.
However, API authors can also add custom message.</doc>
<kw name="POST On Session" library="RequestsLibrary">
<var>${Response}</var>
<arg>Restful_Brooker</arg>
<arg>${API AUTH END POINT}</arg>
<arg>data=${Body}</arg>
<arg>headers=${Header}</arg>
<doc>Sends a POST request on a previously created HTTP Session.</doc>
<msg timestamp="20220615 09:23:17.375" level="INFO">POST Request : url=https://restful-booker.herokuapp.com/auth 
 path_url=/auth 
 headers={'User-Agent': 'Mozilla/5.0 CK={} (Windows NT 6.1; WOW64; Trident/7.0; rv:11.0) like Gecko', 'Accept-Encoding': 'gzip, deflate', 'accept': 'application/json', 'Connection': 'keep-alive', 'Content-Type': 'application/json', 'Content-Length': '52'} 
 body={ "username" : "admin", "password" : "password123" } 
 </msg>
<msg timestamp="20220615 09:23:17.375" level="INFO">POST Response : url=https://restful-booker.herokuapp.com/auth 
 status=200, reason=OK 
 headers={'Server': 'Cowboy', 'Connection': 'keep-alive', 'X-Powered-By': 'Express', 'Content-Type': 'application/json; charset=utf-8', 'Content-Length': '27', 'Etag': 'W/"1b-uRTb06iZi+n/DcYFsBituG2HJnY"', 'Date': 'Wed, 15 Jun 2022 03:53:17 GMT', 'Via': '1.1 vegur'} 
 body={"token":"1805661a0a6dd94"} 
 </msg>
<msg timestamp="20220615 09:23:17.375" level="INFO">${Response} = &lt;Response [200]&gt;</msg>
<status status="PASS" starttime="20220615 09:23:15.424" endtime="20220615 09:23:17.375"/>
</kw>
<kw name="Set Global Variable" library="BuiltIn">
<arg>${Response}</arg>
<doc>Makes a variable available globally in all tests and suites.</doc>
<msg timestamp="20220615 09:23:17.375" level="INFO">${Response} = &lt;Response [200]&gt;</msg>
<status status="PASS" starttime="20220615 09:23:17.375" endtime="20220615 09:23:17.375"/>
</kw>
<status status="PASS" starttime="20220615 09:23:15.424" endtime="20220615 09:23:17.375"/>
</kw>
<status status="PASS" starttime="20220615 09:23:15.424" endtime="20220615 09:23:17.375"/>
</kw>
<kw name="Convert To String" library="BuiltIn">
<var>${Status_Code}</var>
<arg>${Response.status_code}</arg>
<doc>Converts the given item to a Unicode string.</doc>
<msg timestamp="20220615 09:23:17.375" level="INFO">${Status_Code} = 200</msg>
<status status="PASS" starttime="20220615 09:23:17.375" endtime="20220615 09:23:17.375"/>
</kw>
<kw name="Write To Cell" library="ExcellentLibrary">
<arg>D${Next_Row_Evalute}</arg>
<arg>${Status_Code}</arg>
<doc>Writes a value to the supplied cell.</doc>
<status status="PASS" starttime="20220615 09:23:17.375" endtime="20220615 09:23:17.375"/>
</kw>
<kw name="Should Be Equal" library="BuiltIn">
<arg>${Status_Code}</arg>
<arg>200</arg>
<doc>Fails if the given objects are unequal.</doc>
<status status="PASS" starttime="20220615 09:23:17.375" endtime="20220615 09:23:17.375"/>
</kw>
<kw name="Status Should Be" library="RequestsLibrary">
<arg>200</arg>
<arg>${Response}</arg>
<doc>Fails if response status code is different than the expected.</doc>
<status status="PASS" starttime="20220615 09:23:17.375" endtime="20220615 09:23:17.375"/>
</kw>
<kw name="Request Should Be Successful" library="RequestsLibrary">
<arg>${Response}</arg>
<doc>Fails if response status code is a client or server error (4xx, 5xx).</doc>
<status status="PASS" starttime="20220615 09:23:17.375" endtime="20220615 09:23:17.375"/>
</kw>
<kw name="Convert To String" library="BuiltIn">
<var>${JSON_Content}</var>
<arg>${Response.content}</arg>
<doc>Converts the given item to a Unicode string.</doc>
<msg timestamp="20220615 09:23:17.375" level="INFO">${JSON_Content} = {"token":"1805661a0a6dd94"}</msg>
<status status="PASS" starttime="20220615 09:23:17.375" endtime="20220615 09:23:17.375"/>
</kw>
<kw name="Set Global Variable" library="BuiltIn">
<arg>${JSON_Content}</arg>
<doc>Makes a variable available globally in all tests and suites.</doc>
<msg timestamp="20220615 09:23:17.391" level="INFO">${JSON_Content} = {"token":"1805661a0a6dd94"}</msg>
<status status="PASS" starttime="20220615 09:23:17.375" endtime="20220615 09:23:17.391"/>
</kw>
<kw name="Convert String To JSON" library="JSONLibrary">
<var>${json}</var>
<arg>${JSON_Content}</arg>
<doc>Convert String to JSON object</doc>
<msg timestamp="20220615 09:23:17.391" level="INFO">${json} = {'token': '1805661a0a6dd94'}</msg>
<status status="PASS" starttime="20220615 09:23:17.391" endtime="20220615 09:23:17.391"/>
</kw>
<kw name="Get Value From Json" library="JSONLibrary">
<var>${Auth_Tokon_ID_Code}</var>
<arg>${json}</arg>
<arg>$.token</arg>
<doc>Get Value From JSON using JSONPath</doc>
<msg timestamp="20220615 09:23:17.407" level="INFO">${Auth_Tokon_ID_Code} = ['1805661a0a6dd94']</msg>
<status status="PASS" starttime="20220615 09:23:17.391" endtime="20220615 09:23:17.407"/>
</kw>
<kw name="Get From List" library="Collections">
<var>${Auth_Tokon_ID_Code_from_list}</var>
<arg>${Auth_Tokon_ID_Code}</arg>
<arg>0</arg>
<doc>Returns the value specified with an ``index`` from ``list``.</doc>
<msg timestamp="20220615 09:23:17.407" level="INFO">${Auth_Tokon_ID_Code_from_list} = 1805661a0a6dd94</msg>
<status status="PASS" starttime="20220615 09:23:17.407" endtime="20220615 09:23:17.407"/>
</kw>
<kw name="Convert To String" library="BuiltIn">
<var>${Auth_Tokon_ID_Code_String}</var>
<arg>${Auth_Tokon_ID_Code_from_list}</arg>
<doc>Converts the given item to a Unicode string.</doc>
<msg timestamp="20220615 09:23:17.407" level="INFO">${Auth_Tokon_ID_Code_String} = 1805661a0a6dd94</msg>
<status status="PASS" starttime="20220615 09:23:17.407" endtime="20220615 09:23:17.407"/>
</kw>
<kw name="Write To Cell" library="ExcellentLibrary">
<arg>C${Next_Row_Evalute}</arg>
<arg>${Auth_Tokon_ID_Code_String}</arg>
<doc>Writes a value to the supplied cell.</doc>
<status status="PASS" starttime="20220615 09:23:17.407" endtime="20220615 09:23:17.407"/>
</kw>
<kw name="Then KW: To save &amp; close the workbook to the specified path." library="setup_teardown_func">
<doc>This Keyword will help to save all the data's written to the sheet and will close it safely.</doc>
<kw name="Save" library="ExcellentLibrary">
<doc>Saves the changes to the currently active workbook.</doc>
<status status="PASS" starttime="20220615 09:23:17.407" endtime="20220615 09:23:17.438"/>
</kw>
<kw name="Close Workbook" library="ExcellentLibrary">
<doc>Closes the workbook identified by the supplied alias.</doc>
<status status="PASS" starttime="20220615 09:23:17.438" endtime="20220615 09:23:17.438"/>
</kw>
<status status="PASS" starttime="20220615 09:23:17.407" endtime="20220615 09:23:17.438"/>
</kw>
<doc>This TC is to create AUTH or TOKEN with user credentials.</doc>
<tag>Positive</tag>
<status status="PASS" starttime="20220615 09:23:15.392" endtime="20220615 09:23:17.438"/>
</test>
<test id="s1-s1-t2" name="TC-2 [POST] CREATE AUTH OR TOKEN FOR THE BOOK - UNSUCCESSFUL(Invalid)" line="62">
<kw name="Run Keyword And Continue On Failure" library="BuiltIn">
<arg>KW: Creating Auth or Token POST Session.</arg>
<doc>Runs the keyword and continues execution even if a failure occurs.</doc>
<kw name="KW: Creating Auth or Token POST Session." library="kw_1_auth_create_token">
<doc>Create a HTTP session to a server.
With an alias, where Robot Framework alias is to identify the session.
Including the Base url of the server
Verify HTTPS request is being made in Robot Framework.</doc>
<kw name="Create Session" library="RequestsLibrary">
<arg>Restful_Brooker</arg>
<arg>${API BASE URL}</arg>
<arg>verify=True</arg>
<doc>Create Session: create a HTTP session to a server</doc>
<msg timestamp="20220615 09:23:17.438" level="INFO">Creating Session using : alias=Restful_Brooker, url=https://restful-booker.herokuapp.com, headers={},                     cookies={}, auth=None, timeout=None, proxies=None, verify=True,                     debug=0 </msg>
<status status="PASS" starttime="20220615 09:23:17.438" endtime="20220615 09:23:17.438"/>
</kw>
<status status="PASS" starttime="20220615 09:23:17.438" endtime="20220615 09:23:17.438"/>
</kw>
<status status="PASS" starttime="20220615 09:23:17.438" endtime="20220615 09:23:17.438"/>
</kw>
<kw name="Run Keyword And Continue On Failure" library="BuiltIn">
<arg>KW: Request Header.</arg>
<doc>Runs the keyword and continues execution even if a failure occurs.</doc>
<kw name="KW: Request Header." library="kw_1_auth_create_token">
<doc>APIs require to send particular headers along with requests, typically to provide additional metadata about the operation that are performing.
Can set these up in the Headers.
Enter any key-value pairs needed and it will be send along with the request.</doc>
<kw name="KW for User Agent" library="user_agents">
<kw name="Get Length" library="BuiltIn">
<var>${Length_Of_user_agents_Lists_Items}</var>
<arg>${user_agents list}</arg>
<doc>Returns and logs the length of the given item as an integer.</doc>
<msg timestamp="20220615 09:23:17.438" level="INFO">Length is 56</msg>
<msg timestamp="20220615 09:23:17.438" level="INFO">${Length_Of_user_agents_Lists_Items} = 56</msg>
<status status="PASS" starttime="20220615 09:23:17.438" endtime="20220615 09:23:17.438"/>
</kw>
<kw name="Evaluate" library="BuiltIn">
<var>${random_NUMBER}</var>
<arg>random.randint(0,${Length_Of_user_agents_Lists_Items}-1)</arg>
<doc>Evaluates the given expression in Python and returns the result.</doc>
<msg timestamp="20220615 09:23:17.438" level="INFO">${random_NUMBER} = 48</msg>
<status status="PASS" starttime="20220615 09:23:17.438" endtime="20220615 09:23:17.438"/>
</kw>
<kw name="Get From List" library="Collections">
<var>${useragent}</var>
<arg>${user_agents list}</arg>
<arg>${random_NUMBER}</arg>
<doc>Returns the value specified with an ``index`` from ``list``.</doc>
<msg timestamp="20220615 09:23:17.438" level="INFO">${useragent} = Mozilla/5.0 (Linux; Android 10) AppleWebKit/537.36 (KHTML, like Gecko) Chrome/90.0.4430.82 Mobile Safari/537.36</msg>
<status status="PASS" starttime="20220615 09:23:17.438" endtime="20220615 09:23:17.438"/>
</kw>
<kw name="Set Global Variable" library="BuiltIn">
<arg>${useragent}</arg>
<doc>Makes a variable available globally in all tests and suites.</doc>
<msg timestamp="20220615 09:23:17.438" level="INFO">${useragent} = Mozilla/5.0 (Linux; Android 10) AppleWebKit/537.36 (KHTML, like Gecko) Chrome/90.0.4430.82 Mobile Safari/537.36</msg>
<status status="PASS" starttime="20220615 09:23:17.438" endtime="20220615 09:23:17.438"/>
</kw>
<status status="PASS" starttime="20220615 09:23:17.438" endtime="20220615 09:23:17.444"/>
</kw>
<kw name="Create Dictionary" library="BuiltIn">
<var>${Header}</var>
<arg>User-Agent=${useragent}</arg>
<arg>Content-Type=application/json</arg>
<arg>accept=application/json</arg>
<doc>Creates and returns a dictionary based on the given ``items``.</doc>
<msg timestamp="20220615 09:23:17.444" level="INFO">${Header} = {'User-Agent': 'Mozilla/5.0 (Linux; Android 10) AppleWebKit/537.36 (KHTML, like Gecko) Chrome/90.0.4430.82 Mobile Safari/537.36', 'Content-Type': 'application/json', 'accept': 'application/json'}</msg>
<status status="PASS" starttime="20220615 09:23:17.444" endtime="20220615 09:23:17.444"/>
</kw>
<kw name="Set Global Variable" library="BuiltIn">
<arg>${Header}</arg>
<doc>Makes a variable available globally in all tests and suites.</doc>
<msg timestamp="20220615 09:23:17.444" level="INFO">${Header} = {'User-Agent': 'Mozilla/5.0 (Linux; Android 10) AppleWebKit/537.36 (KHTML, like Gecko) Chrome/90.0.4430.82 Mobile Safari/537.36', 'Content-Type': 'application/json', 'accept': 'application/json'}</msg>
<status status="PASS" starttime="20220615 09:23:17.444" endtime="20220615 09:23:17.444"/>
</kw>
<status status="PASS" starttime="20220615 09:23:17.438" endtime="20220615 09:23:17.444"/>
</kw>
<status status="PASS" starttime="20220615 09:23:17.438" endtime="20220615 09:23:17.444"/>
</kw>
<kw name="Run Keyword And Continue On Failure" library="BuiltIn">
<arg>KW: POST Body with Invalid JSON Keys &amp; Value.</arg>
<doc>Runs the keyword and continues execution even if a failure occurs.</doc>
<kw name="KW: POST Body with Invalid JSON Keys &amp; Value." library="kw_1_auth_create_token">
<doc>Need to send body data using KEY-VALUE pairs with requests whenever need to add or update structured data.</doc>
<kw name="Catenate" library="BuiltIn">
<var>${Body}</var>
<arg>{</arg>
<arg>"username" : "admin",</arg>
<arg>"password" : "password123!@#"</arg>
<arg>}</arg>
<doc>Catenates the given items together and returns the resulted string.</doc>
<msg timestamp="20220615 09:23:17.444" level="INFO">${Body} = { "username" : "admin", "password" : "password123!@#" }</msg>
<status status="PASS" starttime="20220615 09:23:17.444" endtime="20220615 09:23:17.444"/>
</kw>
<kw name="Set Global Variable" library="BuiltIn">
<arg>${Body}</arg>
<doc>Makes a variable available globally in all tests and suites.</doc>
<msg timestamp="20220615 09:23:17.444" level="INFO">${Body} = { "username" : "admin", "password" : "password123!@#" }</msg>
<status status="PASS" starttime="20220615 09:23:17.444" endtime="20220615 09:23:17.444"/>
</kw>
<status status="PASS" starttime="20220615 09:23:17.444" endtime="20220615 09:23:17.444"/>
</kw>
<status status="PASS" starttime="20220615 09:23:17.444" endtime="20220615 09:23:17.444"/>
</kw>
<kw name="Run Keyword And Continue On Failure" library="BuiltIn">
<arg>KW: Response of the POST Request.</arg>
<doc>Runs the keyword and continues execution even if a failure occurs.</doc>
<kw name="KW: Response of the POST Request." library="kw_1_auth_create_token">
<doc>The response viewer helps to ensure the correctness of API responses.
An API response consists of the body, headers, and the status code.
It organizes body and headers in different forms.
The status code and the completion time of the API call is visible.
The response also contains the HTTP specification default description.
However, API authors can also add custom message.</doc>
<kw name="POST On Session" library="RequestsLibrary">
<var>${Response}</var>
<arg>Restful_Brooker</arg>
<arg>${API AUTH END POINT}</arg>
<arg>data=${Body}</arg>
<arg>headers=${Header}</arg>
<doc>Sends a POST request on a previously created HTTP Session.</doc>
<msg timestamp="20220615 09:23:18.848" level="INFO">POST Request : url=https://restful-booker.herokuapp.com/auth 
 path_url=/auth 
 headers={'User-Agent': 'Mozilla/5.0 (Linux; Android 10) AppleWebKit/537.36 (KHTML, like Gecko) Chrome/90.0.4430.82 Mobile Safari/537.36', 'Accept-Encoding': 'gzip, deflate', 'accept': 'application/json', 'Connection': 'keep-alive', 'Content-Type': 'application/json', 'Content-Length': '55'} 
 body={ "username" : "admin", "password" : "password123!@#" } 
 </msg>
<msg timestamp="20220615 09:23:18.848" level="INFO">POST Response : url=https://restful-booker.herokuapp.com/auth 
 status=200, reason=OK 
 headers={'Server': 'Cowboy', 'Connection': 'keep-alive', 'X-Powered-By': 'Express', 'Content-Type': 'application/json; charset=utf-8', 'Content-Length': '28', 'Etag': 'W/"1c-J3EiwfZwVQjKTKvpvazUfTni8fI"', 'Date': 'Wed, 15 Jun 2022 03:53:18 GMT', 'Via': '1.1 vegur'} 
 body={"reason":"Bad credentials"} 
 </msg>
<msg timestamp="20220615 09:23:18.848" level="INFO">${Response} = &lt;Response [200]&gt;</msg>
<status status="PASS" starttime="20220615 09:23:17.444" endtime="20220615 09:23:18.848"/>
</kw>
<kw name="Set Global Variable" library="BuiltIn">
<arg>${Response}</arg>
<doc>Makes a variable available globally in all tests and suites.</doc>
<msg timestamp="20220615 09:23:18.848" level="INFO">${Response} = &lt;Response [200]&gt;</msg>
<status status="PASS" starttime="20220615 09:23:18.848" endtime="20220615 09:23:18.848"/>
</kw>
<status status="PASS" starttime="20220615 09:23:17.444" endtime="20220615 09:23:18.848"/>
</kw>
<status status="PASS" starttime="20220615 09:23:17.444" endtime="20220615 09:23:18.848"/>
</kw>
<kw name="Convert To String" library="BuiltIn">
<var>${Status_Code}</var>
<arg>${Response.status_code}</arg>
<doc>Converts the given item to a Unicode string.</doc>
<msg timestamp="20220615 09:23:18.848" level="INFO">${Status_Code} = 200</msg>
<status status="PASS" starttime="20220615 09:23:18.848" endtime="20220615 09:23:18.848"/>
</kw>
<kw name="Should Be Equal" library="BuiltIn">
<arg>${Status_Code}</arg>
<arg>200</arg>
<doc>Fails if the given objects are unequal.</doc>
<status status="PASS" starttime="20220615 09:23:18.848" endtime="20220615 09:23:18.848"/>
</kw>
<kw name="Status Should Be" library="RequestsLibrary">
<arg>200</arg>
<arg>${Response}</arg>
<doc>Fails if response status code is different than the expected.</doc>
<status status="PASS" starttime="20220615 09:23:18.848" endtime="20220615 09:23:18.848"/>
</kw>
<kw name="Request Should Be Successful" library="RequestsLibrary">
<arg>${Response}</arg>
<doc>Fails if response status code is a client or server error (4xx, 5xx).</doc>
<status status="PASS" starttime="20220615 09:23:18.848" endtime="20220615 09:23:18.848"/>
</kw>
<kw name="Dictionary Should Contain Value" library="Collections">
<arg>${Response.json()}</arg>
<arg>Bad credentials</arg>
<doc>Fails if ``value`` is not found from ``dictionary``.</doc>
<status status="PASS" starttime="20220615 09:23:18.848" endtime="20220615 09:23:18.848"/>
</kw>
<kw name="Convert To String" library="BuiltIn">
<var>${JSON_Content}</var>
<arg>${Response.content}</arg>
<doc>Converts the given item to a Unicode string.</doc>
<msg timestamp="20220615 09:23:18.864" level="INFO">${JSON_Content} = {"reason":"Bad credentials"}</msg>
<status status="PASS" starttime="20220615 09:23:18.864" endtime="20220615 09:23:18.864"/>
</kw>
<kw name="Log" library="BuiltIn">
<arg>${JSON_Content}</arg>
<doc>Logs the given message with the given level.</doc>
<msg timestamp="20220615 09:23:18.864" level="INFO">{"reason":"Bad credentials"}</msg>
<status status="PASS" starttime="20220615 09:23:18.864" endtime="20220615 09:23:18.864"/>
</kw>
<kw name="Set Global Variable" library="BuiltIn">
<arg>${JSON_Content}</arg>
<doc>Makes a variable available globally in all tests and suites.</doc>
<msg timestamp="20220615 09:23:18.864" level="INFO">${JSON_Content} = {"reason":"Bad credentials"}</msg>
<status status="PASS" starttime="20220615 09:23:18.864" endtime="20220615 09:23:18.864"/>
</kw>
<doc>This TC is to check AUTH or TOKEN with user invalid credentials.</doc>
<tag>Negative</tag>
<status status="PASS" starttime="20220615 09:23:17.438" endtime="20220615 09:23:18.864"/>
</test>
<doc>TC for Creating Auth or Token.</doc>
<status status="PASS" starttime="20220615 09:23:14.707" endtime="20220615 09:23:18.864"/>
</suite>
<suite id="s1-s2" name="Tc 2 Createbooking" source="C:\Users\veera\Documents\GitHub\github_all_in_one_repo\package_restful_booker_herokuapp_enhancement\pom_test_suite\tc_2_createbooking.robot">
<test id="s1-s2-t1" name="TC-1 [POST] CREATE BOOKING FOR THE BOOK - SUCCESSFUL" line="7">
<kw name="Given KW: To open the workbook to the specified path." library="setup_teardown_func">
<doc>This Keyword is opening the excelsheets to write &amp; read data's.</doc>
<kw name="Open Workbook" library="ExcellentLibrary">
<arg>${The work book}</arg>
<doc>Opens the workbook found at the given file path.
_NOTE_: Please note that at present _XLS_ files are not supported.</doc>
<status status="PASS" starttime="20220615 09:23:18.880" endtime="20220615 09:23:18.880"/>
</kw>
<status status="PASS" starttime="20220615 09:23:18.880" endtime="20220615 09:23:18.880"/>
</kw>
<kw name="Given KW: Interacting with the Excel sheet1." library="setup_teardown_func">
<doc>This Keyword is calling the other user defined keywords, created above for interaction with sheets 1.</doc>
<kw name="KW: Switch sheets 1." library="setup_teardown_func">
<doc>This Keyword will help to switch to the sheet named "Create_User".</doc>
<kw name="Switch Sheet" library="ExcellentLibrary">
<arg>Create_Booking</arg>
<doc>Switches to the sheet with the supplied name within the active
workbook.</doc>
<status status="PASS" starttime="20220615 09:23:18.895" endtime="20220615 09:23:18.895"/>
</kw>
<status status="PASS" starttime="20220615 09:23:18.895" endtime="20220615 09:23:18.895"/>
</kw>
<kw name="KW: Get the Column Count." library="setup_teardown_func">
<doc>This Keyword will count the total column used for the active sheet.</doc>
<kw name="Get Column Count" library="ExcellentLibrary">
<var>${The all column count is}</var>
<doc>Returns the number of non-empty columns in the active sheet.</doc>
<msg timestamp="20220615 09:23:18.895" level="INFO">${The all column count is} = 12</msg>
<status status="PASS" starttime="20220615 09:23:18.895" endtime="20220615 09:23:18.895"/>
</kw>
<kw name="Set Global Variable" library="BuiltIn">
<arg>${The all column count is}</arg>
<doc>Makes a variable available globally in all tests and suites.</doc>
<msg timestamp="20220615 09:23:18.895" level="INFO">${The all column count is} = 12</msg>
<status status="PASS" starttime="20220615 09:23:18.895" endtime="20220615 09:23:18.895"/>
</kw>
<status status="PASS" starttime="20220615 09:23:18.895" endtime="20220615 09:23:18.895"/>
</kw>
<kw name="KW: Get the Row Count." library="setup_teardown_func">
<doc>This Keyword will count the total row used for the active sheet.</doc>
<kw name="Get Row Count" library="ExcellentLibrary">
<var>${The all row count is}</var>
<doc>Returns the number of non-empty rows in the active sheet.</doc>
<msg timestamp="20220615 09:23:18.895" level="INFO">${The all row count is} = 4</msg>
<status status="PASS" starttime="20220615 09:23:18.895" endtime="20220615 09:23:18.895"/>
</kw>
<kw name="Set Global Variable" library="BuiltIn">
<arg>${The all row count is}</arg>
<doc>Makes a variable available globally in all tests and suites.</doc>
<msg timestamp="20220615 09:23:18.895" level="INFO">${The all row count is} = 4</msg>
<status status="PASS" starttime="20220615 09:23:18.895" endtime="20220615 09:23:18.895"/>
</kw>
<status status="PASS" starttime="20220615 09:23:18.895" endtime="20220615 09:23:18.895"/>
</kw>
<kw name="KW: Globally evalutaing to the excel sheet." library="setup_teardown_func">
<doc>This Keyword will evaluate the total row used plus one extra row (EX: 33 rows used + 1 row).</doc>
<kw name="Evaluate" library="BuiltIn">
<var>${Next_Row_Evalute}</var>
<arg>${The all row count is}+1</arg>
<doc>Evaluates the given expression in Python and returns the result.</doc>
<msg timestamp="20220615 09:23:18.895" level="INFO">${Next_Row_Evalute} = 5</msg>
<status status="PASS" starttime="20220615 09:23:18.895" endtime="20220615 09:23:18.895"/>
</kw>
<kw name="Set Global Variable" library="BuiltIn">
<arg>${Next_Row_Evalute}</arg>
<doc>Makes a variable available globally in all tests and suites.</doc>
<msg timestamp="20220615 09:23:18.895" level="INFO">${Next_Row_Evalute} = 5</msg>
<status status="PASS" starttime="20220615 09:23:18.895" endtime="20220615 09:23:18.895"/>
</kw>
<status status="PASS" starttime="20220615 09:23:18.895" endtime="20220615 09:23:18.895"/>
</kw>
<status status="PASS" starttime="20220615 09:23:18.895" endtime="20220615 09:23:18.895"/>
</kw>
<kw name="Given KW: Create firstName &amp; LastName using Faker." library="setup_teardown_func">
<doc>This keyword will help to generate the unique firstName &amp; LastName.</doc>
<kw name="First Name" library="FakerLibrary">
<var>${Fake_First_Name}</var>
<msg timestamp="20220615 09:23:18.895" level="INFO">${Fake_First_Name} = Paul</msg>
<status status="PASS" starttime="20220615 09:23:18.895" endtime="20220615 09:23:18.895"/>
</kw>
<kw name="Last Name" library="FakerLibrary">
<var>${Fake_Last_Name}</var>
<msg timestamp="20220615 09:23:18.895" level="INFO">${Fake_Last_Name} = Cruz</msg>
<status status="PASS" starttime="20220615 09:23:18.895" endtime="20220615 09:23:18.895"/>
</kw>
<kw name="Set Global Variable" library="BuiltIn">
<arg>${Fake_First_Name}</arg>
<doc>Makes a variable available globally in all tests and suites.</doc>
<msg timestamp="20220615 09:23:18.895" level="INFO">${Fake_First_Name} = Paul</msg>
<status status="PASS" starttime="20220615 09:23:18.895" endtime="20220615 09:23:18.895"/>
</kw>
<kw name="Set Global Variable" library="BuiltIn">
<arg>${Fake_Last_Name}</arg>
<doc>Makes a variable available globally in all tests and suites.</doc>
<msg timestamp="20220615 09:23:18.895" level="INFO">${Fake_Last_Name} = Cruz</msg>
<status status="PASS" starttime="20220615 09:23:18.895" endtime="20220615 09:23:18.895"/>
</kw>
<kw name="Log" library="BuiltIn">
<arg>${Fake_First_Name}</arg>
<doc>Logs the given message with the given level.</doc>
<msg timestamp="20220615 09:23:18.895" level="INFO">Paul</msg>
<status status="PASS" starttime="20220615 09:23:18.895" endtime="20220615 09:23:18.895"/>
</kw>
<kw name="Log" library="BuiltIn">
<arg>${Fake_Last_Name}</arg>
<doc>Logs the given message with the given level.</doc>
<msg timestamp="20220615 09:23:18.895" level="INFO">Cruz</msg>
<status status="PASS" starttime="20220615 09:23:18.895" endtime="20220615 09:23:18.895"/>
</kw>
<status status="PASS" starttime="20220615 09:23:18.895" endtime="20220615 09:23:18.895"/>
</kw>
<kw name="Then KW: Saving the 1st &amp; Last name to excel." library="setup_teardown_func">
<kw name="Write To Cell" library="ExcellentLibrary">
<arg>B${Next_Row_Evalute}</arg>
<arg>${Fake_First_Name}</arg>
<doc>Writes a value to the supplied cell.</doc>
<status status="PASS" starttime="20220615 09:23:18.895" endtime="20220615 09:23:18.895"/>
</kw>
<kw name="Write To Cell" library="ExcellentLibrary">
<arg>C${Next_Row_Evalute}</arg>
<arg>${Fake_Last_Name}</arg>
<doc>Writes a value to the supplied cell.</doc>
<status status="PASS" starttime="20220615 09:23:18.895" endtime="20220615 09:23:18.895"/>
</kw>
<status status="PASS" starttime="20220615 09:23:18.895" endtime="20220615 09:23:18.895"/>
</kw>
<kw name="And KW: Create total price using Faker." library="setup_teardown_func">
<doc>This keyword will help to generate the unique price value.</doc>
<kw name="Pyint" library="FakerLibrary">
<var>${Faker_Price_Value}</var>
<arg>min_value=1111</arg>
<arg>max_value=9999</arg>
<arg>step=1</arg>
<msg timestamp="20220615 09:23:18.895" level="INFO">${Faker_Price_Value} = 8171</msg>
<status status="PASS" starttime="20220615 09:23:18.895" endtime="20220615 09:23:18.895"/>
</kw>
<kw name="Set Global Variable" library="BuiltIn">
<arg>${Faker_Price_Value}</arg>
<doc>Makes a variable available globally in all tests and suites.</doc>
<msg timestamp="20220615 09:23:18.895" level="INFO">${Faker_Price_Value} = 8171</msg>
<status status="PASS" starttime="20220615 09:23:18.895" endtime="20220615 09:23:18.895"/>
</kw>
<kw name="Log" library="BuiltIn">
<arg>${Faker_Price_Value}</arg>
<doc>Logs the given message with the given level.</doc>
<msg timestamp="20220615 09:23:18.895" level="INFO">8171</msg>
<status status="PASS" starttime="20220615 09:23:18.895" endtime="20220615 09:23:18.895"/>
</kw>
<status status="PASS" starttime="20220615 09:23:18.895" endtime="20220615 09:23:18.895"/>
</kw>
<kw name="Then KW: Saving the fake price value to excel." library="setup_teardown_func">
<kw name="Write To Cell" library="ExcellentLibrary">
<arg>D${Next_Row_Evalute}</arg>
<arg>${Faker_Price_Value}</arg>
<doc>Writes a value to the supplied cell.</doc>
<status status="PASS" starttime="20220615 09:23:18.895" endtime="20220615 09:23:18.895"/>
</kw>
<status status="PASS" starttime="20220615 09:23:18.895" endtime="20220615 09:23:18.895"/>
</kw>
<kw name="Then KW: Create dummy word using Faker." library="setup_teardown_func">
<doc>This keyword will help to generate the unique dummy word.</doc>
<kw name="Word" library="FakerLibrary">
<var>${Faker_words}</var>
<arg>ext_word_list=None</arg>
<doc>Generate a word.</doc>
<msg timestamp="20220615 09:23:18.895" level="INFO">${Faker_words} = staff</msg>
<status status="PASS" starttime="20220615 09:23:18.895" endtime="20220615 09:23:18.895"/>
</kw>
<kw name="Set Global Variable" library="BuiltIn">
<arg>${Faker_words}</arg>
<doc>Makes a variable available globally in all tests and suites.</doc>
<msg timestamp="20220615 09:23:18.895" level="INFO">${Faker_words} = staff</msg>
<status status="PASS" starttime="20220615 09:23:18.895" endtime="20220615 09:23:18.895"/>
</kw>
<kw name="Log" library="BuiltIn">
<arg>${Faker_words}</arg>
<doc>Logs the given message with the given level.</doc>
<msg timestamp="20220615 09:23:18.895" level="INFO">staff</msg>
<status status="PASS" starttime="20220615 09:23:18.895" endtime="20220615 09:23:18.895"/>
</kw>
<status status="PASS" starttime="20220615 09:23:18.895" endtime="20220615 09:23:18.895"/>
</kw>
<kw name="KW: Saving the fake word to excel." library="setup_teardown_func">
<kw name="Write To Cell" library="ExcellentLibrary">
<arg>H${Next_Row_Evalute}</arg>
<arg>${Faker_words}</arg>
<doc>Writes a value to the supplied cell.</doc>
<status status="PASS" starttime="20220615 09:23:18.895" endtime="20220615 09:23:18.895"/>
</kw>
<status status="PASS" starttime="20220615 09:23:18.895" endtime="20220615 09:23:18.895"/>
</kw>
<kw name="And KW: Today's Date is." library="setup_teardown_func">
<doc>This Keyword will help to generate current date the TC executed.</doc>
<kw name="Date This Month" library="FakerLibrary">
<var>${CurrentDate}</var>
<doc>Gets a Date object for the current month.</doc>
<msg timestamp="20220615 09:23:18.895" level="INFO">${CurrentDate} = 2022-06-12</msg>
<status status="PASS" starttime="20220615 09:23:18.895" endtime="20220615 09:23:18.895"/>
</kw>
<kw name="Set Global Variable" library="BuiltIn">
<arg>${CurrentDate}</arg>
<doc>Makes a variable available globally in all tests and suites.</doc>
<msg timestamp="20220615 09:23:18.895" level="INFO">${CurrentDate} = 2022-06-12</msg>
<status status="PASS" starttime="20220615 09:23:18.895" endtime="20220615 09:23:18.895"/>
</kw>
<status status="PASS" starttime="20220615 09:23:18.895" endtime="20220615 09:23:18.895"/>
</kw>
<kw name="Then KW: Saving the current date to excel." library="setup_teardown_func">
<kw name="Write To Cell" library="ExcellentLibrary">
<arg>F${Next_Row_Evalute}</arg>
<arg>${CurrentDate}</arg>
<doc>Writes a value to the supplied cell.</doc>
<status status="PASS" starttime="20220615 09:23:18.911" endtime="20220615 09:23:18.911"/>
</kw>
<status status="PASS" starttime="20220615 09:23:18.911" endtime="20220615 09:23:18.911"/>
</kw>
<kw name="Then KW: Saving the current date&amp;time to excel." library="setup_teardown_func">
<kw name="Get Current Date" library="DateTime">
<var>${Get current time of system}</var>
<doc>Returns current local or UTC time with an optional increment.</doc>
<msg timestamp="20220615 09:23:18.911" level="INFO">${Get current time of system} = 2022-06-15 09:23:18.911</msg>
<status status="PASS" starttime="20220615 09:23:18.911" endtime="20220615 09:23:18.911"/>
</kw>
<kw name="Write To Cell" library="ExcellentLibrary">
<arg>L${Next_Row_Evalute}</arg>
<arg>${Get current time of system}</arg>
<doc>Writes a value to the supplied cell.</doc>
<status status="PASS" starttime="20220615 09:23:18.911" endtime="20220615 09:23:18.911"/>
</kw>
<status status="PASS" starttime="20220615 09:23:18.911" endtime="20220615 09:23:18.911"/>
</kw>
<kw name="Then KW: Future's Date is." library="setup_teardown_func">
<doc>This Keyword will help to generate future date the TC executed.</doc>
<kw name="Future Date" library="FakerLibrary">
<var>${FutureDate}</var>
<doc>Get a Date object based on a random date between 1 day from now and a
given date.
Accepts date strings that can be recognized by strtotime().</doc>
<msg timestamp="20220615 09:23:18.911" level="INFO">${FutureDate} = 2022-06-17</msg>
<status status="PASS" starttime="20220615 09:23:18.911" endtime="20220615 09:23:18.911"/>
</kw>
<kw name="Set Global Variable" library="BuiltIn">
<arg>${FutureDate}</arg>
<doc>Makes a variable available globally in all tests and suites.</doc>
<msg timestamp="20220615 09:23:18.911" level="INFO">${FutureDate} = 2022-06-17</msg>
<status status="PASS" starttime="20220615 09:23:18.911" endtime="20220615 09:23:18.911"/>
</kw>
<status status="PASS" starttime="20220615 09:23:18.911" endtime="20220615 09:23:18.911"/>
</kw>
<kw name="And KW: Saving the future date to excel." library="setup_teardown_func">
<kw name="Write To Cell" library="ExcellentLibrary">
<arg>G${Next_Row_Evalute}</arg>
<arg>${FutureDate}</arg>
<doc>Writes a value to the supplied cell.</doc>
<status status="PASS" starttime="20220615 09:23:18.911" endtime="20220615 09:23:18.911"/>
</kw>
<status status="PASS" starttime="20220615 09:23:18.911" endtime="20220615 09:23:18.911"/>
</kw>
<kw name="And KW: List for Random True &amp; False." library="setup_teardown_func">
<doc>Flag for Random True or False.</doc>
<kw name="Create List" library="BuiltIn">
<var>@{List for True or False}</var>
<arg>true</arg>
<arg>false</arg>
<doc>Returns a list containing given items.</doc>
<msg timestamp="20220615 09:23:18.911" level="INFO">@{List for True or False} = [ true | false ]</msg>
<status status="PASS" starttime="20220615 09:23:18.911" endtime="20220615 09:23:18.911"/>
</kw>
<kw name="Log" library="BuiltIn">
<arg>${List for True or False}</arg>
<doc>Logs the given message with the given level.</doc>
<msg timestamp="20220615 09:23:18.911" level="INFO">['true', 'false']</msg>
<status status="PASS" starttime="20220615 09:23:18.911" endtime="20220615 09:23:18.911"/>
</kw>
<kw name="Get Length" library="BuiltIn">
<var>${Length_Of_month_Lists_Items}</var>
<arg>${List for True or False}</arg>
<doc>Returns and logs the length of the given item as an integer.</doc>
<msg timestamp="20220615 09:23:18.911" level="INFO">Length is 2</msg>
<msg timestamp="20220615 09:23:18.911" level="INFO">${Length_Of_month_Lists_Items} = 2</msg>
<status status="PASS" starttime="20220615 09:23:18.911" endtime="20220615 09:23:18.911"/>
</kw>
<kw name="Evaluate" library="BuiltIn">
<var>${random_NUMBER}</var>
<arg>random.randint(0,${Length_Of_month_Lists_Items}-1)</arg>
<doc>Evaluates the given expression in Python and returns the result.</doc>
<msg timestamp="20220615 09:23:18.917" level="INFO">${random_NUMBER} = 1</msg>
<status status="PASS" starttime="20220615 09:23:18.917" endtime="20220615 09:23:18.917"/>
</kw>
<kw name="Log" library="BuiltIn">
<arg>${random_NUMBER}</arg>
<doc>Logs the given message with the given level.</doc>
<msg timestamp="20220615 09:23:18.917" level="INFO">1</msg>
<status status="PASS" starttime="20220615 09:23:18.917" endtime="20220615 09:23:18.917"/>
</kw>
<kw name="Get From List" library="Collections">
<var>${The Boolean value is}</var>
<arg>${List for True or False}</arg>
<arg>${random_NUMBER}</arg>
<doc>Returns the value specified with an ``index`` from ``list``.</doc>
<msg timestamp="20220615 09:23:18.917" level="INFO">${The Boolean value is} = false</msg>
<status status="PASS" starttime="20220615 09:23:18.917" endtime="20220615 09:23:18.917"/>
</kw>
<kw name="Set Global Variable" library="BuiltIn">
<arg>${The Boolean value is}</arg>
<doc>Makes a variable available globally in all tests and suites.</doc>
<msg timestamp="20220615 09:23:18.917" level="INFO">${The Boolean value is} = false</msg>
<status status="PASS" starttime="20220615 09:23:18.917" endtime="20220615 09:23:18.917"/>
</kw>
<status status="PASS" starttime="20220615 09:23:18.911" endtime="20220615 09:23:18.917"/>
</kw>
<kw name="When KW: Creating Booking POST Session." library="kw_2_createbooking">
<doc>Create a HTTP session to a server.
With an alias, where Robot Framework alias is to identify the session.
Including the Base url of the server
Verify HTTPS request is being made in Robot Framework.</doc>
<kw name="Create Session" library="RequestsLibrary">
<arg>Restful_Brooker</arg>
<arg>${API BASE URL}</arg>
<arg>verify=True</arg>
<doc>Create Session: create a HTTP session to a server</doc>
<msg timestamp="20220615 09:23:18.917" level="INFO">Creating Session using : alias=Restful_Brooker, url=https://restful-booker.herokuapp.com, headers={},                     cookies={}, auth=None, timeout=None, proxies=None, verify=True,                     debug=0 </msg>
<status status="PASS" starttime="20220615 09:23:18.917" endtime="20220615 09:23:18.917"/>
</kw>
<status status="PASS" starttime="20220615 09:23:18.917" endtime="20220615 09:23:18.917"/>
</kw>
<kw name="Then KW: Request Header." library="kw_2_createbooking">
<doc>APIs require to send particular headers along with requests, typically to provide additional metadata about the operation that are performing.
Can set these up in the Headers.
Enter any key-value pairs needed and it will be send along with the request.</doc>
<kw name="KW for User Agent" library="user_agents">
<kw name="Get Length" library="BuiltIn">
<var>${Length_Of_user_agents_Lists_Items}</var>
<arg>${user_agents list}</arg>
<doc>Returns and logs the length of the given item as an integer.</doc>
<msg timestamp="20220615 09:23:18.917" level="INFO">Length is 56</msg>
<msg timestamp="20220615 09:23:18.917" level="INFO">${Length_Of_user_agents_Lists_Items} = 56</msg>
<status status="PASS" starttime="20220615 09:23:18.917" endtime="20220615 09:23:18.917"/>
</kw>
<kw name="Evaluate" library="BuiltIn">
<var>${random_NUMBER}</var>
<arg>random.randint(0,${Length_Of_user_agents_Lists_Items}-1)</arg>
<doc>Evaluates the given expression in Python and returns the result.</doc>
<msg timestamp="20220615 09:23:18.917" level="INFO">${random_NUMBER} = 52</msg>
<status status="PASS" starttime="20220615 09:23:18.917" endtime="20220615 09:23:18.917"/>
</kw>
<kw name="Get From List" library="Collections">
<var>${useragent}</var>
<arg>${user_agents list}</arg>
<arg>${random_NUMBER}</arg>
<doc>Returns the value specified with an ``index`` from ``list``.</doc>
<msg timestamp="20220615 09:23:18.917" level="INFO">${useragent} = Mozilla/5.0 (Linux; Android 10; SM-N960U) AppleWebKit/537.36 (KHTML, like Gecko) Chrome/90.0.4430.82 Mobile Safari/537.36</msg>
<status status="PASS" starttime="20220615 09:23:18.917" endtime="20220615 09:23:18.917"/>
</kw>
<kw name="Set Global Variable" library="BuiltIn">
<arg>${useragent}</arg>
<doc>Makes a variable available globally in all tests and suites.</doc>
<msg timestamp="20220615 09:23:18.917" level="INFO">${useragent} = Mozilla/5.0 (Linux; Android 10; SM-N960U) AppleWebKit/537.36 (KHTML, like Gecko) Chrome/90.0.4430.82 Mobile Safari/537.36</msg>
<status status="PASS" starttime="20220615 09:23:18.917" endtime="20220615 09:23:18.917"/>
</kw>
<status status="PASS" starttime="20220615 09:23:18.917" endtime="20220615 09:23:18.917"/>
</kw>
<kw name="Create Dictionary" library="BuiltIn">
<var>${Header}</var>
<arg>User-Agent=${useragent}</arg>
<arg>Content-Type=application/json</arg>
<arg>accept=application/json</arg>
<doc>Creates and returns a dictionary based on the given ``items``.</doc>
<msg timestamp="20220615 09:23:18.917" level="INFO">${Header} = {'User-Agent': 'Mozilla/5.0 (Linux; Android 10; SM-N960U) AppleWebKit/537.36 (KHTML, like Gecko) Chrome/90.0.4430.82 Mobile Safari/537.36', 'Content-Type': 'application/json', 'accept': 'application/j...</msg>
<status status="PASS" starttime="20220615 09:23:18.917" endtime="20220615 09:23:18.917"/>
</kw>
<kw name="Set Global Variable" library="BuiltIn">
<arg>${Header}</arg>
<doc>Makes a variable available globally in all tests and suites.</doc>
<msg timestamp="20220615 09:23:18.917" level="INFO">${Header} = {'User-Agent': 'Mozilla/5.0 (Linux; Android 10; SM-N960U) AppleWebKit/537.36 (KHTML, like Gecko) Chrome/90.0.4430.82 Mobile Safari/537.36', 'Content-Type': 'application/json', 'accept': 'application/j...</msg>
<status status="PASS" starttime="20220615 09:23:18.917" endtime="20220615 09:23:18.917"/>
</kw>
<status status="PASS" starttime="20220615 09:23:18.917" endtime="20220615 09:23:18.917"/>
</kw>
<kw name="And KW: POST Body with JSON Keys &amp; Value." library="kw_2_createbooking">
<doc>Need to send body data using KEY-VALUE pairs with requests whenever need to add or update structured data.</doc>
<kw name="Catenate" library="BuiltIn">
<var>${Body}</var>
<arg>{</arg>
<arg>"firstname" : "${Fake_First_Name}",</arg>
<arg>"lastname" : "${Fake_Last_Name}",</arg>
<arg>"totalprice" : ${Faker_Price_Value},</arg>
<arg>"depositpaid" : ${The Boolean value is},</arg>
<arg>"bookingdates" :</arg>
<arg>{</arg>
<arg>"checkin" : "${CurrentDate}",</arg>
<arg>"checkout" : "${FutureDate}" },</arg>
<arg>"additionalneeds" : "${Faker_words}"</arg>
<arg>}</arg>
<doc>Catenates the given items together and returns the resulted string.</doc>
<msg timestamp="20220615 09:23:18.917" level="INFO">${Body} = { "firstname" : "Paul", "lastname" : "Cruz", "totalprice" : 8171, "depositpaid" : false, "bookingdates" : { "checkin" : "2022-06-12", "checkout" : "2022-06-17" }, "additionalneeds" : "staff" }</msg>
<status status="PASS" starttime="20220615 09:23:18.917" endtime="20220615 09:23:18.917"/>
</kw>
<kw name="Set Global Variable" library="BuiltIn">
<arg>${Body}</arg>
<doc>Makes a variable available globally in all tests and suites.</doc>
<msg timestamp="20220615 09:23:18.917" level="INFO">${Body} = { "firstname" : "Paul", "lastname" : "Cruz", "totalprice" : 8171, "depositpaid" : false, "bookingdates" : { "checkin" : "2022-06-12", "checkout" : "2022-06-17" }, "additionalneeds" : "staff" }</msg>
<status status="PASS" starttime="20220615 09:23:18.917" endtime="20220615 09:23:18.917"/>
</kw>
<status status="PASS" starttime="20220615 09:23:18.917" endtime="20220615 09:23:18.917"/>
</kw>
<kw name="Run Keyword And Continue On Failure" library="BuiltIn">
<arg>KW: Response of the POST Request.</arg>
<doc>Runs the keyword and continues execution even if a failure occurs.</doc>
<kw name="KW: Response of the POST Request." library="kw_2_createbooking">
<doc>The response viewer helps to ensure the correctness of API responses.
An API response consists of the body, headers, and the status code.
It organizes body and headers in different forms.
The status code and the completion time of the API call is visible.
The response also contains the HTTP specification default description.
However, API authors can also add custom message.</doc>
<kw name="POST On Session" library="RequestsLibrary">
<var>${Response}</var>
<arg>Restful_Brooker</arg>
<arg>${API CreateBooking END POINT}</arg>
<arg>data=${Body}</arg>
<arg>headers=${Header}</arg>
<doc>Sends a POST request on a previously created HTTP Session.</doc>
<msg timestamp="20220615 09:23:20.567" level="INFO">POST Request : url=https://restful-booker.herokuapp.com/booking 
 path_url=/booking 
 headers={'User-Agent': 'Mozilla/5.0 (Linux; Android 10; SM-N960U) AppleWebKit/537.36 (KHTML, like Gecko) Chrome/90.0.4430.82 Mobile Safari/537.36', 'Accept-Encoding': 'gzip, deflate', 'accept': 'application/json', 'Connection': 'keep-alive', 'Content-Type': 'application/json', 'Content-Length': '192'} 
 body={ "firstname" : "Paul", "lastname" : "Cruz", "totalprice" : 8171, "depositpaid" : false, "bookingdates" : { "checkin" : "2022-06-12", "checkout" : "2022-06-17" }, "additionalneeds" : "staff" } 
 </msg>
<msg timestamp="20220615 09:23:20.567" level="INFO">POST Response : url=https://restful-booker.herokuapp.com/booking 
 status=200, reason=OK 
 headers={'Server': 'Cowboy', 'Connection': 'keep-alive', 'X-Powered-By': 'Express', 'Content-Type': 'application/json; charset=utf-8', 'Content-Length': '195', 'Etag': 'W/"c3-M2vlmwKhAEj1v2dOc0+/EjT64AE"', 'Date': 'Wed, 15 Jun 2022 03:53:20 GMT', 'Via': '1.1 vegur'} 
 body={"bookingid":2920,"booking":{"firstname":"Paul","lastname":"Cruz","totalprice":8171,"depositpaid":false,"bookingdates":{"checkin":"2022-06-12","checkout":"2022-06-17"},"additionalneeds":"staff"}} 
 </msg>
<msg timestamp="20220615 09:23:20.567" level="INFO">${Response} = &lt;Response [200]&gt;</msg>
<status status="PASS" starttime="20220615 09:23:18.917" endtime="20220615 09:23:20.567"/>
</kw>
<kw name="Set Global Variable" library="BuiltIn">
<arg>${Response}</arg>
<doc>Makes a variable available globally in all tests and suites.</doc>
<msg timestamp="20220615 09:23:20.583" level="INFO">${Response} = &lt;Response [200]&gt;</msg>
<status status="PASS" starttime="20220615 09:23:20.583" endtime="20220615 09:23:20.583"/>
</kw>
<status status="PASS" starttime="20220615 09:23:18.917" endtime="20220615 09:23:20.583"/>
</kw>
<status status="PASS" starttime="20220615 09:23:18.917" endtime="20220615 09:23:20.583"/>
</kw>
<kw name="Convert To String" library="BuiltIn">
<var>${The cumalative response is}</var>
<arg>${Response}</arg>
<doc>Converts the given item to a Unicode string.</doc>
<msg timestamp="20220615 09:23:20.583" level="INFO">${The cumalative response is} = &lt;Response [200]&gt;</msg>
<status status="PASS" starttime="20220615 09:23:20.583" endtime="20220615 09:23:20.583"/>
</kw>
<kw name="Write To Cell" library="ExcellentLibrary">
<arg>K${Next_Row_Evalute}</arg>
<arg>${The cumalative response is}</arg>
<doc>Writes a value to the supplied cell.</doc>
<status status="PASS" starttime="20220615 09:23:20.583" endtime="20220615 09:23:20.583"/>
</kw>
<kw name="Convert To String" library="BuiltIn">
<var>${Status_Code}</var>
<arg>${Response.status_code}</arg>
<doc>Converts the given item to a Unicode string.</doc>
<msg timestamp="20220615 09:23:20.583" level="INFO">${Status_Code} = 200</msg>
<status status="PASS" starttime="20220615 09:23:20.583" endtime="20220615 09:23:20.583"/>
</kw>
<kw name="Write To Cell" library="ExcellentLibrary">
<arg>I${Next_Row_Evalute}</arg>
<arg>${Status_Code}</arg>
<doc>Writes a value to the supplied cell.</doc>
<status status="PASS" starttime="20220615 09:23:20.583" endtime="20220615 09:23:20.583"/>
</kw>
<kw name="Should Be Equal" library="BuiltIn">
<arg>${Status_Code}</arg>
<arg>200</arg>
<doc>Fails if the given objects are unequal.</doc>
<status status="PASS" starttime="20220615 09:23:20.583" endtime="20220615 09:23:20.583"/>
</kw>
<kw name="Status Should Be" library="RequestsLibrary">
<arg>200</arg>
<arg>${Response}</arg>
<doc>Fails if response status code is different than the expected.</doc>
<status status="PASS" starttime="20220615 09:23:20.583" endtime="20220615 09:23:20.583"/>
</kw>
<kw name="Request Should Be Successful" library="RequestsLibrary">
<arg>${Response}</arg>
<doc>Fails if response status code is a client or server error (4xx, 5xx).</doc>
<status status="PASS" starttime="20220615 09:23:20.583" endtime="20220615 09:23:20.583"/>
</kw>
<kw name="Convert To String" library="BuiltIn">
<var>${JSON_Content}</var>
<arg>${Response.content}</arg>
<doc>Converts the given item to a Unicode string.</doc>
<msg timestamp="20220615 09:23:20.583" level="INFO">${JSON_Content} = {"bookingid":2920,"booking":{"firstname":"Paul","lastname":"Cruz","totalprice":8171,"depositpaid":false,"bookingdates":{"checkin":"2022-06-12","checkout":"2022-06-17"},"additionalneeds":"staff"}}</msg>
<status status="PASS" starttime="20220615 09:23:20.583" endtime="20220615 09:23:20.583"/>
</kw>
<kw name="Write To Cell" library="ExcellentLibrary">
<arg>J${Next_Row_Evalute}</arg>
<arg>${JSON_Content}</arg>
<doc>Writes a value to the supplied cell.</doc>
<status status="PASS" starttime="20220615 09:23:20.583" endtime="20220615 09:23:20.583"/>
</kw>
<kw name="Set Global Variable" library="BuiltIn">
<arg>${JSON_Content}</arg>
<doc>Makes a variable available globally in all tests and suites.</doc>
<msg timestamp="20220615 09:23:20.583" level="INFO">${JSON_Content} = {"bookingid":2920,"booking":{"firstname":"Paul","lastname":"Cruz","totalprice":8171,"depositpaid":false,"bookingdates":{"checkin":"2022-06-12","checkout":"2022-06-17"},"additionalneeds":"staff"}}</msg>
<status status="PASS" starttime="20220615 09:23:20.583" endtime="20220615 09:23:20.583"/>
</kw>
<kw name="Convert String To JSON" library="JSONLibrary">
<var>${json}</var>
<arg>${JSON_Content}</arg>
<doc>Convert String to JSON object</doc>
<msg timestamp="20220615 09:23:20.583" level="INFO">${json} = {'bookingid': 2920, 'booking': {'firstname': 'Paul', 'lastname': 'Cruz', 'totalprice': 8171, 'depositpaid': False, 'bookingdates': {'checkin': '2022-06-12', 'checkout': '2022-06-17'}, 'additionalneeds...</msg>
<status status="PASS" starttime="20220615 09:23:20.583" endtime="20220615 09:23:20.583"/>
</kw>
<kw name="Get Value From Json" library="JSONLibrary">
<var>${Booking_ID_Code}</var>
<arg>${json}</arg>
<arg>$.bookingid</arg>
<doc>Get Value From JSON using JSONPath</doc>
<msg timestamp="20220615 09:23:20.598" level="INFO">${Booking_ID_Code} = [2920]</msg>
<status status="PASS" starttime="20220615 09:23:20.583" endtime="20220615 09:23:20.598"/>
</kw>
<kw name="Get From List" library="Collections">
<var>${Booking_ID_Code_fetching_from_list}</var>
<arg>${Booking_ID_Code}</arg>
<arg>0</arg>
<doc>Returns the value specified with an ``index`` from ``list``.</doc>
<msg timestamp="20220615 09:23:20.614" level="INFO">${Booking_ID_Code_fetching_from_list} = 2920</msg>
<status status="PASS" starttime="20220615 09:23:20.614" endtime="20220615 09:23:20.614"/>
</kw>
<kw name="Convert To String" library="BuiltIn">
<var>${Booking_ID_Code_String}</var>
<arg>${Booking_ID_Code_fetching_from_list}</arg>
<doc>Converts the given item to a Unicode string.</doc>
<msg timestamp="20220615 09:23:20.614" level="INFO">${Booking_ID_Code_String} = 2920</msg>
<status status="PASS" starttime="20220615 09:23:20.614" endtime="20220615 09:23:20.614"/>
</kw>
<kw name="Write To Cell" library="ExcellentLibrary">
<arg>A${Next_Row_Evalute}</arg>
<arg>${Booking_ID_Code_String}</arg>
<doc>Writes a value to the supplied cell.</doc>
<status status="PASS" starttime="20220615 09:23:20.614" endtime="20220615 09:23:20.614"/>
</kw>
<kw name="Get Value From Json" library="JSONLibrary">
<var>${depositpaid_true_or_false}</var>
<arg>${json}</arg>
<arg>$.booking.depositpaid</arg>
<doc>Get Value From JSON using JSONPath</doc>
<msg timestamp="20220615 09:23:20.630" level="INFO">${depositpaid_true_or_false} = [False]</msg>
<status status="PASS" starttime="20220615 09:23:20.614" endtime="20220615 09:23:20.630"/>
</kw>
<kw name="Get From List" library="Collections">
<var>${depositpaid_true_or_false get from list}</var>
<arg>${depositpaid_true_or_false}</arg>
<arg>0</arg>
<doc>Returns the value specified with an ``index`` from ``list``.</doc>
<msg timestamp="20220615 09:23:20.630" level="INFO">${depositpaid_true_or_false get from list} = False</msg>
<status status="PASS" starttime="20220615 09:23:20.630" endtime="20220615 09:23:20.630"/>
</kw>
<kw name="Convert To String" library="BuiltIn">
<var>${true_or_false_to_String}</var>
<arg>${depositpaid_true_or_false get from list}</arg>
<doc>Converts the given item to a Unicode string.</doc>
<msg timestamp="20220615 09:23:20.630" level="INFO">${true_or_false_to_String} = False</msg>
<status status="PASS" starttime="20220615 09:23:20.630" endtime="20220615 09:23:20.630"/>
</kw>
<kw name="Write To Cell" library="ExcellentLibrary">
<arg>E${Next_Row_Evalute}</arg>
<arg>${true_or_false_to_String}</arg>
<doc>Writes a value to the supplied cell.</doc>
<status status="PASS" starttime="20220615 09:23:20.636" endtime="20220615 09:23:20.636"/>
</kw>
<kw name="Session Exists" library="RequestsLibrary">
<var>${exists}</var>
<arg>Restful_Brooker</arg>
<doc>Return True if the session has been already created</doc>
<msg timestamp="20220615 09:23:20.636" level="INFO">${exists} = True</msg>
<status status="PASS" starttime="20220615 09:23:20.636" endtime="20220615 09:23:20.636"/>
</kw>
<kw name="Should Be True" library="BuiltIn">
<arg>${exists}</arg>
<doc>Fails if the given condition is not true.</doc>
<status status="PASS" starttime="20220615 09:23:20.636" endtime="20220615 09:23:20.636"/>
</kw>
<kw name="Convert To String" library="BuiltIn">
<var>${JSON_Convert}</var>
<arg>${Response.json()}</arg>
<doc>Converts the given item to a Unicode string.</doc>
<msg timestamp="20220615 09:23:20.636" level="INFO">${JSON_Convert} = {'bookingid': 2920, 'booking': {'firstname': 'Paul', 'lastname': 'Cruz', 'totalprice': 8171, 'depositpaid': False, 'bookingdates': {'checkin': '2022-06-12', 'checkout': '2022-06-17'}, 'additionalneeds...</msg>
<status status="PASS" starttime="20220615 09:23:20.636" endtime="20220615 09:23:20.636"/>
</kw>
<kw name="Then KW: To save &amp; close the workbook to the specified path." library="setup_teardown_func">
<doc>This Keyword will help to save all the data's written to the sheet and will close it safely.</doc>
<kw name="Save" library="ExcellentLibrary">
<doc>Saves the changes to the currently active workbook.</doc>
<status status="PASS" starttime="20220615 09:23:20.636" endtime="20220615 09:23:20.652"/>
</kw>
<kw name="Close Workbook" library="ExcellentLibrary">
<doc>Closes the workbook identified by the supplied alias.</doc>
<status status="PASS" starttime="20220615 09:23:20.652" endtime="20220615 09:23:20.652"/>
</kw>
<status status="PASS" starttime="20220615 09:23:20.636" endtime="20220615 09:23:20.652"/>
</kw>
<doc>This TC is to create booking with user details.</doc>
<tag>Positive</tag>
<status status="PASS" starttime="20220615 09:23:18.880" endtime="20220615 09:23:20.652"/>
</test>
<test id="s1-s2-t2" name="TC-2 [POST] CREATE BOOKING FOR THE BOOK - UNSUCCESSFUL(Invalid Body)" line="102">
<kw name="Given KW: Create firstName &amp; LastName using Faker." library="setup_teardown_func">
<doc>This keyword will help to generate the unique firstName &amp; LastName.</doc>
<kw name="First Name" library="FakerLibrary">
<var>${Fake_First_Name}</var>
<msg timestamp="20220615 09:23:20.652" level="INFO">${Fake_First_Name} = Natalie</msg>
<status status="PASS" starttime="20220615 09:23:20.652" endtime="20220615 09:23:20.652"/>
</kw>
<kw name="Last Name" library="FakerLibrary">
<var>${Fake_Last_Name}</var>
<msg timestamp="20220615 09:23:20.652" level="INFO">${Fake_Last_Name} = Keith</msg>
<status status="PASS" starttime="20220615 09:23:20.652" endtime="20220615 09:23:20.652"/>
</kw>
<kw name="Set Global Variable" library="BuiltIn">
<arg>${Fake_First_Name}</arg>
<doc>Makes a variable available globally in all tests and suites.</doc>
<msg timestamp="20220615 09:23:20.652" level="INFO">${Fake_First_Name} = Natalie</msg>
<status status="PASS" starttime="20220615 09:23:20.652" endtime="20220615 09:23:20.652"/>
</kw>
<kw name="Set Global Variable" library="BuiltIn">
<arg>${Fake_Last_Name}</arg>
<doc>Makes a variable available globally in all tests and suites.</doc>
<msg timestamp="20220615 09:23:20.652" level="INFO">${Fake_Last_Name} = Keith</msg>
<status status="PASS" starttime="20220615 09:23:20.652" endtime="20220615 09:23:20.652"/>
</kw>
<kw name="Log" library="BuiltIn">
<arg>${Fake_First_Name}</arg>
<doc>Logs the given message with the given level.</doc>
<msg timestamp="20220615 09:23:20.652" level="INFO">Natalie</msg>
<status status="PASS" starttime="20220615 09:23:20.652" endtime="20220615 09:23:20.652"/>
</kw>
<kw name="Log" library="BuiltIn">
<arg>${Fake_Last_Name}</arg>
<doc>Logs the given message with the given level.</doc>
<msg timestamp="20220615 09:23:20.652" level="INFO">Keith</msg>
<status status="PASS" starttime="20220615 09:23:20.652" endtime="20220615 09:23:20.652"/>
</kw>
<status status="PASS" starttime="20220615 09:23:20.652" endtime="20220615 09:23:20.652"/>
</kw>
<kw name="And KW: Create total price using Faker." library="setup_teardown_func">
<doc>This keyword will help to generate the unique price value.</doc>
<kw name="Pyint" library="FakerLibrary">
<var>${Faker_Price_Value}</var>
<arg>min_value=1111</arg>
<arg>max_value=9999</arg>
<arg>step=1</arg>
<msg timestamp="20220615 09:23:20.652" level="INFO">${Faker_Price_Value} = 8508</msg>
<status status="PASS" starttime="20220615 09:23:20.652" endtime="20220615 09:23:20.652"/>
</kw>
<kw name="Set Global Variable" library="BuiltIn">
<arg>${Faker_Price_Value}</arg>
<doc>Makes a variable available globally in all tests and suites.</doc>
<msg timestamp="20220615 09:23:20.652" level="INFO">${Faker_Price_Value} = 8508</msg>
<status status="PASS" starttime="20220615 09:23:20.652" endtime="20220615 09:23:20.652"/>
</kw>
<kw name="Log" library="BuiltIn">
<arg>${Faker_Price_Value}</arg>
<doc>Logs the given message with the given level.</doc>
<msg timestamp="20220615 09:23:20.652" level="INFO">8508</msg>
<status status="PASS" starttime="20220615 09:23:20.652" endtime="20220615 09:23:20.652"/>
</kw>
<status status="PASS" starttime="20220615 09:23:20.652" endtime="20220615 09:23:20.652"/>
</kw>
<kw name="Then KW: Create dummy word using Faker." library="setup_teardown_func">
<doc>This keyword will help to generate the unique dummy word.</doc>
<kw name="Word" library="FakerLibrary">
<var>${Faker_words}</var>
<arg>ext_word_list=None</arg>
<doc>Generate a word.</doc>
<msg timestamp="20220615 09:23:20.652" level="INFO">${Faker_words} = partner</msg>
<status status="PASS" starttime="20220615 09:23:20.652" endtime="20220615 09:23:20.652"/>
</kw>
<kw name="Set Global Variable" library="BuiltIn">
<arg>${Faker_words}</arg>
<doc>Makes a variable available globally in all tests and suites.</doc>
<msg timestamp="20220615 09:23:20.652" level="INFO">${Faker_words} = partner</msg>
<status status="PASS" starttime="20220615 09:23:20.652" endtime="20220615 09:23:20.652"/>
</kw>
<kw name="Log" library="BuiltIn">
<arg>${Faker_words}</arg>
<doc>Logs the given message with the given level.</doc>
<msg timestamp="20220615 09:23:20.652" level="INFO">partner</msg>
<status status="PASS" starttime="20220615 09:23:20.652" endtime="20220615 09:23:20.652"/>
</kw>
<status status="PASS" starttime="20220615 09:23:20.652" endtime="20220615 09:23:20.652"/>
</kw>
<kw name="And KW: Today's Date is." library="setup_teardown_func">
<doc>This Keyword will help to generate current date the TC executed.</doc>
<kw name="Date This Month" library="FakerLibrary">
<var>${CurrentDate}</var>
<doc>Gets a Date object for the current month.</doc>
<msg timestamp="20220615 09:23:20.667" level="INFO">${CurrentDate} = 2022-06-05</msg>
<status status="PASS" starttime="20220615 09:23:20.667" endtime="20220615 09:23:20.667"/>
</kw>
<kw name="Set Global Variable" library="BuiltIn">
<arg>${CurrentDate}</arg>
<doc>Makes a variable available globally in all tests and suites.</doc>
<msg timestamp="20220615 09:23:20.667" level="INFO">${CurrentDate} = 2022-06-05</msg>
<status status="PASS" starttime="20220615 09:23:20.667" endtime="20220615 09:23:20.667"/>
</kw>
<status status="PASS" starttime="20220615 09:23:20.667" endtime="20220615 09:23:20.667"/>
</kw>
<kw name="Then KW: Future's Date is." library="setup_teardown_func">
<doc>This Keyword will help to generate future date the TC executed.</doc>
<kw name="Future Date" library="FakerLibrary">
<var>${FutureDate}</var>
<doc>Get a Date object based on a random date between 1 day from now and a
given date.
Accepts date strings that can be recognized by strtotime().</doc>
<msg timestamp="20220615 09:23:20.667" level="INFO">${FutureDate} = 2022-06-21</msg>
<status status="PASS" starttime="20220615 09:23:20.667" endtime="20220615 09:23:20.667"/>
</kw>
<kw name="Set Global Variable" library="BuiltIn">
<arg>${FutureDate}</arg>
<doc>Makes a variable available globally in all tests and suites.</doc>
<msg timestamp="20220615 09:23:20.667" level="INFO">${FutureDate} = 2022-06-21</msg>
<status status="PASS" starttime="20220615 09:23:20.667" endtime="20220615 09:23:20.667"/>
</kw>
<status status="PASS" starttime="20220615 09:23:20.667" endtime="20220615 09:23:20.667"/>
</kw>
<kw name="And KW: List for Random True &amp; False." library="setup_teardown_func">
<doc>Flag for Random True or False.</doc>
<kw name="Create List" library="BuiltIn">
<var>@{List for True or False}</var>
<arg>true</arg>
<arg>false</arg>
<doc>Returns a list containing given items.</doc>
<msg timestamp="20220615 09:23:20.667" level="INFO">@{List for True or False} = [ true | false ]</msg>
<status status="PASS" starttime="20220615 09:23:20.667" endtime="20220615 09:23:20.667"/>
</kw>
<kw name="Log" library="BuiltIn">
<arg>${List for True or False}</arg>
<doc>Logs the given message with the given level.</doc>
<msg timestamp="20220615 09:23:20.667" level="INFO">['true', 'false']</msg>
<status status="PASS" starttime="20220615 09:23:20.667" endtime="20220615 09:23:20.667"/>
</kw>
<kw name="Get Length" library="BuiltIn">
<var>${Length_Of_month_Lists_Items}</var>
<arg>${List for True or False}</arg>
<doc>Returns and logs the length of the given item as an integer.</doc>
<msg timestamp="20220615 09:23:20.667" level="INFO">Length is 2</msg>
<msg timestamp="20220615 09:23:20.667" level="INFO">${Length_Of_month_Lists_Items} = 2</msg>
<status status="PASS" starttime="20220615 09:23:20.667" endtime="20220615 09:23:20.667"/>
</kw>
<kw name="Evaluate" library="BuiltIn">
<var>${random_NUMBER}</var>
<arg>random.randint(0,${Length_Of_month_Lists_Items}-1)</arg>
<doc>Evaluates the given expression in Python and returns the result.</doc>
<msg timestamp="20220615 09:23:20.667" level="INFO">${random_NUMBER} = 1</msg>
<status status="PASS" starttime="20220615 09:23:20.667" endtime="20220615 09:23:20.667"/>
</kw>
<kw name="Log" library="BuiltIn">
<arg>${random_NUMBER}</arg>
<doc>Logs the given message with the given level.</doc>
<msg timestamp="20220615 09:23:20.667" level="INFO">1</msg>
<status status="PASS" starttime="20220615 09:23:20.667" endtime="20220615 09:23:20.667"/>
</kw>
<kw name="Get From List" library="Collections">
<var>${The Boolean value is}</var>
<arg>${List for True or False}</arg>
<arg>${random_NUMBER}</arg>
<doc>Returns the value specified with an ``index`` from ``list``.</doc>
<msg timestamp="20220615 09:23:20.667" level="INFO">${The Boolean value is} = false</msg>
<status status="PASS" starttime="20220615 09:23:20.667" endtime="20220615 09:23:20.667"/>
</kw>
<kw name="Set Global Variable" library="BuiltIn">
<arg>${The Boolean value is}</arg>
<doc>Makes a variable available globally in all tests and suites.</doc>
<msg timestamp="20220615 09:23:20.667" level="INFO">${The Boolean value is} = false</msg>
<status status="PASS" starttime="20220615 09:23:20.667" endtime="20220615 09:23:20.667"/>
</kw>
<status status="PASS" starttime="20220615 09:23:20.667" endtime="20220615 09:23:20.667"/>
</kw>
<kw name="When KW: Creating Booking POST Session." library="kw_2_createbooking">
<doc>Create a HTTP session to a server.
With an alias, where Robot Framework alias is to identify the session.
Including the Base url of the server
Verify HTTPS request is being made in Robot Framework.</doc>
<kw name="Create Session" library="RequestsLibrary">
<arg>Restful_Brooker</arg>
<arg>${API BASE URL}</arg>
<arg>verify=True</arg>
<doc>Create Session: create a HTTP session to a server</doc>
<msg timestamp="20220615 09:23:20.667" level="INFO">Creating Session using : alias=Restful_Brooker, url=https://restful-booker.herokuapp.com, headers={},                     cookies={}, auth=None, timeout=None, proxies=None, verify=True,                     debug=0 </msg>
<status status="PASS" starttime="20220615 09:23:20.667" endtime="20220615 09:23:20.667"/>
</kw>
<status status="PASS" starttime="20220615 09:23:20.667" endtime="20220615 09:23:20.667"/>
</kw>
<kw name="Then KW: Without Request Header." library="kw_2_createbooking">
<doc>APIs require to send particular headers along with requests, typically to provide additional metadata about the operation that are performing.
Can set these up in the Headers.
Enter any key-value pairs needed and it will be send along with the request.</doc>
<kw name="Create Dictionary" library="BuiltIn">
<var>${Header2}</var>
<arg>Content-Type=application/json</arg>
<arg>accept=application/json</arg>
<doc>Creates and returns a dictionary based on the given ``items``.</doc>
<msg timestamp="20220615 09:23:20.667" level="INFO">${Header2} = {'Content-Type': 'application/json', 'accept': 'application/json'}</msg>
<status status="PASS" starttime="20220615 09:23:20.667" endtime="20220615 09:23:20.667"/>
</kw>
<kw name="Set Global Variable" library="BuiltIn">
<arg>${Header2}</arg>
<doc>Makes a variable available globally in all tests and suites.</doc>
<msg timestamp="20220615 09:23:20.667" level="INFO">${Header2} = {'Content-Type': 'application/json', 'accept': 'application/json'}</msg>
<status status="PASS" starttime="20220615 09:23:20.667" endtime="20220615 09:23:20.667"/>
</kw>
<status status="PASS" starttime="20220615 09:23:20.667" endtime="20220615 09:23:20.667"/>
</kw>
<kw name="Run Keyword And Continue On Failure" library="BuiltIn">
<arg>KW: Another POST Body with JSON Keys &amp; Value.</arg>
<doc>Runs the keyword and continues execution even if a failure occurs.</doc>
<kw name="KW: Another POST Body with JSON Keys &amp; Value." library="kw_2_createbooking">
<doc>Need to send body data using invalid KEY-VALUE pairs with requests whenever need to add or update structured data.</doc>
<kw name="Catenate" library="BuiltIn">
<var>${Body2nd}</var>
<arg>{</arg>
<arg>"firstname" : null,</arg>
<arg>"lastname" : "${Fake_Last_Name}",</arg>
<arg>"totalprice" : ${Faker_Price_Value},</arg>
<arg>"depositpaid" : ${The Boolean value is},</arg>
<arg>"bookingdates" :</arg>
<arg>{</arg>
<arg>"checkin" : "${CurrentDate}",</arg>
<arg>"checkout" : "${FutureDate}" },</arg>
<arg>"additionalneeds" : "${Faker_words}"</arg>
<arg>}</arg>
<doc>Catenates the given items together and returns the resulted string.</doc>
<msg timestamp="20220615 09:23:20.667" level="INFO">${Body2nd} = { "firstname" : null, "lastname" : "Keith", "totalprice" : 8508, "depositpaid" : false, "bookingdates" : { "checkin" : "2022-06-05", "checkout" : "2022-06-21" }, "additionalneeds" : "partner" }</msg>
<status status="PASS" starttime="20220615 09:23:20.667" endtime="20220615 09:23:20.667"/>
</kw>
<kw name="Set Global Variable" library="BuiltIn">
<arg>${Body2nd}</arg>
<doc>Makes a variable available globally in all tests and suites.</doc>
<msg timestamp="20220615 09:23:20.667" level="INFO">${Body2nd} = { "firstname" : null, "lastname" : "Keith", "totalprice" : 8508, "depositpaid" : false, "bookingdates" : { "checkin" : "2022-06-05", "checkout" : "2022-06-21" }, "additionalneeds" : "partner" }</msg>
<status status="PASS" starttime="20220615 09:23:20.667" endtime="20220615 09:23:20.667"/>
</kw>
<status status="PASS" starttime="20220615 09:23:20.667" endtime="20220615 09:23:20.667"/>
</kw>
<status status="PASS" starttime="20220615 09:23:20.667" endtime="20220615 09:23:20.667"/>
</kw>
<kw name="Run Keyword And Warn On Failure" library="BuiltIn">
<arg>KW: Response of the Invalid POST Request.</arg>
<doc>Runs the specified keyword logs a warning if the keyword fails.</doc>
<kw name="KW: Response of the Invalid POST Request." library="kw_2_createbooking">
<doc>The response viewer helps to ensure the correctness of API responses.
An API response consists of the body, headers, and the status code.
It organizes body and headers in different forms.
The status code and the completion time of the API call is visible.
The response also contains the HTTP specification default description.
However, API authors can also add custom message.</doc>
<kw name="POST On Session" library="RequestsLibrary">
<var>${Response_2}</var>
<arg>Restful_Brooker</arg>
<arg>${API CreateBooking END POINT}</arg>
<arg>data=${Body2nd}</arg>
<arg>headers=${Header2}</arg>
<doc>Sends a POST request on a previously created HTTP Session.</doc>
<msg timestamp="20220615 09:23:23.447" level="INFO">POST Request : url=https://restful-booker.herokuapp.com/booking 
 path_url=/booking 
 headers={'User-Agent': 'python-requests/2.27.1', 'Accept-Encoding': 'gzip, deflate', 'accept': 'application/json', 'Connection': 'keep-alive', 'Content-Type': 'application/json', 'Content-Length': '193'} 
 body={ "firstname" : null, "lastname" : "Keith", "totalprice" : 8508, "depositpaid" : false, "bookingdates" : { "checkin" : "2022-06-05", "checkout" : "2022-06-21" }, "additionalneeds" : "partner" } 
 </msg>
<msg timestamp="20220615 09:23:23.447" level="INFO">POST Response : url=https://restful-booker.herokuapp.com/booking 
 status=500, reason=Internal Server Error 
 headers={'Server': 'Cowboy', 'Connection': 'keep-alive', 'X-Powered-By': 'Express', 'Content-Type': 'text/plain; charset=utf-8', 'Content-Length': '21', 'Etag': 'W/"15-/6VXivhc2MKdLfIkLcUE47K6aH0"', 'Date': 'Wed, 15 Jun 2022 03:53:23 GMT', 'Via': '1.1 vegur'} 
 body=Internal Server Error 
 </msg>
<msg timestamp="20220615 09:23:23.463" level="FAIL">HTTPError: 500 Server Error: Internal Server Error for url: https://restful-booker.herokuapp.com/booking</msg>
<status status="FAIL" starttime="20220615 09:23:20.667" endtime="20220615 09:23:23.463"/>
</kw>
<kw name="Set Global Variable" library="BuiltIn">
<arg>${Response_2}</arg>
<doc>Makes a variable available globally in all tests and suites.</doc>
<status status="NOT RUN" starttime="20220615 09:23:23.463" endtime="20220615 09:23:23.463"/>
</kw>
[...]
<kw name="Run Keyword And Continue On Failure" library="BuiltIn">
<arg>KW: Creating Auth or Token POST Session.</arg>
<doc>Runs the keyword and continues execution even if a failure occurs.</doc>
<kw name="KW: Creating Auth or Token POST Session." library="kw_1_auth_create_token">
<doc>Create a HTTP session to a server.
With an alias, where Robot Framework alias is to identify the session.
Including the Base url of the server
Verify HTTPS request is being made in Robot Framework.</doc>
<kw name="Create Session" library="RequestsLibrary">
<arg>Restful_Brooker</arg>
<arg>${API BASE URL}</arg>
<arg>verify=True</arg>
<doc>Create Session: create a HTTP session to a server</doc>
<msg timestamp="20220615 09:23:23.469" level="INFO">Creating Session using : alias=Restful_Brooker, url=https://restful-booker.herokuapp.com, headers={},                     cookies={}, auth=None, timeout=None, proxies=None, verify=True,                     debug=0 </msg>
<status status="PASS" starttime="20220615 09:23:23.469" endtime="20220615 09:23:23.469"/>
</kw>
<status status="PASS" starttime="20220615 09:23:23.469" endtime="20220615 09:23:23.469"/>
</kw>
<status status="PASS" starttime="20220615 09:23:23.469" endtime="20220615 09:23:23.469"/>
</kw>
<kw name="Run Keyword And Continue On Failure" library="BuiltIn">
<arg>KW: Request Header.</arg>
<doc>Runs the keyword and continues execution even if a failure occurs.</doc>
<kw name="KW: Request Header." library="kw_1_auth_create_token">
<doc>APIs require to send particular headers along with requests, typically to provide additional metadata about the operation that are performing.
Can set these up in the Headers.
Enter any key-value pairs needed and it will be send along with the request.</doc>
<kw name="KW for User Agent" library="user_agents">
<kw name="Get Length" library="BuiltIn">
<var>${Length_Of_user_agents_Lists_Items}</var>
<arg>${user_agents list}</arg>
<doc>Returns and logs the length of the given item as an integer.</doc>
<msg timestamp="20220615 09:23:23.485" level="INFO">Length is 56</msg>
<msg timestamp="20220615 09:23:23.485" level="INFO">${Length_Of_user_agents_Lists_Items} = 56</msg>
<status status="PASS" starttime="20220615 09:23:23.485" endtime="20220615 09:23:23.485"/>
</kw>
<kw name="Evaluate" library="BuiltIn">
<var>${random_NUMBER}</var>
<arg>random.randint(0,${Length_Of_user_agents_Lists_Items}-1)</arg>
<doc>Evaluates the given expression in Python and returns the result.</doc>
<msg timestamp="20220615 09:23:23.485" level="INFO">${random_NUMBER} = 48</msg>
<status status="PASS" starttime="20220615 09:23:23.485" endtime="20220615 09:23:23.485"/>
</kw>
<kw name="Get From List" library="Collections">
<var>${useragent}</var>
<arg>${user_agents list}</arg>
<arg>${random_NUMBER}</arg>
<doc>Returns the value specified with an ``index`` from ``list``.</doc>
<msg timestamp="20220615 09:23:23.485" level="INFO">${useragent} = Mozilla/5.0 (Linux; Android 10) AppleWebKit/537.36 (KHTML, like Gecko) Chrome/90.0.4430.82 Mobile Safari/537.36</msg>
<status status="PASS" starttime="20220615 09:23:23.485" endtime="20220615 09:23:23.485"/>
</kw>
<kw name="Set Global Variable" library="BuiltIn">
<arg>${useragent}</arg>
<doc>Makes a variable available globally in all tests and suites.</doc>
<msg timestamp="20220615 09:23:23.485" level="INFO">${useragent} = Mozilla/5.0 (Linux; Android 10) AppleWebKit/537.36 (KHTML, like Gecko) Chrome/90.0.4430.82 Mobile Safari/537.36</msg>
<status status="PASS" starttime="20220615 09:23:23.485" endtime="20220615 09:23:23.485"/>
</kw>
<status status="PASS" starttime="20220615 09:23:23.485" endtime="20220615 09:23:23.485"/>
</kw>
<kw name="Create Dictionary" library="BuiltIn">
<var>${Header}</var>
<arg>User-Agent=${useragent}</arg>
<arg>Content-Type=application/json</arg>
<arg>accept=application/json</arg>
<doc>Creates and returns a dictionary based on the given ``items``.</doc>
<msg timestamp="20220615 09:23:23.485" level="INFO">${Header} = {'User-Agent': 'Mozilla/5.0 (Linux; Android 10) AppleWebKit/537.36 (KHTML, like Gecko) Chrome/90.0.4430.82 Mobile Safari/537.36', 'Content-Type': 'application/json', 'accept': 'application/json'}</msg>
<status status="PASS" starttime="20220615 09:23:23.485" endtime="20220615 09:23:23.485"/>
</kw>
<kw name="Set Global Variable" library="BuiltIn">
<arg>${Header}</arg>
<doc>Makes a variable available globally in all tests and suites.</doc>
<msg timestamp="20220615 09:23:23.485" level="INFO">${Header} = {'User-Agent': 'Mozilla/5.0 (Linux; Android 10) AppleWebKit/537.36 (KHTML, like Gecko) Chrome/90.0.4430.82 Mobile Safari/537.36', 'Content-Type': 'application/json', 'accept': 'application/json'}</msg>
<status status="PASS" starttime="20220615 09:23:23.485" endtime="20220615 09:23:23.485"/>
</kw>
<status status="PASS" starttime="20220615 09:23:23.469" endtime="20220615 09:23:23.485"/>
</kw>
<status status="PASS" starttime="20220615 09:23:23.469" endtime="20220615 09:23:23.485"/>
</kw>
<kw name="Run Keyword And Continue On Failure" library="BuiltIn">
<arg>KW: Response of the GET Request.</arg>
<doc>Runs the keyword and continues execution even if a failure occurs.</doc>
<kw name="KW: Response of the GET Request.">
<doc>The response viewer helps to ensure the correctness of API responses.
An API response consists of the body, headers, and the status code.
It organizes body and headers in different forms.
The status code and the completion time of the API call is visible.
The response also contains the HTTP specification default description.
However, API authors can also add custom message.</doc>
<kw name="GET On Session" library="RequestsLibrary">
<var>${GETResponse}</var>
<arg>Restful_Brooker</arg>
<arg>${API BOOKING END POINT}</arg>
<arg>headers=${Header}</arg>
<doc>Sends a GET request on a previously created HTTP Session.</doc>
<msg timestamp="20220615 09:23:25.281" level="INFO">GET Request : url=https://restful-booker.herokuapp.com/booking 
 path_url=/booking 
 headers={'User-Agent': 'Mozilla/5.0 (Linux; Android 10) AppleWebKit/537.36 (KHTML, like Gecko) Chrome/90.0.4430.82 Mobile Safari/537.36', 'Accept-Encoding': 'gzip, deflate', 'accept': 'application/json', 'Connection': 'keep-alive', 'Content-Type': 'application/json'} 
 body=None 
 </msg>
<msg timestamp="20220615 09:23:25.281" level="INFO">GET Response : url=https://restful-booker.herokuapp.com/booking 
 status=200, reason=OK 
 headers={'Server': 'Cowboy', 'Connection': 'keep-alive', 'X-Powered-By': 'Express', 'Content-Type': 'application/json; charset=utf-8', 'Content-Length': '50512', 'Etag': 'W/"c550-nUFwgAFsrmFOft1CIcJyIhJQrYY"', 'Date': 'Wed, 15 Jun 2022 03:53:24 GMT', 'Via': '1.1 vegur'} 
 body=[{"bookingid":2000},{"bookingid":272},{"bookingid":2358},{"bookingid":1585},{"bookingid":1278},{"bookingid":2462},{"bookingid":1785},{"bookingid":2300},{"bookingid":679},{"bookingid":1864},{"bookingid":1180},{"bookingid":723},{"bookingid":811},{"bookingid":2502},{"bookingid":1390},{"bookingid":1134},{"bookingid":2779},{"bookingid":1341},{"bookingid":1510},{"bookingid":2076},{"bookingid":45},{"bookingid":1933},{"bookingid":2738},{"bookingid":337},{"bookingid":2298},{"bookingid":413},{"bookingid":894},{"bookingid":886},{"bookingid":72},{"bookingid":1589},{"bookingid":2469},{"bookingid":1521},{"bookingid":275},{"bookingid":633},{"bookingid":104},{"bookingid":1930},{"bookingid":357},{"bookingid":1866},{"bookingid":1638},{"bookingid":535},{"bookingid":1875},{"bookingid":529},{"bookingid":2484},{"bookingid":1480},{"bookingid":2744},{"bookingid":2310},{"bookingid":747},{"bookingid":526},{"bookingid":372},{"bookingid":1447},{"bookingid":2392},{"bookingid":2025},{"bookingid":247},{"bookingid":578},{"bookingid":779},{"bookingid":1960},{"bookingid":778},{"bookingid":1443},{"bookingid":6},{"bookingid":2082},{"bookingid":759},{"bookingid":682},{"bookingid":1103},{"bookingid":285},{"bookingid":2314},{"bookingid":801},{"bookingid":605},{"bookingid":494},{"bookingid":2852},{"bookingid":1769},{"bookingid":2839},{"bookingid":1322},{"bookingid":883},{"bookingid":552},{"bookingid":1074},{"bookingid":311},{"bookingid":1988},{"bookingid":2834},{"bookingid":622},{"bookingid":1268},{"bookingid":1636},{"bookingid":1568},{"bookingid":2100},{"bookingid":1580},{"bookingid":2154},{"bookingid":1367},{"bookingid":784},{"bookingid":568},{"bookingid":2517},{"bookingid":421},{"bookingid":2733},{"bookingid":2444},{"bookingid":1945},{"bookingid":282},{"bookingid":437},{"bookingid":1963},{"bookingid":2459},{"bookingid":2376},{"bookingid":2256},{"bookingid":2650},{"bookingid":2773},{"bookingid":963},{"bookingid":1333},{"bookingid":2053},{"bookingid":2625},{"bookingid":273},{"bookingid":1062},{"bookingid":2449},{"bookingid":2460},{"bookingid":465},{"bookingid":2539},{"bookingid":677},{"bookingid":597},{"bookingid":946},{"bookingid":796},{"bookingid":2566},{"bookingid":443},{"bookingid":2770},{"bookingid":1184},{"bookingid":636},{"bookingid":751},{"bookingid":2169},{"bookingid":2137},{"bookingid":2485},{"bookingid":383},{"bookingid":1311},{"bookingid":417},{"bookingid":336},{"bookingid":810},{"bookingid":2249},{"bookingid":684},{"bookingid":373},{"bookingid":1873},{"bookingid":610},{"bookingid":2490},{"bookingid":2853},{"bookingid":2537},{"bookingid":925},{"bookingid":1376},{"bookingid":1247},{"bookingid":755},{"bookingid":746},{"bookingid":1215},{"bookingid":1113},{"bookingid":309},{"bookingid":1277},{"bookingid":2805},{"bookingid":2231},{"bookingid":519},{"bookingid":815},{"bookingid":2131},{"bookingid":1328},{"bookingid":444},{"bookingid":1989},{"bookingid":671},{"bookingid":1573},{"bookingid":1314},{"bookingid":96},{"bookingid":1054},{"bookingid":2176},{"bookingid":23},{"bookingid":2631},{"bookingid":962},{"bookingid":1561},{"bookingid":780},{"bookingid":2065},{"bookingid":672},{"bookingid":1167},{"bookingid":1315},{"bookingid":2562},{"bookingid":1890},{"bookingid":361},{"bookingid":2602},{"bookingid":1441},{"bookingid":2680},{"bookingid":2151},{"bookingid":2187},{"bookingid":2422},{"bookingid":318},{"bookingid":1616},{"bookingid":2340},{"bookingid":492},{"bookingid":900},{"bookingid":2032},{"bookingid":2828},{"bookingid":480},{"bookingid":2127},{"bookingid":2426},{"bookingid":2766},{"bookingid":2870},{"bookingid":2578},{"bookingid":1744},{"bookingid":2320},{"bookingid":2491},{"bookingid":2415},{"bookingid":2496},{"bookingid":1883},{"bookingid":2040},{"bookingid":832},{"bookingid":312},{"bookingid":1809},{"bookingid":1206},{"bookingid":1161},{"bookingid":353},{"bookingid":814},{"bookingid":374},{"bookingid":893},{"bookingid":830},{"bookingid":575},{"bookingid":2424},{"bookingid":2677},{"bookingid":516},{"bookingid":668},{"bookingid":298},{"bookingid":774},{"bookingid":362},{"bookingid":1727},{"bookingid":1059},{"bookingid":1811},{"bookingid":1508},{"bookingid":170},{"bookingid":2534},{"bookingid":989},{"bookingid":839},{"bookingid":1931},{"bookingid":412},{"bookingid":1574},{"bookingid":2014},{"bookingid":2356},{"bookingid":2682},{"bookingid":722},{"bookingid":2302},{"bookingid":141},{"bookingid":2802},{"bookingid":1251},{"bookingid":2520},{"bookingid":375},{"bookingid":1539},{"bookingid":1787},{"bookingid":1925},{"bookingid":697},{"bookingid":1857},{"bookingid":604},{"bookingid":1007},{"bookingid":2253},{"bookingid":991},{"bookingid":2693},{"bookingid":866},{"bookingid":1087},{"bookingid":822},{"bookingid":1559},{"bookingid":249},{"bookingid":504},{"bookingid":1990},{"bookingid":434},{"bookingid":2093},{"bookingid":98},{"bookingid":741},{"bookingid":1146},{"bookingid":2277},{"bookingid":1824},{"bookingid":731},{"bookingid":2293},{"bookingid":245},{"bookingid":1216},{"bookingid":1400},{"bookingid":22},{"bookingid":107},{"bookingid":1219},{"bookingid":1793},{"bookingid":2749},{"bookingid":1680},{"bookingid":2612},{"bookingid":2135},{"bookingid":581},{"bookingid":2523},{"bookingid":1283},{"bookingid":2432},{"bookingid":1997},{"bookingid":858},{"bookingid":1072},{"bookingid":2454},{"bookingid":491},{"bookingid":2548},{"bookingid":1453},{"bookingid":102},{"bookingid":727},{"bookingid":1941},{"bookingid":1876},{"bookingid":342},{"bookingid":1316},{"bookingid":1145},{"bookingid":546},{"bookingid":2824},{"bookingid":642},{"bookingid":753},{"bookingid":808},{"bookingid":2842},{"bookingid":2237},{"bookingid":1116},{"bookingid":2085},{"bookingid":589},{"bookingid":1339},{"bookingid":2753},{"bookingid":2075},{"bookingid":2122},{"bookingid":804},{"bookingid":2544},{"bookingid":303},{"bookingid":1015},{"bookingid":1647},{"bookingid":508},{"bookingid":936},{"bookingid":382},{"bookingid":1019},{"bookingid":2722},{"bookingid":2104},{"bookingid":57},{"bookingid":2683},{"bookingid":2098},{"bookingid":1174},{"bookingid":1766},{"bookingid":2442},{"bookingid":447},{"bookingid":1902},{"bookingid":2375},{"bookingid":15},{"bookingid":2804},{"bookingid":2759},{"bookingid":1896},{"bookingid":1535},{"bookingid":1429},{"bookingid":2411},{"bookingid":2369},{"bookingid":901},{"bookingid":2648},{"bookingid":2623},{"bookingid":844},{"bookingid":1889},{"bookingid":628},{"bookingid":446},{"bookingid":1080},{"bookingid":283},{"bookingid":1358},{"bookingid":2021},{"bookingid":1670},{"bookingid":1504},{"bookingid":782},{"bookingid":2845},{"bookingid":512},{"bookingid":600},{"bookingid":2806},{"bookingid":2737},{"bookingid":2429},{"bookingid":2258},{"bookingid":168},{"bookingid":704},{"bookingid":1172},{"bookingid":1027},{"bookingid":1207},{"bookingid":2102},{"bookingid":563},{"bookingid":676},{"bookingid":2108},{"bookingid":2011},{"bookingid":76},{"bookingid":2420},{"bookingid":338},{"bookingid":1067},{"bookingid":1245},{"bookingid":1607},{"bookingid":767},{"bookingid":862},{"bookingid":848},{"bookingid":36},{"bookingid":1939},{"bookingid":2068},{"bookingid":2274},{"bookingid":1410},{"bookingid":73},{"bookingid":2850},{"bookingid":1848},{"bookingid":452},{"bookingid":346},{"bookingid":385},{"bookingid":497},{"bookingid":2659},{"bookingid":1387},{"bookingid":960},{"bookingid":1384},{"bookingid":2036},{"bookingid":53},{"bookingid":426},{"bookingid":980},{"bookingid":2719},{"bookingid":656},{"bookingid":2579},{"bookingid":1558},{"bookingid":111},{"bookingid":537},{"bookingid":879},{"bookingid":1555},{"bookingid":998},{"bookingid":1160},{"bookingid":2542},{"bookingid":2557},{"bookingid":54},{"bookingid":1596},{"bookingid":182},{"bookingid":1356},{"bookingid":2134},{"bookingid":2731},{"bookingid":1214},{"bookingid":2434},{"bookingid":270},{"bookingid":1863},{"bookingid":861},{"bookingid":2035},{"bookingid":427},{"bookingid":1816},{"bookingid":2230},{"bookingid":445},{"bookingid":1609},{"bookingid":649},{"bookingid":2586},{"bookingid":640},{"bookingid":221},{"bookingid":2591},{"bookingid":977},{"bookingid":2741},{"bookingid":235},{"bookingid":2862},{"bookingid":609},{"bookingid":2508},{"bookingid":2229},{"bookingid":532},{"bookingid":1273},{"bookingid":1964},{"bookingid":297},{"bookingid":1118},{"bookingid":179},{"bookingid":821},{"bookingid":953},{"bookingid":1506},{"bookingid":2461},{"bookingid":2438},{"bookingid":2510},{"bookingid":2397},{"bookingid":2723},{"bookingid":174},{"bookingid":756},{"bookingid":926},{"bookingid":1413},{"bookingid":2167},{"bookingid":2748},{"bookingid":2516},{"bookingid":2328},{"bookingid":1304},{"bookingid":2593},{"bookingid":9},{"bookingid":2601},{"bookingid":683},{"bookingid":1396},{"bookingid":997},{"bookingid":920},{"bookingid":1955},{"bookingid":1562},{"bookingid":805},{"bookingid":334},{"bookingid":2159},{"bookingid":1996},{"bookingid":607},{"bookingid":1650},{"bookingid":286},{"bookingid":1545},{"bookingid":538},{"bookingid":2754},{"bookingid":255},{"bookingid":1531},{"bookingid":842},{"bookingid":2729},{"bookingid":2533},{"bookingid":2893},{"bookingid":1966},{"bookingid":2713},{"bookingid":2614},{"bookingid":2372},{"bookingid":106},{"bookingid":599},{"bookingid":2583},{"bookingid":939},{"bookingid":2532},{"bookingid":1971},{"bookingid":836},{"bookingid":1122},{"bookingid":2789},{"bookingid":219},{"bookingid":738},{"bookingid":2357},{"bookingid":937},{"bookingid":2877},{"bookingid":2030},{"bookingid":70},{"bookingid":1317},{"bookingid":2681},{"bookingid":2451},{"bookingid":2898},{"bookingid":616},{"bookingid":1305},{"bookingid":71},{"bookingid":2343},{"bookingid":66},{"bookingid":1910},{"bookingid":2915},{"bookingid":2335},{"bookingid":2339},{"bookingid":2497},{"bookingid":2158},{"bookingid":2178},{"bookingid":348},{"bookingid":974},{"bookingid":2519},{"bookingid":2573},{"bookingid":1828},{"bookingid":376},{"bookingid":2705},{"bookingid":1209},{"bookingid":1090},{"bookingid":2598},{"bookingid":1774},{"bookingid":2507},{"bookingid":1570},{"bookingid":2329},{"bookingid":2911},{"bookingid":1485},{"bookingid":1983},{"bookingid":692},{"bookingid":150},{"b... (set the log level to DEBUG or TRACE to see the full content) 
 </msg>
<msg timestamp="20220615 09:23:25.281" level="INFO">${GETResponse} = &lt;Response [200]&gt;</msg>
<status status="PASS" starttime="20220615 09:23:23.485" endtime="20220615 09:23:25.281"/>
</kw>
<kw name="Set Global Variable" library="BuiltIn">
<arg>${GETResponse}</arg>
<doc>Makes a variable available globally in all tests and suites.</doc>
<msg timestamp="20220615 09:23:25.281" level="INFO">${GETResponse} = &lt;Response [200]&gt;</msg>
<status status="PASS" starttime="20220615 09:23:25.281" endtime="20220615 09:23:25.281"/>
</kw>
<status status="PASS" starttime="20220615 09:23:23.485" endtime="20220615 09:23:25.281"/>
</kw>
<status status="PASS" starttime="20220615 09:23:23.485" endtime="20220615 09:23:25.281"/>
</kw>
<kw name="Log To Console" library="BuiltIn">
<arg>${jsondata_}</arg>
<doc>Logs the given message to the console.</doc>
<msg timestamp="20220615 09:23:25.281" level="FAIL">Variable '${jsondata_}' not found.</msg>
<status status="FAIL" starttime="20220615 09:23:25.281" endtime="20220615 09:23:25.281"/>
</kw>
<kw name="Status Should Be" library="RequestsLibrary">
<arg>200</arg>
<arg>${GETResponse}</arg>
<doc>Fails if response status code is different than the expected.</doc>
<status status="NOT RUN" starttime="20220615 09:23:25.281" endtime="20220615 09:23:25.281"/>
</kw>
<kw name="Request Should Be Successful" library="RequestsLibrary">
<arg>${GETResponse}</arg>
<doc>Fails if response status code is a client or server error (4xx, 5xx).</doc>
<status status="NOT RUN" starttime="20220615 09:23:25.281" endtime="20220615 09:23:25.281"/>
</kw>
<doc>This TC is to fetch all the created booking ids.</doc>
<tag>Positive</tag>
<status status="FAIL" starttime="20220615 09:23:23.469" endtime="20220615 09:23:25.281">Variable '${jsondata_}' not found.</status>
</test>
<doc>Suite for Fetching the Booking Ids.</doc>
<status status="FAIL" starttime="20220615 09:23:23.469" endtime="20220615 09:23:25.297"/>
</suite>
<status status="FAIL" starttime="20220615 09:23:14.692" endtime="20220615 09:23:25.297"/>
</suite>
<statistics>
<total>
<stat pass="4" fail="1" skip="0">All Tests</stat>
</total>
<tag>
<stat pass="2" fail="0" skip="0">Negative</stat>
<stat pass="2" fail="1" skip="0">Positive</stat>
</tag>
<suite>
<stat pass="4" fail="1" skip="0" id="s1" name="Pom Test Suite">Pom Test Suite</stat>
<stat pass="2" fail="0" skip="0" id="s1-s1" name="Tc 1 Auth Create Token">Pom Test Suite.Tc 1 Auth Create Token</stat>
<stat pass="2" fail="0" skip="0" id="s1-s2" name="Tc 2 Createbooking">Pom Test Suite.Tc 2 Createbooking</stat>
<stat pass="0" fail="1" skip="0" id="s1-s3" name="Tc 3 Booking Getbookingids">Pom Test Suite.Tc 3 Booking Getbookingids</stat>
</suite>
</statistics>
<errors>
<msg timestamp="20220615 09:23:14.676" level="ERROR">Error in file 'C:\Users\veera\Documents\GitHub\github_all_in_one_repo\package_restful_booker_herokuapp_enhancement\pom_test_suite\tc_3_booking_getbookingids.robot' on line 44: Non-existing setting 'return'.</msg>
<msg timestamp="20220615 09:23:23.463" level="WARN">Executing keyword 'KW: Response of the Invalid POST Request.' failed:
HTTPError: 500 Server Error: Internal Server Error for url: https://restful-booker.herokuapp.com/booking</msg>
</errors>
</robot>
