<?xml version="1.0" encoding="UTF-8"?>
<robot generator="Robot 6.1.1 (Python 3.11.4 on darwin)" generated="20231021 19:16:48.409" rpa="false" schemaversion="4">
<suite id="s1" name="Pom Test Suite" source="/Users/rajeevpramanik/Documents/GitHub/robotframework/package_restful_booker_herokuapp/pom_test_suite">
<suite id="s1-s1" name="Tc 1 Auth Create Token" source="/Users/rajeevpramanik/Documents/GitHub/robotframework/package_restful_booker_herokuapp/pom_test_suite/tc_1_auth_create_token.robot">
<test id="s1-s1-t1" name="TC-1 [POST] CREATE AUTH OR TOKEN FOR THE BOOK - SUCCESSFUL(Valid)" line="15">
<kw name="Given KW: To open the workbook to the specified path." library="setup_teardown_func">
<doc>This Keyword is opening the excelsheets to write &amp; read data's.</doc>
<kw name="Open Workbook" library="ExcellentLibrary">
<arg>${The work book}</arg>
<doc>Opens the workbook found at the given file path.
_NOTE_: Please note that at present _XLS_ files are not supported.</doc>
<status status="PASS" starttime="20231021 19:16:48.661" endtime="20231021 19:16:48.665"/>
</kw>
<status status="PASS" starttime="20231021 19:16:48.661" endtime="20231021 19:16:48.665"/>
</kw>
<kw name="Given KW: Interacting with the Excel sheet2." library="setup_teardown_func">
<doc>This Keyword is calling the other user defined keywords, created above for interaction with sheets 2.</doc>
<kw name="KW: Switch sheets 2." library="setup_teardown_func">
<doc>This Keyword will help to switch to the sheet named "Create_Token".</doc>
<kw name="Switch Sheet" library="ExcellentLibrary">
<arg>Create_Token</arg>
<doc>Switches to the sheet with the supplied name within the active
workbook.</doc>
<status status="PASS" starttime="20231021 19:16:48.665" endtime="20231021 19:16:48.665"/>
</kw>
<status status="PASS" starttime="20231021 19:16:48.665" endtime="20231021 19:16:48.665"/>
</kw>
<kw name="KW: Get the Column Count." library="setup_teardown_func">
<doc>This Keyword will count the total column used for the active sheet.</doc>
<kw name="Get Column Count" library="ExcellentLibrary">
<var>${The all column count is}</var>
<doc>Returns the number of non-empty columns in the active sheet.</doc>
<msg timestamp="20231021 19:16:48.665" level="INFO">${The all column count is} = 4</msg>
<status status="PASS" starttime="20231021 19:16:48.665" endtime="20231021 19:16:48.665"/>
</kw>
<kw name="Set Global Variable" library="BuiltIn">
<arg>${The all column count is}</arg>
<doc>Makes a variable available globally in all tests and suites.</doc>
<msg timestamp="20231021 19:16:48.665" level="INFO">${The all column count is} = 4</msg>
<status status="PASS" starttime="20231021 19:16:48.665" endtime="20231021 19:16:48.665"/>
</kw>
<status status="PASS" starttime="20231021 19:16:48.665" endtime="20231021 19:16:48.665"/>
</kw>
<kw name="KW: Get the Row Count." library="setup_teardown_func">
<doc>This Keyword will count the total row used for the active sheet.</doc>
<kw name="Get Row Count" library="ExcellentLibrary">
<var>${The all row count is}</var>
<doc>Returns the number of non-empty rows in the active sheet.</doc>
<msg timestamp="20231021 19:16:48.666" level="INFO">${The all row count is} = 7</msg>
<status status="PASS" starttime="20231021 19:16:48.666" endtime="20231021 19:16:48.666"/>
</kw>
<kw name="Set Global Variable" library="BuiltIn">
<arg>${The all row count is}</arg>
<doc>Makes a variable available globally in all tests and suites.</doc>
<msg timestamp="20231021 19:16:48.666" level="INFO">${The all row count is} = 7</msg>
<status status="PASS" starttime="20231021 19:16:48.666" endtime="20231021 19:16:48.666"/>
</kw>
<status status="PASS" starttime="20231021 19:16:48.665" endtime="20231021 19:16:48.666"/>
</kw>
<kw name="KW: Globally evalutaing to the excel sheet." library="setup_teardown_func">
<doc>This Keyword will evaluate the total row used plus one extra row (EX: 33 rows used + 1 row).</doc>
<kw name="Evaluate" library="BuiltIn">
<var>${Next_Row_Evalute}</var>
<arg>${The all row count is}+1</arg>
<doc>Evaluates the given expression in Python and returns the result.</doc>
<msg timestamp="20231021 19:16:48.666" level="INFO">${Next_Row_Evalute} = 8</msg>
<status status="PASS" starttime="20231021 19:16:48.666" endtime="20231021 19:16:48.666"/>
</kw>
<kw name="Set Global Variable" library="BuiltIn">
<arg>${Next_Row_Evalute}</arg>
<doc>Makes a variable available globally in all tests and suites.</doc>
<msg timestamp="20231021 19:16:48.666" level="INFO">${Next_Row_Evalute} = 8</msg>
<status status="PASS" starttime="20231021 19:16:48.666" endtime="20231021 19:16:48.666"/>
</kw>
<status status="PASS" starttime="20231021 19:16:48.666" endtime="20231021 19:16:48.666"/>
</kw>
<status status="PASS" starttime="20231021 19:16:48.665" endtime="20231021 19:16:48.666"/>
</kw>
<kw name="When KW: Creating Auth or Token POST Session." library="kw_1_auth_create_token">
<doc>Create a HTTP session to a server.
With an alias, where Robot Framework alias is to identify the session.
Including the Base url of the server
Verify HTTPS request is being made in Robot Framework.</doc>
<kw name="Create Session" library="RequestsLibrary">
<arg>Restful_Brooker</arg>
<arg>${API BASE URL}</arg>
<arg>verify=True</arg>
<doc>Create Session: create a HTTP session to a server</doc>
<msg timestamp="20231021 19:16:48.667" level="INFO">Creating Session using : alias=Restful_Brooker, url=https://restful-booker.herokuapp.com, headers={},                     cookies={}, auth=None, timeout=None, proxies=None, verify=True,                     debug=0 </msg>
<status status="PASS" starttime="20231021 19:16:48.667" endtime="20231021 19:16:48.667"/>
</kw>
<status status="PASS" starttime="20231021 19:16:48.667" endtime="20231021 19:16:48.667"/>
</kw>
<kw name="Then KW: Request Header." library="kw_1_auth_create_token">
<doc>APIs require to send particular headers along with requests, typically to provide additional metadata about the operation that are performing.
Can set these up in the Headers.
Enter any key-value pairs needed and it will be send along with the request.</doc>
<kw name="KW for User Agent" library="user_agents">
<kw name="Get Length" library="BuiltIn">
<var>${Length_Of_user_agents_Lists_Items}</var>
<arg>${user_agents list}</arg>
<doc>Returns and logs the length of the given item as an integer.</doc>
<msg timestamp="20231021 19:16:48.667" level="INFO">Length is 56</msg>
<msg timestamp="20231021 19:16:48.667" level="INFO">${Length_Of_user_agents_Lists_Items} = 56</msg>
<status status="PASS" starttime="20231021 19:16:48.667" endtime="20231021 19:16:48.667"/>
</kw>
<kw name="Evaluate" library="BuiltIn">
<var>${random_NUMBER}</var>
<arg>random.randint(0,${Length_Of_user_agents_Lists_Items}-1)</arg>
<doc>Evaluates the given expression in Python and returns the result.</doc>
<msg timestamp="20231021 19:16:48.667" level="INFO">${random_NUMBER} = 47</msg>
<status status="PASS" starttime="20231021 19:16:48.667" endtime="20231021 19:16:48.667"/>
</kw>
<kw name="Get From List" library="Collections">
<var>${useragent}</var>
<arg>${user_agents list}</arg>
<arg>${random_NUMBER}</arg>
<doc>Returns the value specified with an ``index`` from ``list``.</doc>
<msg timestamp="20231021 19:16:48.667" level="INFO">${useragent} = Mozilla/5.0 (iPod; CPU iPhone OS 14_4 like Mac OS X) AppleWebKit/605.1.15 (KHTML, like Gecko) CriOS/87.0.4280.163 Mobile/15E148 Safari/604.1</msg>
<status status="PASS" starttime="20231021 19:16:48.667" endtime="20231021 19:16:48.667"/>
</kw>
<kw name="Set Global Variable" library="BuiltIn">
<arg>${useragent}</arg>
<doc>Makes a variable available globally in all tests and suites.</doc>
<msg timestamp="20231021 19:16:48.667" level="INFO">${useragent} = Mozilla/5.0 (iPod; CPU iPhone OS 14_4 like Mac OS X) AppleWebKit/605.1.15 (KHTML, like Gecko) CriOS/87.0.4280.163 Mobile/15E148 Safari/604.1</msg>
<status status="PASS" starttime="20231021 19:16:48.667" endtime="20231021 19:16:48.667"/>
</kw>
<status status="PASS" starttime="20231021 19:16:48.667" endtime="20231021 19:16:48.667"/>
</kw>
<kw name="Create Dictionary" library="BuiltIn">
<var>${Header}</var>
<arg>User-Agent=${useragent}</arg>
<arg>Content-Type=application/json</arg>
<arg>accept=application/json</arg>
<doc>Creates and returns a dictionary based on the given ``items``.</doc>
<msg timestamp="20231021 19:16:48.668" level="INFO">${Header} = {'User-Agent': 'Mozilla/5.0 (iPod; CPU iPhone OS 14_4 like Mac OS X) AppleWebKit/605.1.15 (KHTML, like Gecko) CriOS/87.0.4280.163 Mobile/15E148 Safari/604.1', 'Content-Type': 'application/json', 'acce...</msg>
<status status="PASS" starttime="20231021 19:16:48.667" endtime="20231021 19:16:48.668"/>
</kw>
<kw name="Set Global Variable" library="BuiltIn">
<arg>${Header}</arg>
<doc>Makes a variable available globally in all tests and suites.</doc>
<msg timestamp="20231021 19:16:48.668" level="INFO">${Header} = {'User-Agent': 'Mozilla/5.0 (iPod; CPU iPhone OS 14_4 like Mac OS X) AppleWebKit/605.1.15 (KHTML, like Gecko) CriOS/87.0.4280.163 Mobile/15E148 Safari/604.1', 'Content-Type': 'application/json', 'acce...</msg>
<status status="PASS" starttime="20231021 19:16:48.668" endtime="20231021 19:16:48.668"/>
</kw>
<status status="PASS" starttime="20231021 19:16:48.667" endtime="20231021 19:16:48.668"/>
</kw>
<kw name="And KW: POST Body with JSON Keys &amp; Value." library="kw_1_auth_create_token">
<doc>Need to send body data using KEY-VALUE pairs with requests whenever need to add or update structured data.</doc>
<kw name="Catenate" library="BuiltIn">
<var>${Body}</var>
<arg>{</arg>
<arg>"username" : "admin",</arg>
<arg>"password" : "password123"</arg>
<arg>}</arg>
<doc>Catenates the given items together and returns the resulted string.</doc>
<msg timestamp="20231021 19:16:48.668" level="INFO">${Body} = { "username" : "admin", "password" : "password123" }</msg>
<status status="PASS" starttime="20231021 19:16:48.668" endtime="20231021 19:16:48.668"/>
</kw>
<kw name="Set Global Variable" library="BuiltIn">
<arg>${Body}</arg>
<doc>Makes a variable available globally in all tests and suites.</doc>
<msg timestamp="20231021 19:16:48.668" level="INFO">${Body} = { "username" : "admin", "password" : "password123" }</msg>
<status status="PASS" starttime="20231021 19:16:48.668" endtime="20231021 19:16:48.668"/>
</kw>
<kw name="Write To Cell" library="ExcellentLibrary">
<arg>A${Next_Row_Evalute}</arg>
<arg>admin</arg>
<doc>Writes a value to the supplied cell.</doc>
<status status="PASS" starttime="20231021 19:16:48.668" endtime="20231021 19:16:48.668"/>
</kw>
<kw name="Write To Cell" library="ExcellentLibrary">
<arg>B${Next_Row_Evalute}</arg>
<arg>password123</arg>
<doc>Writes a value to the supplied cell.</doc>
<status status="PASS" starttime="20231021 19:16:48.668" endtime="20231021 19:16:48.668"/>
</kw>
<status status="PASS" starttime="20231021 19:16:48.668" endtime="20231021 19:16:48.668"/>
</kw>
<kw name="Run Keyword And Continue On Failure" library="BuiltIn">
<arg>KW: Response of the POST Request.</arg>
<doc>Runs the keyword and continues execution even if a failure occurs.</doc>
<kw name="KW: Response of the POST Request." library="kw_1_auth_create_token">
<doc>The response viewer helps to ensure the correctness of API responses.
An API response consists of the body, headers, and the status code.
It organizes body and headers in different forms.
The status code and the completion time of the API call is visible.
The response also contains the HTTP specification default description.
However, API authors can also add custom message.</doc>
<kw name="POST On Session" library="RequestsLibrary">
<var>${Response}</var>
<arg>Restful_Brooker</arg>
<arg>${API AUTH END POINT}</arg>
<arg>data=${Body}</arg>
<arg>headers=${Header}</arg>
<doc>Sends a POST request on a previously created HTTP Session.</doc>
<msg timestamp="20231021 19:16:49.897" level="INFO">POST Request : url=https://restful-booker.herokuapp.com/auth 
 path_url=/auth 
 headers={'User-Agent': 'Mozilla/5.0 (iPod; CPU iPhone OS 14_4 like Mac OS X) AppleWebKit/605.1.15 (KHTML, like Gecko) CriOS/87.0.4280.163 Mobile/15E148 Safari/604.1', 'Accept-Encoding': 'gzip, deflate', 'accept': 'application/json', 'Connection': 'keep-alive', 'Content-Type': 'application/json', 'Content-Length': '52'} 
 body={ "username" : "admin", "password" : "password123" } 
 </msg>
<msg timestamp="20231021 19:16:49.898" level="INFO">POST Response : url=https://restful-booker.herokuapp.com/auth 
 status=200, reason=OK 
 headers={'Server': 'Cowboy', 'Connection': 'keep-alive', 'X-Powered-By': 'Express', 'Content-Type': 'application/json; charset=utf-8', 'Content-Length': '27', 'Etag': 'W/"1b-oOf+qEkOVtUKVALRrYVFmsOUsuM"', 'Date': 'Sat, 21 Oct 2023 13:46:49 GMT', 'Via': '1.1 vegur'} 
 body={"token":"ce497f95a4e2fd6"} 
 </msg>
<msg timestamp="20231021 19:16:49.898" level="INFO">${Response} = &lt;Response [200]&gt;</msg>
<status status="PASS" starttime="20231021 19:16:48.669" endtime="20231021 19:16:49.898"/>
</kw>
<kw name="Set Global Variable" library="BuiltIn">
<arg>${Response}</arg>
<doc>Makes a variable available globally in all tests and suites.</doc>
<msg timestamp="20231021 19:16:49.899" level="INFO">${Response} = &lt;Response [200]&gt;</msg>
<status status="PASS" starttime="20231021 19:16:49.898" endtime="20231021 19:16:49.899"/>
</kw>
<status status="PASS" starttime="20231021 19:16:48.669" endtime="20231021 19:16:49.899"/>
</kw>
<status status="PASS" starttime="20231021 19:16:48.668" endtime="20231021 19:16:49.899"/>
</kw>
<kw name="Convert To String" library="BuiltIn">
<var>${Status_Code}</var>
<arg>${Response.status_code}</arg>
<doc>Converts the given item to a Unicode string.</doc>
<msg timestamp="20231021 19:16:49.900" level="INFO">${Status_Code} = 200</msg>
<status status="PASS" starttime="20231021 19:16:49.899" endtime="20231021 19:16:49.900"/>
</kw>
<kw name="Write To Cell" library="ExcellentLibrary">
<arg>D${Next_Row_Evalute}</arg>
<arg>${Status_Code}</arg>
<doc>Writes a value to the supplied cell.</doc>
<status status="PASS" starttime="20231021 19:16:49.901" endtime="20231021 19:16:49.901"/>
</kw>
<kw name="Should Be Equal" library="BuiltIn">
<arg>${Status_Code}</arg>
<arg>200</arg>
<doc>Fails if the given objects are unequal.</doc>
<status status="PASS" starttime="20231021 19:16:49.901" endtime="20231021 19:16:49.901"/>
</kw>
<kw name="Status Should Be" library="RequestsLibrary">
<arg>200</arg>
<arg>${Response}</arg>
<doc>Fails if response status code is different than the expected.</doc>
<status status="PASS" starttime="20231021 19:16:49.901" endtime="20231021 19:16:49.902"/>
</kw>
<kw name="Request Should Be Successful" library="RequestsLibrary">
<arg>${Response}</arg>
<doc>Fails if response status code is a client or server error (4xx, 5xx).</doc>
<status status="PASS" starttime="20231021 19:16:49.902" endtime="20231021 19:16:49.902"/>
</kw>
<kw name="Convert To String" library="BuiltIn">
<var>${JSON_Content}</var>
<arg>${Response.content}</arg>
<doc>Converts the given item to a Unicode string.</doc>
<msg timestamp="20231021 19:16:49.903" level="INFO">${JSON_Content} = {"token":"ce497f95a4e2fd6"}</msg>
<status status="PASS" starttime="20231021 19:16:49.902" endtime="20231021 19:16:49.903"/>
</kw>
<kw name="Set Global Variable" library="BuiltIn">
<arg>${JSON_Content}</arg>
<doc>Makes a variable available globally in all tests and suites.</doc>
<msg timestamp="20231021 19:16:49.903" level="INFO">${JSON_Content} = {"token":"ce497f95a4e2fd6"}</msg>
<status status="PASS" starttime="20231021 19:16:49.903" endtime="20231021 19:16:49.903"/>
</kw>
<kw name="Convert String To Json" library="JSONLibrary">
<var>${json}</var>
<arg>${JSON_Content}</arg>
<doc>Convert String to JSON object</doc>
<msg timestamp="20231021 19:16:49.903" level="INFO">${json} = {'token': 'ce497f95a4e2fd6'}</msg>
<status status="PASS" starttime="20231021 19:16:49.903" endtime="20231021 19:16:49.903"/>
</kw>
<kw name="Get Value From Json" library="JSONLibrary">
<var>${Auth_Tokon_ID_Code}</var>
<arg>${json}</arg>
<arg>$.token</arg>
<doc>Get Value From JSON using JSONPath</doc>
<msg timestamp="20231021 19:16:49.920" level="INFO">${Auth_Tokon_ID_Code} = ['ce497f95a4e2fd6']</msg>
<status status="PASS" starttime="20231021 19:16:49.903" endtime="20231021 19:16:49.920"/>
</kw>
<kw name="Get From List" library="Collections">
<var>${Auth_Tokon_ID_Code_from_list}</var>
<arg>${Auth_Tokon_ID_Code}</arg>
<arg>0</arg>
<doc>Returns the value specified with an ``index`` from ``list``.</doc>
<msg timestamp="20231021 19:16:49.920" level="INFO">${Auth_Tokon_ID_Code_from_list} = ce497f95a4e2fd6</msg>
<status status="PASS" starttime="20231021 19:16:49.920" endtime="20231021 19:16:49.920"/>
</kw>
<kw name="Convert To String" library="BuiltIn">
<var>${Auth_Tokon_ID_Code_String}</var>
<arg>${Auth_Tokon_ID_Code_from_list}</arg>
<doc>Converts the given item to a Unicode string.</doc>
<msg timestamp="20231021 19:16:49.920" level="INFO">${Auth_Tokon_ID_Code_String} = ce497f95a4e2fd6</msg>
<status status="PASS" starttime="20231021 19:16:49.920" endtime="20231021 19:16:49.920"/>
</kw>
<kw name="Write To Cell" library="ExcellentLibrary">
<arg>C${Next_Row_Evalute}</arg>
<arg>${Auth_Tokon_ID_Code_String}</arg>
<doc>Writes a value to the supplied cell.</doc>
<status status="PASS" starttime="20231021 19:16:49.920" endtime="20231021 19:16:49.921"/>
</kw>
<kw name="Then KW: To save &amp; close the workbook to the specified path." library="setup_teardown_func">
<doc>This Keyword will help to save all the data's written to the sheet and will close it safely.</doc>
<kw name="Save" library="ExcellentLibrary">
<doc>Saves the changes to the currently active workbook.</doc>
<status status="PASS" starttime="20231021 19:16:49.921" endtime="20231021 19:16:49.928"/>
</kw>
<kw name="Close Workbook" library="ExcellentLibrary">
<doc>Closes the workbook identified by the supplied alias.</doc>
<status status="PASS" starttime="20231021 19:16:49.928" endtime="20231021 19:16:49.928"/>
</kw>
<status status="PASS" starttime="20231021 19:16:49.921" endtime="20231021 19:16:49.928"/>
</kw>
<doc>This TC is to create AUTH or TOKEN with user credentials.</doc>
<tag>Positive</tag>
<status status="PASS" starttime="20231021 19:16:48.661" endtime="20231021 19:16:49.928"/>
</test>
<test id="s1-s1-t2" name="TC-2 [POST] CREATE AUTH OR TOKEN FOR THE BOOK - UNSUCCESSFUL(Invalid)" line="69">
<doc>This TC is to check AUTH or TOKEN with user invalid credentials.</doc>
<tag>Negative</tag>
<status status="SKIP" starttime="20231021 19:16:49.928" endtime="20231021 19:16:49.929">Test skipped using '--skip' command line option.</status>
</test>
<doc>TC for Creating Auth or Token.</doc>
<status status="PASS" starttime="20231021 19:16:48.415" endtime="20231021 19:16:49.929"/>
</suite>
<suite id="s1-s2" name="Tc 2 Createbooking" source="/Users/rajeevpramanik/Documents/GitHub/robotframework/package_restful_booker_herokuapp/pom_test_suite/tc_2_createbooking.robot">
<test id="s1-s2-t1" name="TC-1 [POST] CREATE BOOKING FOR THE BOOK - SUCCESSFUL" line="14">
<kw name="Given KW: To open the workbook to the specified path." library="setup_teardown_func">
<doc>This Keyword is opening the excelsheets to write &amp; read data's.</doc>
<kw name="Open Workbook" library="ExcellentLibrary">
<arg>${The work book}</arg>
<doc>Opens the workbook found at the given file path.
_NOTE_: Please note that at present _XLS_ files are not supported.</doc>
<status status="PASS" starttime="20231021 19:16:49.934" endtime="20231021 19:16:49.938"/>
</kw>
<status status="PASS" starttime="20231021 19:16:49.934" endtime="20231021 19:16:49.938"/>
</kw>
<kw name="Given KW: Interacting with the Excel sheet1." library="setup_teardown_func">
<doc>This Keyword is calling the other user defined keywords, created above for interaction with sheets 1.</doc>
<kw name="KW: Switch sheets 1." library="setup_teardown_func">
<doc>This Keyword will help to switch to the sheet named "Create_User".</doc>
<kw name="Switch Sheet" library="ExcellentLibrary">
<arg>Create_Booking</arg>
<doc>Switches to the sheet with the supplied name within the active
workbook.</doc>
<status status="PASS" starttime="20231021 19:16:49.938" endtime="20231021 19:16:49.938"/>
</kw>
<status status="PASS" starttime="20231021 19:16:49.938" endtime="20231021 19:16:49.938"/>
</kw>
<kw name="KW: Get the Column Count." library="setup_teardown_func">
<doc>This Keyword will count the total column used for the active sheet.</doc>
<kw name="Get Column Count" library="ExcellentLibrary">
<var>${The all column count is}</var>
<doc>Returns the number of non-empty columns in the active sheet.</doc>
<msg timestamp="20231021 19:16:49.939" level="INFO">${The all column count is} = 12</msg>
<status status="PASS" starttime="20231021 19:16:49.938" endtime="20231021 19:16:49.939"/>
</kw>
<kw name="Set Global Variable" library="BuiltIn">
<arg>${The all column count is}</arg>
<doc>Makes a variable available globally in all tests and suites.</doc>
<msg timestamp="20231021 19:16:49.939" level="INFO">${The all column count is} = 12</msg>
<status status="PASS" starttime="20231021 19:16:49.939" endtime="20231021 19:16:49.939"/>
</kw>
<status status="PASS" starttime="20231021 19:16:49.938" endtime="20231021 19:16:49.939"/>
</kw>
<kw name="KW: Get the Row Count." library="setup_teardown_func">
<doc>This Keyword will count the total row used for the active sheet.</doc>
<kw name="Get Row Count" library="ExcellentLibrary">
<var>${The all row count is}</var>
<doc>Returns the number of non-empty rows in the active sheet.</doc>
<msg timestamp="20231021 19:16:49.939" level="INFO">${The all row count is} = 1</msg>
<status status="PASS" starttime="20231021 19:16:49.939" endtime="20231021 19:16:49.939"/>
</kw>
<kw name="Set Global Variable" library="BuiltIn">
<arg>${The all row count is}</arg>
<doc>Makes a variable available globally in all tests and suites.</doc>
<msg timestamp="20231021 19:16:49.939" level="INFO">${The all row count is} = 1</msg>
<status status="PASS" starttime="20231021 19:16:49.939" endtime="20231021 19:16:49.939"/>
</kw>
<status status="PASS" starttime="20231021 19:16:49.939" endtime="20231021 19:16:49.939"/>
</kw>
<kw name="KW: Globally evalutaing to the excel sheet." library="setup_teardown_func">
<doc>This Keyword will evaluate the total row used plus one extra row (EX: 33 rows used + 1 row).</doc>
<kw name="Evaluate" library="BuiltIn">
<var>${Next_Row_Evalute}</var>
<arg>${The all row count is}+1</arg>
<doc>Evaluates the given expression in Python and returns the result.</doc>
<msg timestamp="20231021 19:16:49.939" level="INFO">${Next_Row_Evalute} = 2</msg>
<status status="PASS" starttime="20231021 19:16:49.939" endtime="20231021 19:16:49.939"/>
</kw>
<kw name="Set Global Variable" library="BuiltIn">
<arg>${Next_Row_Evalute}</arg>
<doc>Makes a variable available globally in all tests and suites.</doc>
<msg timestamp="20231021 19:16:49.939" level="INFO">${Next_Row_Evalute} = 2</msg>
<status status="PASS" starttime="20231021 19:16:49.939" endtime="20231021 19:16:49.939"/>
</kw>
<status status="PASS" starttime="20231021 19:16:49.939" endtime="20231021 19:16:49.940"/>
</kw>
<status status="PASS" starttime="20231021 19:16:49.938" endtime="20231021 19:16:49.940"/>
</kw>
<kw name="Given KW: Create firstName &amp; LastName using Faker." library="setup_teardown_func">
<doc>This keyword will help to generate the unique firstName &amp; LastName.</doc>
<kw name="First Name" library="FakerLibrary">
<var>${Fake_First_Name}</var>
<msg timestamp="20231021 19:16:49.940" level="INFO">${Fake_First_Name} = Brian</msg>
<status status="PASS" starttime="20231021 19:16:49.940" endtime="20231021 19:16:49.940"/>
</kw>
<kw name="Last Name" library="FakerLibrary">
<var>${Fake_Last_Name}</var>
<msg timestamp="20231021 19:16:49.940" level="INFO">${Fake_Last_Name} = Farrell</msg>
<status status="PASS" starttime="20231021 19:16:49.940" endtime="20231021 19:16:49.940"/>
</kw>
<kw name="Set Global Variable" library="BuiltIn">
<arg>${Fake_First_Name}</arg>
<doc>Makes a variable available globally in all tests and suites.</doc>
<msg timestamp="20231021 19:16:49.940" level="INFO">${Fake_First_Name} = Brian</msg>
<status status="PASS" starttime="20231021 19:16:49.940" endtime="20231021 19:16:49.940"/>
</kw>
<kw name="Set Global Variable" library="BuiltIn">
<arg>${Fake_Last_Name}</arg>
<doc>Makes a variable available globally in all tests and suites.</doc>
<msg timestamp="20231021 19:16:49.940" level="INFO">${Fake_Last_Name} = Farrell</msg>
<status status="PASS" starttime="20231021 19:16:49.940" endtime="20231021 19:16:49.940"/>
</kw>
<kw name="Log" library="BuiltIn">
<arg>${Fake_First_Name}</arg>
<doc>Logs the given message with the given level.</doc>
<msg timestamp="20231021 19:16:49.941" level="INFO">Brian</msg>
<status status="PASS" starttime="20231021 19:16:49.941" endtime="20231021 19:16:49.941"/>
</kw>
<kw name="Log" library="BuiltIn">
<arg>${Fake_Last_Name}</arg>
<doc>Logs the given message with the given level.</doc>
<msg timestamp="20231021 19:16:49.941" level="INFO">Farrell</msg>
<status status="PASS" starttime="20231021 19:16:49.941" endtime="20231021 19:16:49.941"/>
</kw>
<status status="PASS" starttime="20231021 19:16:49.940" endtime="20231021 19:16:49.941"/>
</kw>
<kw name="Then KW: Saving the 1st &amp; Last name to excel." library="setup_teardown_func">
<kw name="Write To Cell" library="ExcellentLibrary">
<arg>B${Next_Row_Evalute}</arg>
<arg>${Fake_First_Name}</arg>
<doc>Writes a value to the supplied cell.</doc>
<status status="PASS" starttime="20231021 19:16:49.941" endtime="20231021 19:16:49.941"/>
</kw>
<kw name="Write To Cell" library="ExcellentLibrary">
<arg>C${Next_Row_Evalute}</arg>
<arg>${Fake_Last_Name}</arg>
<doc>Writes a value to the supplied cell.</doc>
<status status="PASS" starttime="20231021 19:16:49.941" endtime="20231021 19:16:49.941"/>
</kw>
<status status="PASS" starttime="20231021 19:16:49.941" endtime="20231021 19:16:49.941"/>
</kw>
<kw name="And KW: Create total price using Faker." library="setup_teardown_func">
<doc>This keyword will help to generate the unique price value.</doc>
<kw name="Pyint" library="FakerLibrary">
<var>${Faker_Price_Value}</var>
<arg>min_value=1111</arg>
<arg>max_value=9999</arg>
<arg>step=1</arg>
<msg timestamp="20231021 19:16:49.941" level="INFO">${Faker_Price_Value} = 2500</msg>
<status status="PASS" starttime="20231021 19:16:49.941" endtime="20231021 19:16:49.941"/>
</kw>
<kw name="Set Global Variable" library="BuiltIn">
<arg>${Faker_Price_Value}</arg>
<doc>Makes a variable available globally in all tests and suites.</doc>
<msg timestamp="20231021 19:16:49.942" level="INFO">${Faker_Price_Value} = 2500</msg>
<status status="PASS" starttime="20231021 19:16:49.942" endtime="20231021 19:16:49.942"/>
</kw>
<kw name="Log" library="BuiltIn">
<arg>${Faker_Price_Value}</arg>
<doc>Logs the given message with the given level.</doc>
<msg timestamp="20231021 19:16:49.942" level="INFO">2500</msg>
<status status="PASS" starttime="20231021 19:16:49.942" endtime="20231021 19:16:49.942"/>
</kw>
<status status="PASS" starttime="20231021 19:16:49.941" endtime="20231021 19:16:49.942"/>
</kw>
<kw name="Then KW: Saving the fake price value to excel." library="setup_teardown_func">
<kw name="Write To Cell" library="ExcellentLibrary">
<arg>D${Next_Row_Evalute}</arg>
<arg>${Faker_Price_Value}</arg>
<doc>Writes a value to the supplied cell.</doc>
<status status="PASS" starttime="20231021 19:16:49.942" endtime="20231021 19:16:49.942"/>
</kw>
<status status="PASS" starttime="20231021 19:16:49.942" endtime="20231021 19:16:49.942"/>
</kw>
<kw name="Then KW: Create dummy word using Faker." library="setup_teardown_func">
<doc>This keyword will help to generate the unique dummy word.</doc>
<kw name="Word" library="FakerLibrary">
<var>${Faker_words}</var>
<arg>ext_word_list=None</arg>
<doc>Generate a word.</doc>
<msg timestamp="20231021 19:16:49.943" level="INFO">${Faker_words} = purpose</msg>
<status status="PASS" starttime="20231021 19:16:49.942" endtime="20231021 19:16:49.943"/>
</kw>
<kw name="Set Global Variable" library="BuiltIn">
<arg>${Faker_words}</arg>
<doc>Makes a variable available globally in all tests and suites.</doc>
<msg timestamp="20231021 19:16:49.943" level="INFO">${Faker_words} = purpose</msg>
<status status="PASS" starttime="20231021 19:16:49.943" endtime="20231021 19:16:49.943"/>
</kw>
<kw name="Log" library="BuiltIn">
<arg>${Faker_words}</arg>
<doc>Logs the given message with the given level.</doc>
<msg timestamp="20231021 19:16:49.943" level="INFO">purpose</msg>
<status status="PASS" starttime="20231021 19:16:49.943" endtime="20231021 19:16:49.943"/>
</kw>
<status status="PASS" starttime="20231021 19:16:49.942" endtime="20231021 19:16:49.943"/>
</kw>
<kw name="KW: Saving the fake word to excel." library="setup_teardown_func">
<kw name="Write To Cell" library="ExcellentLibrary">
<arg>H${Next_Row_Evalute}</arg>
<arg>${Faker_words}</arg>
<doc>Writes a value to the supplied cell.</doc>
<status status="PASS" starttime="20231021 19:16:49.943" endtime="20231021 19:16:49.943"/>
</kw>
<status status="PASS" starttime="20231021 19:16:49.943" endtime="20231021 19:16:49.943"/>
</kw>
<kw name="And KW: Today's Date is." library="setup_teardown_func">
<doc>This Keyword will help to generate current date the TC executed.</doc>
<kw name="Date This Month" library="FakerLibrary">
<var>${CurrentDate}</var>
<doc>Gets a Date object for the current month.</doc>
<msg timestamp="20231021 19:16:49.943" level="INFO">${CurrentDate} = 2023-10-07</msg>
<status status="PASS" starttime="20231021 19:16:49.943" endtime="20231021 19:16:49.943"/>
</kw>
<kw name="Set Global Variable" library="BuiltIn">
<arg>${CurrentDate}</arg>
<doc>Makes a variable available globally in all tests and suites.</doc>
<msg timestamp="20231021 19:16:49.944" level="INFO">${CurrentDate} = 2023-10-07</msg>
<status status="PASS" starttime="20231021 19:16:49.944" endtime="20231021 19:16:49.944"/>
</kw>
<status status="PASS" starttime="20231021 19:16:49.943" endtime="20231021 19:16:49.944"/>
</kw>
<kw name="Then KW: Saving the current date to excel." library="setup_teardown_func">
<kw name="Write To Cell" library="ExcellentLibrary">
<arg>F${Next_Row_Evalute}</arg>
<arg>${CurrentDate}</arg>
<doc>Writes a value to the supplied cell.</doc>
<status status="PASS" starttime="20231021 19:16:49.944" endtime="20231021 19:16:49.944"/>
</kw>
<status status="PASS" starttime="20231021 19:16:49.944" endtime="20231021 19:16:49.944"/>
</kw>
<kw name="Then KW: Saving the current date&amp;time to excel." library="setup_teardown_func">
<kw name="Get Current Date" library="DateTime">
<var>${Get current time of system}</var>
<doc>Returns current local or UTC time with an optional increment.</doc>
<msg timestamp="20231021 19:16:49.945" level="INFO">${Get current time of system} = 2023-10-21 19:16:49.945</msg>
<status status="PASS" starttime="20231021 19:16:49.944" endtime="20231021 19:16:49.945"/>
</kw>
<kw name="Write To Cell" library="ExcellentLibrary">
<arg>L${Next_Row_Evalute}</arg>
<arg>${Get current time of system}</arg>
<doc>Writes a value to the supplied cell.</doc>
<status status="PASS" starttime="20231021 19:16:49.945" endtime="20231021 19:16:49.945"/>
</kw>
<status status="PASS" starttime="20231021 19:16:49.944" endtime="20231021 19:16:49.945"/>
</kw>
<kw name="Then KW: Future's Date is." library="setup_teardown_func">
<doc>This Keyword will help to generate future date the TC executed.</doc>
<kw name="Future Date" library="FakerLibrary">
<var>${FutureDate}</var>
<doc>Get a Date object based on a random date between 1 day from now and a
given date.
Accepts date strings that can be recognized by strtotime().</doc>
<msg timestamp="20231021 19:16:49.945" level="INFO">${FutureDate} = 2023-10-31</msg>
<status status="PASS" starttime="20231021 19:16:49.945" endtime="20231021 19:16:49.945"/>
</kw>
<kw name="Set Global Variable" library="BuiltIn">
<arg>${FutureDate}</arg>
<doc>Makes a variable available globally in all tests and suites.</doc>
<msg timestamp="20231021 19:16:49.945" level="INFO">${FutureDate} = 2023-10-31</msg>
<status status="PASS" starttime="20231021 19:16:49.945" endtime="20231021 19:16:49.945"/>
</kw>
<status status="PASS" starttime="20231021 19:16:49.945" endtime="20231021 19:16:49.945"/>
</kw>
<kw name="And KW: Saving the future date to excel." library="setup_teardown_func">
<kw name="Write To Cell" library="ExcellentLibrary">
<arg>G${Next_Row_Evalute}</arg>
<arg>${FutureDate}</arg>
<doc>Writes a value to the supplied cell.</doc>
<status status="PASS" starttime="20231021 19:16:49.946" endtime="20231021 19:16:49.946"/>
</kw>
<status status="PASS" starttime="20231021 19:16:49.946" endtime="20231021 19:16:49.946"/>
</kw>
<kw name="And KW: List for Random True &amp; False." library="setup_teardown_func">
<doc>Flag for Random True or False.</doc>
<kw name="Create List" library="BuiltIn">
<var>@{List for True or False}</var>
<arg>true</arg>
<arg>false</arg>
<doc>Returns a list containing given items.</doc>
<msg timestamp="20231021 19:16:49.946" level="INFO">@{List for True or False} = [ true | false ]</msg>
<status status="PASS" starttime="20231021 19:16:49.946" endtime="20231021 19:16:49.946"/>
</kw>
<kw name="Log" library="BuiltIn">
<arg>${List for True or False}</arg>
<doc>Logs the given message with the given level.</doc>
<msg timestamp="20231021 19:16:49.946" level="INFO">['true', 'false']</msg>
<status status="PASS" starttime="20231021 19:16:49.946" endtime="20231021 19:16:49.946"/>
</kw>
<kw name="Get Length" library="BuiltIn">
<var>${Length_Of_month_Lists_Items}</var>
<arg>${List for True or False}</arg>
<doc>Returns and logs the length of the given item as an integer.</doc>
<msg timestamp="20231021 19:16:49.946" level="INFO">Length is 2</msg>
<msg timestamp="20231021 19:16:49.946" level="INFO">${Length_Of_month_Lists_Items} = 2</msg>
<status status="PASS" starttime="20231021 19:16:49.946" endtime="20231021 19:16:49.946"/>
</kw>
<kw name="Evaluate" library="BuiltIn">
<var>${random_NUMBER}</var>
<arg>random.randint(0,${Length_Of_month_Lists_Items}-1)</arg>
<doc>Evaluates the given expression in Python and returns the result.</doc>
<msg timestamp="20231021 19:16:49.946" level="INFO">${random_NUMBER} = 0</msg>
<status status="PASS" starttime="20231021 19:16:49.946" endtime="20231021 19:16:49.946"/>
</kw>
<kw name="Log" library="BuiltIn">
<arg>${random_NUMBER}</arg>
<doc>Logs the given message with the given level.</doc>
<msg timestamp="20231021 19:16:49.947" level="INFO">0</msg>
<status status="PASS" starttime="20231021 19:16:49.946" endtime="20231021 19:16:49.947"/>
</kw>
<kw name="Get From List" library="Collections">
<var>${The Boolean value is}</var>
<arg>${List for True or False}</arg>
<arg>${random_NUMBER}</arg>
<doc>Returns the value specified with an ``index`` from ``list``.</doc>
<msg timestamp="20231021 19:16:49.947" level="INFO">${The Boolean value is} = true</msg>
<status status="PASS" starttime="20231021 19:16:49.947" endtime="20231021 19:16:49.947"/>
</kw>
<kw name="Set Global Variable" library="BuiltIn">
<arg>${The Boolean value is}</arg>
<doc>Makes a variable available globally in all tests and suites.</doc>
<msg timestamp="20231021 19:16:49.947" level="INFO">${The Boolean value is} = true</msg>
<status status="PASS" starttime="20231021 19:16:49.947" endtime="20231021 19:16:49.947"/>
</kw>
<status status="PASS" starttime="20231021 19:16:49.946" endtime="20231021 19:16:49.947"/>
</kw>
<kw name="When KW: Creating Booking POST Session." library="kw_2_createbooking">
<doc>Create a HTTP session to a server.
With an alias, where Robot Framework alias is to identify the session.
Including the Base url of the server
Verify HTTPS request is being made in Robot Framework.</doc>
<kw name="Create Session" library="RequestsLibrary">
<arg>Restful_Brooker</arg>
<arg>${API BASE URL}</arg>
<arg>verify=True</arg>
<doc>Create Session: create a HTTP session to a server</doc>
<msg timestamp="20231021 19:16:49.947" level="INFO">Creating Session using : alias=Restful_Brooker, url=https://restful-booker.herokuapp.com, headers={},                     cookies={}, auth=None, timeout=None, proxies=None, verify=True,                     debug=0 </msg>
<status status="PASS" starttime="20231021 19:16:49.947" endtime="20231021 19:16:49.947"/>
</kw>
<status status="PASS" starttime="20231021 19:16:49.947" endtime="20231021 19:16:49.947"/>
</kw>
<kw name="Then KW: Request Header." library="kw_2_createbooking">
<doc>APIs require to send particular headers along with requests, typically to provide additional metadata about the operation that are performing.
Can set these up in the Headers.
Enter any key-value pairs needed and it will be send along with the request.</doc>
<kw name="KW for User Agent" library="user_agents">
<kw name="Get Length" library="BuiltIn">
<var>${Length_Of_user_agents_Lists_Items}</var>
<arg>${user_agents list}</arg>
<doc>Returns and logs the length of the given item as an integer.</doc>
<msg timestamp="20231021 19:16:49.948" level="INFO">Length is 56</msg>
<msg timestamp="20231021 19:16:49.948" level="INFO">${Length_Of_user_agents_Lists_Items} = 56</msg>
<status status="PASS" starttime="20231021 19:16:49.947" endtime="20231021 19:16:49.948"/>
</kw>
<kw name="Evaluate" library="BuiltIn">
<var>${random_NUMBER}</var>
<arg>random.randint(0,${Length_Of_user_agents_Lists_Items}-1)</arg>
<doc>Evaluates the given expression in Python and returns the result.</doc>
<msg timestamp="20231021 19:16:49.948" level="INFO">${random_NUMBER} = 2</msg>
<status status="PASS" starttime="20231021 19:16:49.948" endtime="20231021 19:16:49.948"/>
</kw>
<kw name="Get From List" library="Collections">
<var>${useragent}</var>
<arg>${user_agents list}</arg>
<arg>${random_NUMBER}</arg>
<doc>Returns the value specified with an ``index`` from ``list``.</doc>
<msg timestamp="20231021 19:16:49.948" level="INFO">${useragent} = Mozilla/5.0 (iPhone; CPU iPhone OS 12_2 like Mac OS X) AppleWebKit/605.1.15 (KHTML, like Gecko) Mobile/15E148</msg>
<status status="PASS" starttime="20231021 19:16:49.948" endtime="20231021 19:16:49.948"/>
</kw>
<kw name="Set Global Variable" library="BuiltIn">
<arg>${useragent}</arg>
<doc>Makes a variable available globally in all tests and suites.</doc>
<msg timestamp="20231021 19:16:49.948" level="INFO">${useragent} = Mozilla/5.0 (iPhone; CPU iPhone OS 12_2 like Mac OS X) AppleWebKit/605.1.15 (KHTML, like Gecko) Mobile/15E148</msg>
<status status="PASS" starttime="20231021 19:16:49.948" endtime="20231021 19:16:49.948"/>
</kw>
<status status="PASS" starttime="20231021 19:16:49.947" endtime="20231021 19:16:49.948"/>
</kw>
<kw name="Create Dictionary" library="BuiltIn">
<var>${Header}</var>
<arg>User-Agent=${useragent}</arg>
<arg>Content-Type=application/json</arg>
<arg>accept=application/json</arg>
<doc>Creates and returns a dictionary based on the given ``items``.</doc>
<msg timestamp="20231021 19:16:49.948" level="INFO">${Header} = {'User-Agent': 'Mozilla/5.0 (iPhone; CPU iPhone OS 12_2 like Mac OS X) AppleWebKit/605.1.15 (KHTML, like Gecko) Mobile/15E148', 'Content-Type': 'application/json', 'accept': 'application/json'}</msg>
<status status="PASS" starttime="20231021 19:16:49.948" endtime="20231021 19:16:49.948"/>
</kw>
<kw name="Set Global Variable" library="BuiltIn">
<arg>${Header}</arg>
<doc>Makes a variable available globally in all tests and suites.</doc>
<msg timestamp="20231021 19:16:49.948" level="INFO">${Header} = {'User-Agent': 'Mozilla/5.0 (iPhone; CPU iPhone OS 12_2 like Mac OS X) AppleWebKit/605.1.15 (KHTML, like Gecko) Mobile/15E148', 'Content-Type': 'application/json', 'accept': 'application/json'}</msg>
<status status="PASS" starttime="20231021 19:16:49.948" endtime="20231021 19:16:49.948"/>
</kw>
<status status="PASS" starttime="20231021 19:16:49.947" endtime="20231021 19:16:49.948"/>
</kw>
<kw name="And KW: POST Body with JSON Keys &amp; Value." library="kw_2_createbooking">
<doc>Need to send body data using KEY-VALUE pairs with requests whenever need to add or update structured data.</doc>
<kw name="Catenate" library="BuiltIn">
<var>${Body}</var>
<arg>{</arg>
<arg>"firstname" : "${Fake_First_Name}",</arg>
<arg>"lastname" : "${Fake_Last_Name}",</arg>
<arg>"totalprice" : ${Faker_Price_Value},</arg>
<arg>"depositpaid" : ${The Boolean value is},</arg>
<arg>"bookingdates" :</arg>
<arg>{</arg>
<arg>"checkin" : "${CurrentDate}",</arg>
<arg>"checkout" : "${FutureDate}" },</arg>
<arg>"additionalneeds" : "${Faker_words}"</arg>
<arg>}</arg>
<doc>Catenates the given items together and returns the resulted string.</doc>
<msg timestamp="20231021 19:16:49.949" level="INFO">${Body} = { "firstname" : "Brian", "lastname" : "Farrell", "totalprice" : 2500, "depositpaid" : true, "bookingdates" : { "checkin" : "2023-10-07", "checkout" : "2023-10-31" }, "additionalneeds" : "purpose" }</msg>
<status status="PASS" starttime="20231021 19:16:49.948" endtime="20231021 19:16:49.949"/>
</kw>
<kw name="Set Global Variable" library="BuiltIn">
<arg>${Body}</arg>
<doc>Makes a variable available globally in all tests and suites.</doc>
<msg timestamp="20231021 19:16:49.949" level="INFO">${Body} = { "firstname" : "Brian", "lastname" : "Farrell", "totalprice" : 2500, "depositpaid" : true, "bookingdates" : { "checkin" : "2023-10-07", "checkout" : "2023-10-31" }, "additionalneeds" : "purpose" }</msg>
<status status="PASS" starttime="20231021 19:16:49.949" endtime="20231021 19:16:49.949"/>
</kw>
<status status="PASS" starttime="20231021 19:16:49.948" endtime="20231021 19:16:49.949"/>
</kw>
<kw name="Run Keyword And Continue On Failure" library="BuiltIn">
<arg>KW: Response of the POST Request.</arg>
<doc>Runs the keyword and continues execution even if a failure occurs.</doc>
<kw name="KW: Response of the POST Request." library="kw_2_createbooking">
<doc>The response viewer helps to ensure the correctness of API responses.
An API response consists of the body, headers, and the status code.
It organizes body and headers in different forms.
The status code and the completion time of the API call is visible.
The response also contains the HTTP specification default description.
However, API authors can also add custom message.</doc>
<kw name="POST On Session" library="RequestsLibrary">
<var>${Response}</var>
<arg>Restful_Brooker</arg>
<arg>${API CreateBooking END POINT}</arg>
<arg>data=${Body}</arg>
<arg>headers=${Header}</arg>
<doc>Sends a POST request on a previously created HTTP Session.</doc>
<msg timestamp="20231021 19:16:50.963" level="INFO">POST Request : url=https://restful-booker.herokuapp.com/booking 
 path_url=/booking 
 headers={'User-Agent': 'Mozilla/5.0 (iPhone; CPU iPhone OS 12_2 like Mac OS X) AppleWebKit/605.1.15 (KHTML, like Gecko) Mobile/15E148', 'Accept-Encoding': 'gzip, deflate', 'accept': 'application/json', 'Connection': 'keep-alive', 'Content-Type': 'application/json', 'Content-Length': '197'} 
 body={ "firstname" : "Brian", "lastname" : "Farrell", "totalprice" : 2500, "depositpaid" : true, "bookingdates" : { "checkin" : "2023-10-07", "checkout" : "2023-10-31" }, "additionalneeds" : "purpose" } 
 </msg>
<msg timestamp="20231021 19:16:50.963" level="INFO">POST Response : url=https://restful-booker.herokuapp.com/booking 
 status=200, reason=OK 
 headers={'Server': 'Cowboy', 'Report-To': '{"group":"heroku-nel","max_age":3600,"endpoints":[{"url":"https://nel.heroku.com/reports?ts=1697896010&amp;sid=c46efe9b-d3d2-4a0c-8c76-bfafa16c5add&amp;s=2vOHZd2RjMi6h0l38crXwVYN8zz7td793JNj%2BPk57X0%3D"}]}', 'Reporting-Endpoints': 'heroku-nel=https://nel.heroku.com/reports?ts=1697896010&amp;sid=c46efe9b-d3d2-4a0c-8c76-bfafa16c5add&amp;s=2vOHZd2RjMi6h0l38crXwVYN8zz7td793JNj%2BPk57X0%3D', 'Nel': '{"report_to":"heroku-nel","max_age":3600,"success_fraction":0.005,"failure_fraction":0.05,"response_headers":["Via"]}', 'Connection': 'keep-alive', 'X-Powered-By': 'Express', 'Content-Type': 'application/json; charset=utf-8', 'Content-Length': '200', 'Etag': 'W/"c8-UyB6ueM6J3wuDXpPDV2hrejzfuc"', 'Date': 'Sat, 21 Oct 2023 13:46:50 GMT', 'Via': '1.1 vegur'} 
 body={"bookingid":2534,"booking":{"firstname":"Brian","lastname":"Farrell","totalprice":2500,"depositpaid":true,"bookingdates":{"checkin":"2023-10-07","checkout":"2023-10-31"},"additionalneeds":"purpose"}} 
 </msg>
<msg timestamp="20231021 19:16:50.963" level="INFO">${Response} = &lt;Response [200]&gt;</msg>
<status status="PASS" starttime="20231021 19:16:49.949" endtime="20231021 19:16:50.963"/>
</kw>
<kw name="Set Global Variable" library="BuiltIn">
<arg>${Response}</arg>
<doc>Makes a variable available globally in all tests and suites.</doc>
<msg timestamp="20231021 19:16:50.963" level="INFO">${Response} = &lt;Response [200]&gt;</msg>
<status status="PASS" starttime="20231021 19:16:50.963" endtime="20231021 19:16:50.963"/>
</kw>
<status status="PASS" starttime="20231021 19:16:49.949" endtime="20231021 19:16:50.964"/>
</kw>
<status status="PASS" starttime="20231021 19:16:49.949" endtime="20231021 19:16:50.964"/>
</kw>
<kw name="Convert To String" library="BuiltIn">
<var>${The cumalative response is}</var>
<arg>${Response}</arg>
<doc>Converts the given item to a Unicode string.</doc>
<msg timestamp="20231021 19:16:50.964" level="INFO">${The cumalative response is} = &lt;Response [200]&gt;</msg>
<status status="PASS" starttime="20231021 19:16:50.964" endtime="20231021 19:16:50.964"/>
</kw>
<kw name="Write To Cell" library="ExcellentLibrary">
<arg>K${Next_Row_Evalute}</arg>
<arg>${The cumalative response is}</arg>
<doc>Writes a value to the supplied cell.</doc>
<status status="PASS" starttime="20231021 19:16:50.964" endtime="20231021 19:16:50.964"/>
</kw>
<kw name="Convert To String" library="BuiltIn">
<var>${Status_Code}</var>
<arg>${Response.status_code}</arg>
<doc>Converts the given item to a Unicode string.</doc>
<msg timestamp="20231021 19:16:50.965" level="INFO">${Status_Code} = 200</msg>
<status status="PASS" starttime="20231021 19:16:50.964" endtime="20231021 19:16:50.965"/>
</kw>
<kw name="Write To Cell" library="ExcellentLibrary">
<arg>I${Next_Row_Evalute}</arg>
<arg>${Status_Code}</arg>
<doc>Writes a value to the supplied cell.</doc>
<status status="PASS" starttime="20231021 19:16:50.965" endtime="20231021 19:16:50.965"/>
</kw>
<kw name="Should Be Equal" library="BuiltIn">
<arg>${Status_Code}</arg>
<arg>200</arg>
<doc>Fails if the given objects are unequal.</doc>
<status status="PASS" starttime="20231021 19:16:50.965" endtime="20231021 19:16:50.965"/>
</kw>
<kw name="Status Should Be" library="RequestsLibrary">
<arg>200</arg>
<arg>${Response}</arg>
<doc>Fails if response status code is different than the expected.</doc>
<status status="PASS" starttime="20231021 19:16:50.965" endtime="20231021 19:16:50.965"/>
</kw>
<kw name="Request Should Be Successful" library="RequestsLibrary">
<arg>${Response}</arg>
<doc>Fails if response status code is a client or server error (4xx, 5xx).</doc>
<status status="PASS" starttime="20231021 19:16:50.966" endtime="20231021 19:16:50.966"/>
</kw>
<kw name="Convert To String" library="BuiltIn">
<var>${JSON_Content}</var>
<arg>${Response.content}</arg>
<doc>Converts the given item to a Unicode string.</doc>
<msg timestamp="20231021 19:16:50.966" level="INFO">${JSON_Content} = {"bookingid":2534,"booking":{"firstname":"Brian","lastname":"Farrell","totalprice":2500,"depositpaid":true,"bookingdates":{"checkin":"2023-10-07","checkout":"2023-10-31"},"additionalneeds":"purpose"}}</msg>
<status status="PASS" starttime="20231021 19:16:50.966" endtime="20231021 19:16:50.966"/>
</kw>
<kw name="Write To Cell" library="ExcellentLibrary">
<arg>J${Next_Row_Evalute}</arg>
<arg>${JSON_Content}</arg>
<doc>Writes a value to the supplied cell.</doc>
<status status="PASS" starttime="20231021 19:16:50.966" endtime="20231021 19:16:50.966"/>
</kw>
<kw name="Set Global Variable" library="BuiltIn">
<arg>${JSON_Content}</arg>
<doc>Makes a variable available globally in all tests and suites.</doc>
<msg timestamp="20231021 19:16:50.967" level="INFO">${JSON_Content} = {"bookingid":2534,"booking":{"firstname":"Brian","lastname":"Farrell","totalprice":2500,"depositpaid":true,"bookingdates":{"checkin":"2023-10-07","checkout":"2023-10-31"},"additionalneeds":"purpose"}}</msg>
<status status="PASS" starttime="20231021 19:16:50.967" endtime="20231021 19:16:50.967"/>
</kw>
<kw name="Convert String To Json" library="JSONLibrary">
<var>${json}</var>
<arg>${JSON_Content}</arg>
<doc>Convert String to JSON object</doc>
<msg timestamp="20231021 19:16:50.967" level="INFO">${json} = {'bookingid': 2534, 'booking': {'firstname': 'Brian', 'lastname': 'Farrell', 'totalprice': 2500, 'depositpaid': True, 'bookingdates': {'checkin': '2023-10-07', 'checkout': '2023-10-31'}, 'additionalne...</msg>
<status status="PASS" starttime="20231021 19:16:50.967" endtime="20231021 19:16:50.967"/>
</kw>
<kw name="Get Value From Json" library="JSONLibrary">
<var>${Booking_ID_Code}</var>
<arg>${json}</arg>
<arg>$.bookingid</arg>
<doc>Get Value From JSON using JSONPath</doc>
<msg timestamp="20231021 19:16:50.980" level="INFO">${Booking_ID_Code} = [2534]</msg>
<status status="PASS" starttime="20231021 19:16:50.967" endtime="20231021 19:16:50.980"/>
</kw>
<kw name="Get From List" library="Collections">
<var>${Booking_ID_Code_fetching_from_list}</var>
<arg>${Booking_ID_Code}</arg>
<arg>0</arg>
<doc>Returns the value specified with an ``index`` from ``list``.</doc>
<msg timestamp="20231021 19:16:50.980" level="INFO">${Booking_ID_Code_fetching_from_list} = 2534</msg>
<status status="PASS" starttime="20231021 19:16:50.980" endtime="20231021 19:16:50.980"/>
</kw>
<kw name="Convert To String" library="BuiltIn">
<var>${Booking_ID_Code_String}</var>
<arg>${Booking_ID_Code_fetching_from_list}</arg>
<doc>Converts the given item to a Unicode string.</doc>
<msg timestamp="20231021 19:16:50.980" level="INFO">${Booking_ID_Code_String} = 2534</msg>
<status status="PASS" starttime="20231021 19:16:50.980" endtime="20231021 19:16:50.980"/>
</kw>
<kw name="Write To Cell" library="ExcellentLibrary">
<arg>A${Next_Row_Evalute}</arg>
<arg>${Booking_ID_Code_String}</arg>
<doc>Writes a value to the supplied cell.</doc>
<status status="PASS" starttime="20231021 19:16:50.980" endtime="20231021 19:16:50.980"/>
</kw>
<kw name="Get Value From Json" library="JSONLibrary">
<var>${depositpaid_true_or_false}</var>
<arg>${json}</arg>
<arg>$.booking.depositpaid</arg>
<doc>Get Value From JSON using JSONPath</doc>
<msg timestamp="20231021 19:16:50.990" level="INFO">${depositpaid_true_or_false} = [True]</msg>
<status status="PASS" starttime="20231021 19:16:50.980" endtime="20231021 19:16:50.990"/>
</kw>
<kw name="Get From List" library="Collections">
<var>${depositpaid_true_or_false get from list}</var>
<arg>${depositpaid_true_or_false}</arg>
<arg>0</arg>
<doc>Returns the value specified with an ``index`` from ``list``.</doc>
<msg timestamp="20231021 19:16:50.991" level="INFO">${depositpaid_true_or_false get from list} = True</msg>
<status status="PASS" starttime="20231021 19:16:50.990" endtime="20231021 19:16:50.991"/>
</kw>
<kw name="Convert To String" library="BuiltIn">
<var>${true_or_false_to_String}</var>
<arg>${depositpaid_true_or_false get from list}</arg>
<doc>Converts the given item to a Unicode string.</doc>
<msg timestamp="20231021 19:16:50.991" level="INFO">${true_or_false_to_String} = True</msg>
<status status="PASS" starttime="20231021 19:16:50.991" endtime="20231021 19:16:50.991"/>
</kw>
<kw name="Write To Cell" library="ExcellentLibrary">
<arg>E${Next_Row_Evalute}</arg>
<arg>${true_or_false_to_String}</arg>
<doc>Writes a value to the supplied cell.</doc>
<status status="PASS" starttime="20231021 19:16:50.991" endtime="20231021 19:16:50.991"/>
</kw>
<kw name="Session Exists" library="RequestsLibrary">
<var>${exists}</var>
<arg>Restful_Brooker</arg>
<doc>Return True if the session has been already created</doc>
<msg timestamp="20231021 19:16:50.991" level="INFO">${exists} = True</msg>
<status status="PASS" starttime="20231021 19:16:50.991" endtime="20231021 19:16:50.991"/>
</kw>
<kw name="Should Be True" library="BuiltIn">
<arg>${exists}</arg>
<doc>Fails if the given condition is not true.</doc>
<status status="PASS" starttime="20231021 19:16:50.991" endtime="20231021 19:16:50.991"/>
</kw>
<kw name="Convert To String" library="BuiltIn">
<var>${JSON_Convert}</var>
<arg>${Response.json()}</arg>
<doc>Converts the given item to a Unicode string.</doc>
<msg timestamp="20231021 19:16:50.991" level="INFO">${JSON_Convert} = {'bookingid': 2534, 'booking': {'firstname': 'Brian', 'lastname': 'Farrell', 'totalprice': 2500, 'depositpaid': True, 'bookingdates': {'checkin': '2023-10-07', 'checkout': '2023-10-31'}, 'additionalne...</msg>
<status status="PASS" starttime="20231021 19:16:50.991" endtime="20231021 19:16:50.992"/>
</kw>
<kw name="Then KW: To save &amp; close the workbook to the specified path." library="setup_teardown_func">
<doc>This Keyword will help to save all the data's written to the sheet and will close it safely.</doc>
<kw name="Save" library="ExcellentLibrary">
<doc>Saves the changes to the currently active workbook.</doc>
<status status="PASS" starttime="20231021 19:16:50.992" endtime="20231021 19:16:50.997"/>
</kw>
<kw name="Close Workbook" library="ExcellentLibrary">
<doc>Closes the workbook identified by the supplied alias.</doc>
<status status="PASS" starttime="20231021 19:16:50.997" endtime="20231021 19:16:50.998"/>
</kw>
<status status="PASS" starttime="20231021 19:16:50.992" endtime="20231021 19:16:50.998"/>
</kw>
<doc>This TC is to create booking with user details.</doc>
<tag>Positive</tag>
<status status="PASS" starttime="20231021 19:16:49.933" endtime="20231021 19:16:50.998"/>
</test>
<test id="s1-s2-t2" name="TC-2 [POST] CREATE BOOKING FOR THE BOOK - UNSUCCESSFUL(Invalid Body)" line="109">
<doc>This TC is to create booking with user details.</doc>
<tag>Negative</tag>
<status status="SKIP" starttime="20231021 19:16:50.998" endtime="20231021 19:16:50.998">Test skipped using '--skip' command line option.</status>
</test>
<doc>Suite for Create Booking.</doc>
<status status="PASS" starttime="20231021 19:16:49.929" endtime="20231021 19:16:50.998"/>
</suite>
<suite id="s1-s3" name="Tc 3 Booking Getbookingids" source="/Users/rajeevpramanik/Documents/GitHub/robotframework/package_restful_booker_herokuapp/pom_test_suite/tc_3_booking_getbookingids.robot">
<test id="s1-s3-t1" name="TC-1 [GET] FETCH ALL THE CREATED BOOKING ID's - SUCCESSFUL(Valid)" line="30">
<kw name="Run Keyword And Continue On Failure" library="BuiltIn">
<arg>KW: Creating Auth or Token POST Session.</arg>
<doc>Runs the keyword and continues execution even if a failure occurs.</doc>
<kw name="KW: Creating Auth or Token POST Session." library="kw_1_auth_create_token">
<doc>Create a HTTP session to a server.
With an alias, where Robot Framework alias is to identify the session.
Including the Base url of the server
Verify HTTPS request is being made in Robot Framework.</doc>
<kw name="Create Session" library="RequestsLibrary">
<arg>Restful_Brooker</arg>
<arg>${API BASE URL}</arg>
<arg>verify=True</arg>
<doc>Create Session: create a HTTP session to a server</doc>
<msg timestamp="20231021 19:16:51.001" level="INFO">Creating Session using : alias=Restful_Brooker, url=https://restful-booker.herokuapp.com, headers={},                     cookies={}, auth=None, timeout=None, proxies=None, verify=True,                     debug=0 </msg>
<status status="PASS" starttime="20231021 19:16:51.001" endtime="20231021 19:16:51.001"/>
</kw>
<status status="PASS" starttime="20231021 19:16:51.001" endtime="20231021 19:16:51.001"/>
</kw>
<status status="PASS" starttime="20231021 19:16:51.001" endtime="20231021 19:16:51.001"/>
</kw>
<kw name="Run Keyword And Continue On Failure" library="BuiltIn">
<arg>KW: Request Header.</arg>
<doc>Runs the keyword and continues execution even if a failure occurs.</doc>
<kw name="KW: Request Header." library="kw_1_auth_create_token">
<doc>APIs require to send particular headers along with requests, typically to provide additional metadata about the operation that are performing.
Can set these up in the Headers.
Enter any key-value pairs needed and it will be send along with the request.</doc>
<kw name="KW for User Agent" library="user_agents">
<kw name="Get Length" library="BuiltIn">
<var>${Length_Of_user_agents_Lists_Items}</var>
<arg>${user_agents list}</arg>
<doc>Returns and logs the length of the given item as an integer.</doc>
<msg timestamp="20231021 19:16:51.002" level="INFO">Length is 56</msg>
<msg timestamp="20231021 19:16:51.002" level="INFO">${Length_Of_user_agents_Lists_Items} = 56</msg>
<status status="PASS" starttime="20231021 19:16:51.002" endtime="20231021 19:16:51.002"/>
</kw>
<kw name="Evaluate" library="BuiltIn">
<var>${random_NUMBER}</var>
<arg>random.randint(0,${Length_Of_user_agents_Lists_Items}-1)</arg>
<doc>Evaluates the given expression in Python and returns the result.</doc>
<msg timestamp="20231021 19:16:51.002" level="INFO">${random_NUMBER} = 19</msg>
<status status="PASS" starttime="20231021 19:16:51.002" endtime="20231021 19:16:51.002"/>
</kw>
<kw name="Get From List" library="Collections">
<var>${useragent}</var>
<arg>${user_agents list}</arg>
<arg>${random_NUMBER}</arg>
<doc>Returns the value specified with an ``index`` from ``list``.</doc>
<msg timestamp="20231021 19:16:51.002" level="INFO">${useragent} = Mozilla/5.0 (Windows NT 6.1; WOW64; rv:40.0) Gecko/20100101 Firefox/40.1</msg>
<status status="PASS" starttime="20231021 19:16:51.002" endtime="20231021 19:16:51.002"/>
</kw>
<kw name="Set Global Variable" library="BuiltIn">
<arg>${useragent}</arg>
<doc>Makes a variable available globally in all tests and suites.</doc>
<msg timestamp="20231021 19:16:51.002" level="INFO">${useragent} = Mozilla/5.0 (Windows NT 6.1; WOW64; rv:40.0) Gecko/20100101 Firefox/40.1</msg>
<status status="PASS" starttime="20231021 19:16:51.002" endtime="20231021 19:16:51.002"/>
</kw>
<status status="PASS" starttime="20231021 19:16:51.002" endtime="20231021 19:16:51.002"/>
</kw>
<kw name="Create Dictionary" library="BuiltIn">
<var>${Header}</var>
<arg>User-Agent=${useragent}</arg>
<arg>Content-Type=application/json</arg>
<arg>accept=application/json</arg>
<doc>Creates and returns a dictionary based on the given ``items``.</doc>
<msg timestamp="20231021 19:16:51.002" level="INFO">${Header} = {'User-Agent': 'Mozilla/5.0 (Windows NT 6.1; WOW64; rv:40.0) Gecko/20100101 Firefox/40.1', 'Content-Type': 'application/json', 'accept': 'application/json'}</msg>
<status status="PASS" starttime="20231021 19:16:51.002" endtime="20231021 19:16:51.002"/>
</kw>
<kw name="Set Global Variable" library="BuiltIn">
<arg>${Header}</arg>
<doc>Makes a variable available globally in all tests and suites.</doc>
<msg timestamp="20231021 19:16:51.003" level="INFO">${Header} = {'User-Agent': 'Mozilla/5.0 (Windows NT 6.1; WOW64; rv:40.0) Gecko/20100101 Firefox/40.1', 'Content-Type': 'application/json', 'accept': 'application/json'}</msg>
<status status="PASS" starttime="20231021 19:16:51.002" endtime="20231021 19:16:51.003"/>
</kw>
<status status="PASS" starttime="20231021 19:16:51.002" endtime="20231021 19:16:51.003"/>
</kw>
<status status="PASS" starttime="20231021 19:16:51.001" endtime="20231021 19:16:51.003"/>
</kw>
<kw name="Run Keyword And Continue On Failure" library="BuiltIn">
<arg>KW: Response of the GET Request.</arg>
<doc>Runs the keyword and continues execution even if a failure occurs.</doc>
<kw name="KW: Response of the GET Request.">
<doc>The response viewer helps to ensure the correctness of API responses.
An API response consists of the body, headers, and the status code.
It organizes body and headers in different forms.
The status code and the completion time of the API call is visible.
The response also contains the HTTP specification default description.
However, API authors can also add custom message.</doc>
<kw name="GET On Session" library="RequestsLibrary">
<var>${GETResponse}</var>
<arg>Restful_Brooker</arg>
<arg>${API BOOKING END POINT}</arg>
<arg>headers=${Header}</arg>
<doc>Sends a GET request on a previously created HTTP Session.</doc>
<msg timestamp="20231021 19:16:52.332" level="INFO">GET Request : url=https://restful-booker.herokuapp.com/booking 
 path_url=/booking 
 headers={'User-Agent': 'Mozilla/5.0 (Windows NT 6.1; WOW64; rv:40.0) Gecko/20100101 Firefox/40.1', 'Accept-Encoding': 'gzip, deflate', 'accept': 'application/json', 'Connection': 'keep-alive', 'Content-Type': 'application/json'} 
 body=None 
 </msg>
<msg timestamp="20231021 19:16:52.333" level="INFO">GET Response : url=https://restful-booker.herokuapp.com/booking 
 status=200, reason=OK 
 headers={'Server': 'Cowboy', 'Report-To': '{"group":"heroku-nel","max_age":3600,"endpoints":[{"url":"https://nel.heroku.com/reports?ts=1697896011&amp;sid=c46efe9b-d3d2-4a0c-8c76-bfafa16c5add&amp;s=%2Fcug%2BTgGSU0YI7LcqQzpaKSXdQM1YmiQq9J5Huf0sPw%3D"}]}', 'Reporting-Endpoints': 'heroku-nel=https://nel.heroku.com/reports?ts=1697896011&amp;sid=c46efe9b-d3d2-4a0c-8c76-bfafa16c5add&amp;s=%2Fcug%2BTgGSU0YI7LcqQzpaKSXdQM1YmiQq9J5Huf0sPw%3D', 'Nel': '{"report_to":"heroku-nel","max_age":3600,"success_fraction":0.005,"failure_fraction":0.05,"response_headers":["Via"]}', 'Connection': 'keep-alive', 'X-Powered-By': 'Express', 'Content-Type': 'application/json; charset=utf-8', 'Content-Length': '32324', 'Etag': 'W/"7e44-NnaeBzuu3bpaVt8szvmMgicCjFI"', 'Date': 'Sat, 21 Oct 2023 13:46:51 GMT', 'Via': '1.1 vegur'} 
 body=[{"bookingid":1188},{"bookingid":1948},{"bookingid":1423},{"bookingid":1859},{"bookingid":557},{"bookingid":2265},{"bookingid":1936},{"bookingid":1192},{"bookingid":2256},{"bookingid":950},{"bookingid":186},{"bookingid":518},{"bookingid":2013},{"bookingid":2497},{"bookingid":543},{"bookingid":1303},{"bookingid":946},{"bookingid":575},{"bookingid":223},{"bookingid":529},{"bookingid":1460},{"bookingid":1635},{"bookingid":2521},{"bookingid":127},{"bookingid":1415},{"bookingid":985},{"bookingid":755},{"bookingid":1492},{"bookingid":322},{"bookingid":734},{"bookingid":198},{"bookingid":2312},{"bookingid":408},{"bookingid":326},{"bookingid":476},{"bookingid":2294},{"bookingid":865},{"bookingid":2542},{"bookingid":469},{"bookingid":1036},{"bookingid":1525},{"bookingid":1799},{"bookingid":1881},{"bookingid":1698},{"bookingid":221},{"bookingid":1670},{"bookingid":249},{"bookingid":674},{"bookingid":1833},{"bookingid":715},{"bookingid":1677},{"bookingid":1631},{"bookingid":848},{"bookingid":2244},{"bookingid":2328},{"bookingid":1720},{"bookingid":409},{"bookingid":944},{"bookingid":146},{"bookingid":2371},{"bookingid":195},{"bookingid":1618},{"bookingid":118},{"bookingid":137},{"bookingid":1372},{"bookingid":803},{"bookingid":1021},{"bookingid":1659},{"bookingid":1355},{"bookingid":319},{"bookingid":2342},{"bookingid":1386},{"bookingid":2161},{"bookingid":889},{"bookingid":804},{"bookingid":215},{"bookingid":692},{"bookingid":558},{"bookingid":2417},{"bookingid":372},{"bookingid":1510},{"bookingid":1219},{"bookingid":2232},{"bookingid":969},{"bookingid":1711},{"bookingid":964},{"bookingid":364},{"bookingid":166},{"bookingid":132},{"bookingid":918},{"bookingid":2517},{"bookingid":2121},{"bookingid":1175},{"bookingid":1814},{"bookingid":329},{"bookingid":2496},{"bookingid":587},{"bookingid":863},{"bookingid":2150},{"bookingid":787},{"bookingid":2227},{"bookingid":1552},{"bookingid":613},{"bookingid":428},{"bookingid":1287},{"bookingid":1847},{"bookingid":1545},{"bookingid":1546},{"bookingid":1705},{"bookingid":1377},{"bookingid":1440},{"bookingid":1160},{"bookingid":725},{"bookingid":358},{"bookingid":536},{"bookingid":1978},{"bookingid":919},{"bookingid":1012},{"bookingid":1700},{"bookingid":225},{"bookingid":1137},{"bookingid":1731},{"bookingid":1544},{"bookingid":1457},{"bookingid":1858},{"bookingid":305},{"bookingid":269},{"bookingid":1699},{"bookingid":2446},{"bookingid":1935},{"bookingid":14},{"bookingid":2449},{"bookingid":1597},{"bookingid":1400},{"bookingid":207},{"bookingid":1924},{"bookingid":2515},{"bookingid":2464},{"bookingid":2459},{"bookingid":5},{"bookingid":840},{"bookingid":1170},{"bookingid":2400},{"bookingid":1250},{"bookingid":1232},{"bookingid":85},{"bookingid":449},{"bookingid":1406},{"bookingid":1381},{"bookingid":789},{"bookingid":1861},{"bookingid":1265},{"bookingid":1586},{"bookingid":1657},{"bookingid":1955},{"bookingid":474},{"bookingid":1367},{"bookingid":194},{"bookingid":1504},{"bookingid":1610},{"bookingid":1206},{"bookingid":599},{"bookingid":611},{"bookingid":2035},{"bookingid":906},{"bookingid":1451},{"bookingid":181},{"bookingid":2274},{"bookingid":1816},{"bookingid":1997},{"bookingid":1247},{"bookingid":1765},{"bookingid":2216},{"bookingid":2099},{"bookingid":1943},{"bookingid":2178},{"bookingid":497},{"bookingid":1994},{"bookingid":746},{"bookingid":47},{"bookingid":2406},{"bookingid":2345},{"bookingid":2202},{"bookingid":731},{"bookingid":2092},{"bookingid":11},{"bookingid":713},{"bookingid":938},{"bookingid":1805},{"bookingid":925},{"bookingid":718},{"bookingid":1016},{"bookingid":2172},{"bookingid":1561},{"bookingid":2331},{"bookingid":362},{"bookingid":1958},{"bookingid":2533},{"bookingid":2123},{"bookingid":98},{"bookingid":2291},{"bookingid":1791},{"bookingid":523},{"bookingid":1299},{"bookingid":105},{"bookingid":738},{"bookingid":867},{"bookingid":1914},{"bookingid":313},{"bookingid":911},{"bookingid":2335},{"bookingid":1222},{"bookingid":1810},{"bookingid":277},{"bookingid":562},{"bookingid":1136},{"bookingid":346},{"bookingid":2096},{"bookingid":748},{"bookingid":108},{"bookingid":1229},{"bookingid":1050},{"bookingid":544},{"bookingid":89},{"bookingid":1135},{"bookingid":349},{"bookingid":2213},{"bookingid":1629},{"bookingid":1290},{"bookingid":21},{"bookingid":140},{"bookingid":1587},{"bookingid":214},{"bookingid":304},{"bookingid":2268},{"bookingid":2069},{"bookingid":1291},{"bookingid":1425},{"bookingid":1125},{"bookingid":1811},{"bookingid":270},{"bookingid":259},{"bookingid":624},{"bookingid":2431},{"bookingid":1934},{"bookingid":397},{"bookingid":2090},{"bookingid":1676},{"bookingid":1147},{"bookingid":1242},{"bookingid":779},{"bookingid":1197},{"bookingid":1326},{"bookingid":28},{"bookingid":271},{"bookingid":1906},{"bookingid":532},{"bookingid":1654},{"bookingid":1245},{"bookingid":2008},{"bookingid":110},{"bookingid":2315},{"bookingid":480},{"bookingid":1316},{"bookingid":790},{"bookingid":871},{"bookingid":2416},{"bookingid":2370},{"bookingid":798},{"bookingid":1123},{"bookingid":22},{"bookingid":2106},{"bookingid":1453},{"bookingid":979},{"bookingid":2111},{"bookingid":1727},{"bookingid":2434},{"bookingid":650},{"bookingid":1664},{"bookingid":596},{"bookingid":2088},{"bookingid":209},{"bookingid":1158},{"bookingid":8},{"bookingid":1078},{"bookingid":1083},{"bookingid":1132},{"bookingid":1867},{"bookingid":616},{"bookingid":2308},{"bookingid":61},{"bookingid":1},{"bookingid":1491},{"bookingid":1022},{"bookingid":57},{"bookingid":2263},{"bookingid":67},{"bookingid":874},{"bookingid":59},{"bookingid":2357},{"bookingid":712},{"bookingid":982},{"bookingid":2076},{"bookingid":858},{"bookingid":1456},{"bookingid":347},{"bookingid":93},{"bookingid":412},{"bookingid":2338},{"bookingid":1960},{"bookingid":357},{"bookingid":2222},{"bookingid":109},{"bookingid":1498},{"bookingid":274},{"bookingid":261},{"bookingid":997},{"bookingid":1557},{"bookingid":88},{"bookingid":1266},{"bookingid":883},{"bookingid":1302},{"bookingid":2535},{"bookingid":937},{"bookingid":1461},{"bookingid":603},{"bookingid":743},{"bookingid":538},{"bookingid":1475},{"bookingid":500},{"bookingid":2},{"bookingid":1644},{"bookingid":815},{"bookingid":318},{"bookingid":1204},{"bookingid":486},{"bookingid":1895},{"bookingid":487},{"bookingid":1660},{"bookingid":595},{"bookingid":878},{"bookingid":91},{"bookingid":2032},{"bookingid":2200},{"bookingid":1758},{"bookingid":402},{"bookingid":1592},{"bookingid":75},{"bookingid":907},{"bookingid":121},{"bookingid":886},{"bookingid":435},{"bookingid":530},{"bookingid":297},{"bookingid":656},{"bookingid":389},{"bookingid":2173},{"bookingid":2255},{"bookingid":1434},{"bookingid":1593},{"bookingid":2500},{"bookingid":1868},{"bookingid":1930},{"bookingid":1793},{"bookingid":9},{"bookingid":1028},{"bookingid":1732},{"bookingid":1161},{"bookingid":758},{"bookingid":2071},{"bookingid":805},{"bookingid":1482},{"bookingid":1322},{"bookingid":2415},{"bookingid":2015},{"bookingid":66},{"bookingid":2114},{"bookingid":2252},{"bookingid":111},{"bookingid":2524},{"bookingid":2405},{"bookingid":78},{"bookingid":308},{"bookingid":189},{"bookingid":1344},{"bookingid":537},{"bookingid":418},{"bookingid":2278},{"bookingid":1313},{"bookingid":1397},{"bookingid":1337},{"bookingid":561},{"bookingid":450},{"bookingid":2006},{"bookingid":2391},{"bookingid":1601},{"bookingid":1686},{"bookingid":1139},{"bookingid":1663},{"bookingid":202},{"bookingid":165},{"bookingid":1416},{"bookingid":995},{"bookingid":1040},{"bookingid":241},{"bookingid":710},{"bookingid":2321},{"bookingid":1923},{"bookingid":1611},{"bookingid":379},{"bookingid":1414},{"bookingid":1365},{"bookingid":2038},{"bookingid":467},{"bookingid":102},{"bookingid":2302},{"bookingid":1771},{"bookingid":902},{"bookingid":750},{"bookingid":41},{"bookingid":2050},{"bookingid":1306},{"bookingid":330},{"bookingid":2266},{"bookingid":1394},{"bookingid":1651},{"bookingid":1679},{"bookingid":391},{"bookingid":123},{"bookingid":96},{"bookingid":1579},{"bookingid":2483},{"bookingid":1915},{"bookingid":2368},{"bookingid":849},{"bookingid":2063},{"bookingid":1748},{"bookingid":18},{"bookingid":1956},{"bookingid":256},{"bookingid":2339},{"bookingid":832},{"bookingid":1121},{"bookingid":1443},{"bookingid":686},{"bookingid":2226},{"bookingid":503},{"bookingid":1477},{"bookingid":1417},{"bookingid":1364},{"bookingid":1352},{"bookingid":2387},{"bookingid":821},{"bookingid":775},{"bookingid":1985},{"bookingid":103},{"bookingid":498},{"bookingid":2034},{"bookingid":2194},{"bookingid":1600},{"bookingid":1623},{"bookingid":584},{"bookingid":2299},{"bookingid":1403},{"bookingid":112},{"bookingid":1636},{"bookingid":2380},{"bookingid":1733},{"bookingid":1260},{"bookingid":77},{"bookingid":1609},{"bookingid":1156},{"bookingid":647},{"bookingid":443},{"bookingid":551},{"bookingid":2167},{"bookingid":478},{"bookingid":1241},{"bookingid":260},{"bookingid":1200},{"bookingid":1030},{"bookingid":654},{"bookingid":504},{"bookingid":828},{"bookingid":1392},{"bookingid":678},{"bookingid":949},{"bookingid":1911},{"bookingid":1490},{"bookingid":246},{"bookingid":651},{"bookingid":210},{"bookingid":370},{"bookingid":1946},{"bookingid":751},{"bookingid":1777},{"bookingid":2358},{"bookingid":515},{"bookingid":151},{"bookingid":1675},{"bookingid":1941},{"bookingid":1165},{"bookingid":224},{"bookingid":171},{"bookingid":168},{"bookingid":1100},{"bookingid":1284},{"bookingid":2421},{"bookingid":956},{"bookingid":2502},{"bookingid":2214},{"bookingid":2414},{"bookingid":1995},{"bookingid":230},{"bookingid":2418},{"bookingid":802},{"bookingid":1357},{"bookingid":1267},{"bookingid":332},{"bookingid":1216},{"bookingid":1739},{"bookingid":608},{"bookingid":2425},{"bookingid":234},{"bookingid":2062},{"bookingid":724},{"bookingid":1848},{"bookingid":338},{"bookingid":414},{"bookingid":973},{"bookingid":638},{"bookingid":716},{"bookingid":661},{"bookingid":60},{"bookingid":1358},{"bookingid":359},{"bookingid":1725},{"bookingid":2530},{"bookingid":1822},{"bookingid":2065},{"bookingi... (set the log level to DEBUG or TRACE to see the full content) 
 </msg>
<msg timestamp="20231021 19:16:52.333" level="INFO">${GETResponse} = &lt;Response [200]&gt;</msg>
<status status="PASS" starttime="20231021 19:16:51.003" endtime="20231021 19:16:52.333"/>
</kw>
<kw name="Set Global Variable" library="BuiltIn">
<arg>${GETResponse}</arg>
<doc>Makes a variable available globally in all tests and suites.</doc>
<msg timestamp="20231021 19:16:52.335" level="INFO">${GETResponse} = &lt;Response [200]&gt;</msg>
<status status="PASS" starttime="20231021 19:16:52.334" endtime="20231021 19:16:52.335"/>
</kw>
<status status="PASS" starttime="20231021 19:16:51.003" endtime="20231021 19:16:52.335"/>
</kw>
<status status="PASS" starttime="20231021 19:16:51.003" endtime="20231021 19:16:52.335"/>
</kw>
<kw name="To Json" library="RequestsLibrary">
<var>${jsondata_}</var>
<arg>${GETResponse.content}</arg>
<arg>pretty_print=True</arg>
<doc>*DEPRECATED* Please use ${resp.json()} instead. Have a look at the improved HTML output as pretty printing replacement.</doc>
<msg timestamp="20231021 19:16:52.335" level="WARN">Keyword 'RequestsLibrary.To Json' is deprecated. Please use ${resp.json()} instead. Have a look at the improved HTML output as pretty printing replacement.</msg>
<msg timestamp="20231021 19:16:52.344" level="INFO">To JSON using : content=[{"bookingid":1188},{"bookingid":1948},{"bookingid":1423},{"bookingid":1859},{"bookingid":557},{"bookingid":2265},{"bookingid":1936},{"bookingid":1192},{"bookingid":2256},{"bookingid":950},{"bookingid":186},{"bookingid":518},{"bookingid":2013},{"bookingid":2497},{"bookingid":543},{"bookingid":1303},{"bookingid":946},{"bookingid":575},{"bookingid":223},{"bookingid":529},{"bookingid":1460},{"bookingid":1635},{"bookingid":2521},{"bookingid":127},{"bookingid":1415},{"bookingid":985},{"bookingid":755},{"bookingid":1492},{"bookingid":322},{"bookingid":734},{"bookingid":198},{"bookingid":2312},{"bookingid":408},{"bookingid":326},{"bookingid":476},{"bookingid":2294},{"bookingid":865},{"bookingid":2542},{"bookingid":469},{"bookingid":1036},{"bookingid":1525},{"bookingid":1799},{"bookingid":1881},{"bookingid":1698},{"bookingid":221},{"bookingid":1670},{"bookingid":249},{"bookingid":674},{"bookingid":1833},{"bookingid":715},{"bookingid":1677},{"bookingid":1631},{"bookingid":848},{"bookingid":2244},{"bookingid":2328},{"bookingid":1720},{"bookingid":409},{"bookingid":944},{"bookingid":146},{"bookingid":2371},{"bookingid":195},{"bookingid":1618},{"bookingid":118},{"bookingid":137},{"bookingid":1372},{"bookingid":803},{"bookingid":1021},{"bookingid":1659},{"bookingid":1355},{"bookingid":319},{"bookingid":2342},{"bookingid":1386},{"bookingid":2161},{"bookingid":889},{"bookingid":804},{"bookingid":215},{"bookingid":692},{"bookingid":558},{"bookingid":2417},{"bookingid":372},{"bookingid":1510},{"bookingid":1219},{"bookingid":2232},{"bookingid":969},{"bookingid":1711},{"bookingid":964},{"bookingid":364},{"bookingid":166},{"bookingid":132},{"bookingid":918},{"bookingid":2517},{"bookingid":2121},{"bookingid":1175},{"bookingid":1814},{"bookingid":329},{"bookingid":2496},{"bookingid":587},{"bookingid":863},{"bookingid":2150},{"bookingid":787},{"bookingid":2227},{"bookingid":1552},{"bookingid":613},{"bookingid":428},{"bookingid":1287},{"bookingid":1847},{"bookingid":1545},{"bookingid":1546},{"bookingid":1705},{"bookingid":1377},{"bookingid":1440},{"bookingid":1160},{"bookingid":725},{"bookingid":358},{"bookingid":536},{"bookingid":1978},{"bookingid":919},{"bookingid":1012},{"bookingid":1700},{"bookingid":225},{"bookingid":1137},{"bookingid":1731},{"bookingid":1544},{"bookingid":1457},{"bookingid":1858},{"bookingid":305},{"bookingid":269},{"bookingid":1699},{"bookingid":2446},{"bookingid":1935},{"bookingid":14},{"bookingid":2449},{"bookingid":1597},{"bookingid":1400},{"bookingid":207},{"bookingid":1924},{"bookingid":2515},{"bookingid":2464},{"bookingid":2459},{"bookingid":5},{"bookingid":840},{"bookingid":1170},{"bookingid":2400},{"bookingid":1250},{"bookingid":1232},{"bookingid":85},{"bookingid":449},{"bookingid":1406},{"bookingid":1381},{"bookingid":789},{"bookingid":1861},{"bookingid":1265},{"bookingid":1586},{"bookingid":1657},{"bookingid":1955},{"bookingid":474},{"bookingid":1367},{"bookingid":194},{"bookingid":1504},{"bookingid":1610},{"bookingid":1206},{"bookingid":599},{"bookingid":611},{"bookingid":2035},{"bookingid":906},{"bookingid":1451},{"bookingid":181},{"bookingid":2274},{"bookingid":1816},{"bookingid":1997},{"bookingid":1247},{"bookingid":1765},{"bookingid":2216},{"bookingid":2099},{"bookingid":1943},{"bookingid":2178},{"bookingid":497},{"bookingid":1994},{"bookingid":746},{"bookingid":47},{"bookingid":2406},{"bookingid":2345},{"bookingid":2202},{"bookingid":731},{"bookingid":2092},{"bookingid":11},{"bookingid":713},{"bookingid":938},{"bookingid":1805},{"bookingid":925},{"bookingid":718},{"bookingid":1016},{"bookingid":2172},{"bookingid":1561},{"bookingid":2331},{"bookingid":362},{"bookingid":1958},{"bookingid":2533},{"bookingid":2123},{"bookingid":98},{"bookingid":2291},{"bookingid":1791},{"bookingid":523},{"bookingid":1299},{"bookingid":105},{"bookingid":738},{"bookingid":867},{"bookingid":1914},{"bookingid":313},{"bookingid":911},{"bookingid":2335},{"bookingid":1222},{"bookingid":1810},{"bookingid":277},{"bookingid":562},{"bookingid":1136},{"bookingid":346},{"bookingid":2096},{"bookingid":748},{"bookingid":108},{"bookingid":1229},{"bookingid":1050},{"bookingid":544},{"bookingid":89},{"bookingid":1135},{"bookingid":349},{"bookingid":2213},{"bookingid":1629},{"bookingid":1290},{"bookingid":21},{"bookingid":140},{"bookingid":1587},{"bookingid":214},{"bookingid":304},{"bookingid":2268},{"bookingid":2069},{"bookingid":1291},{"bookingid":1425},{"bookingid":1125},{"bookingid":1811},{"bookingid":270},{"bookingid":259},{"bookingid":624},{"bookingid":2431},{"bookingid":1934},{"bookingid":397},{"bookingid":2090},{"bookingid":1676},{"bookingid":1147},{"bookingid":1242},{"bookingid":779},{"bookingid":1197},{"bookingid":1326},{"bookingid":28},{"bookingid":271},{"bookingid":1906},{"bookingid":532},{"bookingid":1654},{"bookingid":1245},{"bookingid":2008},{"bookingid":110},{"bookingid":2315},{"bookingid":480},{"bookingid":1316},{"bookingid":790},{"bookingid":871},{"bookingid":2416},{"bookingid":2370},{"bookingid":798},{"bookingid":1123},{"bookingid":22},{"bookingid":2106},{"bookingid":1453},{"bookingid":979},{"bookingid":2111},{"bookingid":1727},{"bookingid":2434},{"bookingid":650},{"bookingid":1664},{"bookingid":596},{"bookingid":2088},{"bookingid":209},{"bookingid":1158},{"bookingid":8},{"bookingid":1078},{"bookingid":1083},{"bookingid":1132},{"bookingid":1867},{"bookingid":616},{"bookingid":2308},{"bookingid":61},{"bookingid":1},{"bookingid":1491},{"bookingid":1022},{"bookingid":57},{"bookingid":2263},{"bookingid":67},{"bookingid":874},{"bookingid":59},{"bookingid":2357},{"bookingid":712},{"bookingid":982},{"bookingid":2076},{"bookingid":858},{"bookingid":1456},{"bookingid":347},{"bookingid":93},{"bookingid":412},{"bookingid":2338},{"bookingid":1960},{"bookingid":357},{"bookingid":2222},{"bookingid":109},{"bookingid":1498},{"bookingid":274},{"bookingid":261},{"bookingid":997},{"bookingid":1557},{"bookingid":88},{"bookingid":1266},{"bookingid":883},{"bookingid":1302},{"bookingid":2535},{"bookingid":937},{"bookingid":1461},{"bookingid":603},{"bookingid":743},{"bookingid":538},{"bookingid":1475},{"bookingid":500},{"bookingid":2},{"bookingid":1644},{"bookingid":815},{"bookingid":318},{"bookingid":1204},{"bookingid":486},{"bookingid":1895},{"bookingid":487},{"bookingid":1660},{"bookingid":595},{"bookingid":878},{"bookingid":91},{"bookingid":2032},{"bookingid":2200},{"bookingid":1758},{"bookingid":402},{"bookingid":1592},{"bookingid":75},{"bookingid":907},{"bookingid":121},{"bookingid":886},{"bookingid":435},{"bookingid":530},{"bookingid":297},{"bookingid":656},{"bookingid":389},{"bookingid":2173},{"bookingid":2255},{"bookingid":1434},{"bookingid":1593},{"bookingid":2500},{"bookingid":1868},{"bookingid":1930},{"bookingid":1793},{"bookingid":9},{"bookingid":1028},{"bookingid":1732},{"bookingid":1161},{"bookingid":758},{"bookingid":2071},{"bookingid":805},{"bookingid":1482},{"bookingid":1322},{"bookingid":2415},{"bookingid":2015},{"bookingid":66},{"bookingid":2114},{"bookingid":2252},{"bookingid":111},{"bookingid":2524},{"bookingid":2405},{"bookingid":78},{"bookingid":308},{"bookingid":189},{"bookingid":1344},{"bookingid":537},{"bookingid":418},{"bookingid":227
[...]
</kw>
<doc>This TC is to create booking with user details.</doc>
<tag>Positive</tag>
<status status="PASS" starttime="20231021 19:16:55.979" endtime="20231021 19:16:57.255"/>
</test>
<doc>Suite for Updating Booking.</doc>
<status status="PASS" starttime="20231021 19:16:55.976" endtime="20231021 19:16:57.255"/>
</suite>
<suite id="s1-s7" name="Tc 7 Deletebooking" source="/Users/rajeevpramanik/Documents/GitHub/robotframework/package_restful_booker_herokuapp/pom_test_suite/tc_7_deletebooking.robot">
<test id="s1-s7-t1" name="TC-1 [DELETE] Delete the craeted booking. - SUCCESSFUL" line="53">
<kw name="Given KW: To open the workbook to the specified path." library="setup_teardown_func">
<doc>This Keyword is opening the excelsheets to write &amp; read data's.</doc>
<kw name="Open Workbook" library="ExcellentLibrary">
<arg>${The work book}</arg>
<doc>Opens the workbook found at the given file path.
_NOTE_: Please note that at present _XLS_ files are not supported.</doc>
<status status="PASS" starttime="20231021 19:16:57.258" endtime="20231021 19:16:57.263"/>
</kw>
<status status="PASS" starttime="20231021 19:16:57.258" endtime="20231021 19:16:57.263"/>
</kw>
<kw name="Given KW: Interacting with the Excel sheet2." library="setup_teardown_func">
<doc>This Keyword is calling the other user defined keywords, created above for interaction with sheets 2.</doc>
<kw name="KW: Switch sheets 2." library="setup_teardown_func">
<doc>This Keyword will help to switch to the sheet named "Create_Token".</doc>
<kw name="Switch Sheet" library="ExcellentLibrary">
<arg>Create_Token</arg>
<doc>Switches to the sheet with the supplied name within the active
workbook.</doc>
<status status="PASS" starttime="20231021 19:16:57.263" endtime="20231021 19:16:57.263"/>
</kw>
<status status="PASS" starttime="20231021 19:16:57.263" endtime="20231021 19:16:57.263"/>
</kw>
<kw name="KW: Get the Column Count." library="setup_teardown_func">
<doc>This Keyword will count the total column used for the active sheet.</doc>
<kw name="Get Column Count" library="ExcellentLibrary">
<var>${The all column count is}</var>
<doc>Returns the number of non-empty columns in the active sheet.</doc>
<msg timestamp="20231021 19:16:57.263" level="INFO">${The all column count is} = 4</msg>
<status status="PASS" starttime="20231021 19:16:57.263" endtime="20231021 19:16:57.263"/>
</kw>
<kw name="Set Global Variable" library="BuiltIn">
<arg>${The all column count is}</arg>
<doc>Makes a variable available globally in all tests and suites.</doc>
<msg timestamp="20231021 19:16:57.263" level="INFO">${The all column count is} = 4</msg>
<status status="PASS" starttime="20231021 19:16:57.263" endtime="20231021 19:16:57.263"/>
</kw>
<status status="PASS" starttime="20231021 19:16:57.263" endtime="20231021 19:16:57.263"/>
</kw>
<kw name="KW: Get the Row Count." library="setup_teardown_func">
<doc>This Keyword will count the total row used for the active sheet.</doc>
<kw name="Get Row Count" library="ExcellentLibrary">
<var>${The all row count is}</var>
<doc>Returns the number of non-empty rows in the active sheet.</doc>
<msg timestamp="20231021 19:16:57.264" level="INFO">${The all row count is} = 8</msg>
<status status="PASS" starttime="20231021 19:16:57.264" endtime="20231021 19:16:57.264"/>
</kw>
<kw name="Set Global Variable" library="BuiltIn">
<arg>${The all row count is}</arg>
<doc>Makes a variable available globally in all tests and suites.</doc>
<msg timestamp="20231021 19:16:57.264" level="INFO">${The all row count is} = 8</msg>
<status status="PASS" starttime="20231021 19:16:57.264" endtime="20231021 19:16:57.264"/>
</kw>
<status status="PASS" starttime="20231021 19:16:57.263" endtime="20231021 19:16:57.264"/>
</kw>
<kw name="KW: Globally evalutaing to the excel sheet." library="setup_teardown_func">
<doc>This Keyword will evaluate the total row used plus one extra row (EX: 33 rows used + 1 row).</doc>
<kw name="Evaluate" library="BuiltIn">
<var>${Next_Row_Evalute}</var>
<arg>${The all row count is}+1</arg>
<doc>Evaluates the given expression in Python and returns the result.</doc>
<msg timestamp="20231021 19:16:57.264" level="INFO">${Next_Row_Evalute} = 9</msg>
<status status="PASS" starttime="20231021 19:16:57.264" endtime="20231021 19:16:57.264"/>
</kw>
<kw name="Set Global Variable" library="BuiltIn">
<arg>${Next_Row_Evalute}</arg>
<doc>Makes a variable available globally in all tests and suites.</doc>
<msg timestamp="20231021 19:16:57.264" level="INFO">${Next_Row_Evalute} = 9</msg>
<status status="PASS" starttime="20231021 19:16:57.264" endtime="20231021 19:16:57.264"/>
</kw>
<status status="PASS" starttime="20231021 19:16:57.264" endtime="20231021 19:16:57.264"/>
</kw>
<status status="PASS" starttime="20231021 19:16:57.263" endtime="20231021 19:16:57.264"/>
</kw>
<kw name="Then KW: Request DELETE Header.">
<doc>APIs require to send particular headers along with requests, typically to provide additional metadata about the operation that are performing.
Can set these up in the Headers.
Enter any key-value pairs needed and it will be send along with the request.</doc>
<kw name="KW for User Agent" library="user_agents">
<kw name="Get Length" library="BuiltIn">
<var>${Length_Of_user_agents_Lists_Items}</var>
<arg>${user_agents list}</arg>
<doc>Returns and logs the length of the given item as an integer.</doc>
<msg timestamp="20231021 19:16:57.265" level="INFO">Length is 56</msg>
<msg timestamp="20231021 19:16:57.265" level="INFO">${Length_Of_user_agents_Lists_Items} = 56</msg>
<status status="PASS" starttime="20231021 19:16:57.264" endtime="20231021 19:16:57.265"/>
</kw>
<kw name="Evaluate" library="BuiltIn">
<var>${random_NUMBER}</var>
<arg>random.randint(0,${Length_Of_user_agents_Lists_Items}-1)</arg>
<doc>Evaluates the given expression in Python and returns the result.</doc>
<msg timestamp="20231021 19:16:57.265" level="INFO">${random_NUMBER} = 11</msg>
<status status="PASS" starttime="20231021 19:16:57.265" endtime="20231021 19:16:57.265"/>
</kw>
<kw name="Get From List" library="Collections">
<var>${useragent}</var>
<arg>${user_agents list}</arg>
<arg>${random_NUMBER}</arg>
<doc>Returns the value specified with an ``index`` from ``list``.</doc>
<msg timestamp="20231021 19:16:57.265" level="INFO">${useragent} = Mozilla/5.0 (Windows NT 6.1; WOW64; Trident/7.0; rv:11.0) like Gecko</msg>
<status status="PASS" starttime="20231021 19:16:57.265" endtime="20231021 19:16:57.265"/>
</kw>
<kw name="Set Global Variable" library="BuiltIn">
<arg>${useragent}</arg>
<doc>Makes a variable available globally in all tests and suites.</doc>
<msg timestamp="20231021 19:16:57.265" level="INFO">${useragent} = Mozilla/5.0 (Windows NT 6.1; WOW64; Trident/7.0; rv:11.0) like Gecko</msg>
<status status="PASS" starttime="20231021 19:16:57.265" endtime="20231021 19:16:57.265"/>
</kw>
<status status="PASS" starttime="20231021 19:16:57.264" endtime="20231021 19:16:57.265"/>
</kw>
<kw name="KW: Fetch the C Column data according to the row count." library="setup_teardown_func">
<kw name="Read From Cell" library="ExcellentLibrary">
<var>${Reading C column data}</var>
<arg>C${The all row count is}</arg>
<doc>Reads the data from the cell identified by the given locator.</doc>
<msg timestamp="20231021 19:16:57.265" level="INFO">${Reading C column data} = ce497f95a4e2fd6</msg>
<status status="PASS" starttime="20231021 19:16:57.265" endtime="20231021 19:16:57.265"/>
</kw>
<kw name="Log To Console" library="BuiltIn">
<arg>${Reading C column data}</arg>
<doc>Logs the given message to the console.</doc>
<status status="PASS" starttime="20231021 19:16:57.265" endtime="20231021 19:16:57.265"/>
</kw>
<kw name="Set Global Variable" library="BuiltIn">
<arg>${Reading C column data}</arg>
<doc>Makes a variable available globally in all tests and suites.</doc>
<msg timestamp="20231021 19:16:57.265" level="INFO">${Reading C column data} = ce497f95a4e2fd6</msg>
<status status="PASS" starttime="20231021 19:16:57.265" endtime="20231021 19:16:57.265"/>
</kw>
<status status="PASS" starttime="20231021 19:16:57.265" endtime="20231021 19:16:57.265"/>
</kw>
<kw name="Create Dictionary" library="BuiltIn">
<var>${Header}</var>
<arg>User-Agent=${useragent}</arg>
<arg>Content-Type=application/json</arg>
<arg>Cookie=${JWToken}${Reading C column data}</arg>
<doc>Creates and returns a dictionary based on the given ``items``.</doc>
<msg timestamp="20231021 19:16:57.266" level="INFO">${Header} = {'User-Agent': 'Mozilla/5.0 (Windows NT 6.1; WOW64; Trident/7.0; rv:11.0) like Gecko', 'Content-Type': 'application/json', 'Cookie': 'token=ce497f95a4e2fd6'}</msg>
<status status="PASS" starttime="20231021 19:16:57.266" endtime="20231021 19:16:57.266"/>
</kw>
<kw name="Set Global Variable" library="BuiltIn">
<arg>${Header}</arg>
<doc>Makes a variable available globally in all tests and suites.</doc>
<msg timestamp="20231021 19:16:57.266" level="INFO">${Header} = {'User-Agent': 'Mozilla/5.0 (Windows NT 6.1; WOW64; Trident/7.0; rv:11.0) like Gecko', 'Content-Type': 'application/json', 'Cookie': 'token=ce497f95a4e2fd6'}</msg>
<status status="PASS" starttime="20231021 19:16:57.266" endtime="20231021 19:16:57.266"/>
</kw>
<status status="PASS" starttime="20231021 19:16:57.264" endtime="20231021 19:16:57.266"/>
</kw>
<kw name="Then KW: Interacting with the Excel sheet1." library="setup_teardown_func">
<doc>This Keyword is calling the other user defined keywords, created above for interaction with sheets 1.</doc>
<kw name="KW: Switch sheets 1." library="setup_teardown_func">
<doc>This Keyword will help to switch to the sheet named "Create_User".</doc>
<kw name="Switch Sheet" library="ExcellentLibrary">
<arg>Create_Booking</arg>
<doc>Switches to the sheet with the supplied name within the active
workbook.</doc>
<status status="PASS" starttime="20231021 19:16:57.266" endtime="20231021 19:16:57.266"/>
</kw>
<status status="PASS" starttime="20231021 19:16:57.266" endtime="20231021 19:16:57.266"/>
</kw>
<kw name="KW: Get the Column Count." library="setup_teardown_func">
<doc>This Keyword will count the total column used for the active sheet.</doc>
<kw name="Get Column Count" library="ExcellentLibrary">
<var>${The all column count is}</var>
<doc>Returns the number of non-empty columns in the active sheet.</doc>
<msg timestamp="20231021 19:16:57.266" level="INFO">${The all column count is} = 12</msg>
<status status="PASS" starttime="20231021 19:16:57.266" endtime="20231021 19:16:57.266"/>
</kw>
<kw name="Set Global Variable" library="BuiltIn">
<arg>${The all column count is}</arg>
<doc>Makes a variable available globally in all tests and suites.</doc>
<msg timestamp="20231021 19:16:57.267" level="INFO">${The all column count is} = 12</msg>
<status status="PASS" starttime="20231021 19:16:57.266" endtime="20231021 19:16:57.267"/>
</kw>
<status status="PASS" starttime="20231021 19:16:57.266" endtime="20231021 19:16:57.267"/>
</kw>
<kw name="KW: Get the Row Count." library="setup_teardown_func">
<doc>This Keyword will count the total row used for the active sheet.</doc>
<kw name="Get Row Count" library="ExcellentLibrary">
<var>${The all row count is}</var>
<doc>Returns the number of non-empty rows in the active sheet.</doc>
<msg timestamp="20231021 19:16:57.267" level="INFO">${The all row count is} = 2</msg>
<status status="PASS" starttime="20231021 19:16:57.267" endtime="20231021 19:16:57.267"/>
</kw>
<kw name="Set Global Variable" library="BuiltIn">
<arg>${The all row count is}</arg>
<doc>Makes a variable available globally in all tests and suites.</doc>
<msg timestamp="20231021 19:16:57.267" level="INFO">${The all row count is} = 2</msg>
<status status="PASS" starttime="20231021 19:16:57.267" endtime="20231021 19:16:57.267"/>
</kw>
<status status="PASS" starttime="20231021 19:16:57.267" endtime="20231021 19:16:57.267"/>
</kw>
<kw name="KW: Globally evalutaing to the excel sheet." library="setup_teardown_func">
<doc>This Keyword will evaluate the total row used plus one extra row (EX: 33 rows used + 1 row).</doc>
<kw name="Evaluate" library="BuiltIn">
<var>${Next_Row_Evalute}</var>
<arg>${The all row count is}+1</arg>
<doc>Evaluates the given expression in Python and returns the result.</doc>
<msg timestamp="20231021 19:16:57.267" level="INFO">${Next_Row_Evalute} = 3</msg>
<status status="PASS" starttime="20231021 19:16:57.267" endtime="20231021 19:16:57.267"/>
</kw>
<kw name="Set Global Variable" library="BuiltIn">
<arg>${Next_Row_Evalute}</arg>
<doc>Makes a variable available globally in all tests and suites.</doc>
<msg timestamp="20231021 19:16:57.267" level="INFO">${Next_Row_Evalute} = 3</msg>
<status status="PASS" starttime="20231021 19:16:57.267" endtime="20231021 19:16:57.267"/>
</kw>
<status status="PASS" starttime="20231021 19:16:57.267" endtime="20231021 19:16:57.267"/>
</kw>
<status status="PASS" starttime="20231021 19:16:57.266" endtime="20231021 19:16:57.267"/>
</kw>
<kw name="Then KW: Fetching the last value of the saved ids from the sheet1." library="setup_teardown_func">
<doc>Fetching the last cell value.</doc>
<kw name="Read From Cell" library="ExcellentLibrary">
<var>${Cell Value}</var>
<arg>A${The all row count is}</arg>
<doc>Reads the data from the cell identified by the given locator.</doc>
<msg timestamp="20231021 19:16:57.268" level="INFO">${Cell Value} = 2534</msg>
<status status="PASS" starttime="20231021 19:16:57.267" endtime="20231021 19:16:57.268"/>
</kw>
<kw name="Set Global Variable" library="BuiltIn">
<arg>${Cell Value}</arg>
<doc>Makes a variable available globally in all tests and suites.</doc>
<msg timestamp="20231021 19:16:57.268" level="INFO">${Cell Value} = 2534</msg>
<status status="PASS" starttime="20231021 19:16:57.268" endtime="20231021 19:16:57.268"/>
</kw>
<status status="PASS" starttime="20231021 19:16:57.267" endtime="20231021 19:16:57.268"/>
</kw>
<kw name="Run Keyword And Continue On Failure" library="BuiltIn">
<arg>KW: Response of the DELETE Request.</arg>
<doc>Runs the keyword and continues execution even if a failure occurs.</doc>
<kw name="KW: Response of the DELETE Request.">
<doc>The response viewer helps to ensure the correctness of API responses.
An API response consists of the body, headers, and the status code.
It organizes body and headers in different forms.
The status code and the completion time of the API call is visible.
The response also contains the HTTP specification default description.
However, API authors can also add custom message.</doc>
<kw name="DELETE On Session" library="RequestsLibrary">
<var>${DELETEResponse}</var>
<arg>Restful_Brooker</arg>
<arg>${API BOOKING ID END POINT}/${Cell Value}</arg>
<arg>headers=${Header}</arg>
<doc>Sends a DELETE request on a previously created HTTP Session.</doc>
<msg timestamp="20231021 19:16:57.519" level="INFO">DELETE Request : url=https://restful-booker.herokuapp.com/booking/2534 
 path_url=/booking/2534 
 headers={'User-Agent': 'Mozilla/5.0 (Windows NT 6.1; WOW64; Trident/7.0; rv:11.0) like Gecko', 'Accept-Encoding': 'gzip, deflate', 'Accept': '*/*', 'Connection': 'keep-alive', 'Content-Type': 'application/json', 'Cookie': 'token=ce497f95a4e2fd6', 'Content-Length': '0'} 
 body=None 
 </msg>
<msg timestamp="20231021 19:16:57.519" level="INFO">DELETE Response : url=https://restful-booker.herokuapp.com/booking/2534 
 status=201, reason=Created 
 headers={'Server': 'Cowboy', 'Connection': 'keep-alive', 'X-Powered-By': 'Express', 'Content-Type': 'text/plain; charset=utf-8', 'Content-Length': '7', 'Etag': 'W/"7-rM9AyJuqT6iOan/xHh+AW+7K/T8"', 'Date': 'Sat, 21 Oct 2023 13:46:57 GMT', 'Via': '1.1 vegur'} 
 body=Created 
 </msg>
<msg timestamp="20231021 19:16:57.519" level="INFO">${DELETEResponse} = &lt;Response [201]&gt;</msg>
<status status="PASS" starttime="20231021 19:16:57.268" endtime="20231021 19:16:57.519"/>
</kw>
<kw name="Set Global Variable" library="BuiltIn">
<arg>${DELETEResponse}</arg>
<doc>Makes a variable available globally in all tests and suites.</doc>
<msg timestamp="20231021 19:16:57.520" level="INFO">${DELETEResponse} = &lt;Response [201]&gt;</msg>
<status status="PASS" starttime="20231021 19:16:57.520" endtime="20231021 19:16:57.520"/>
</kw>
<status status="PASS" starttime="20231021 19:16:57.268" endtime="20231021 19:16:57.520"/>
</kw>
<status status="PASS" starttime="20231021 19:16:57.268" endtime="20231021 19:16:57.520"/>
</kw>
<kw name="Convert To String" library="BuiltIn">
<var>${Delete_JSON_Content}</var>
<arg>${DELETEResponse.content}</arg>
<doc>Converts the given item to a Unicode string.</doc>
<msg timestamp="20231021 19:16:57.522" level="INFO">${Delete_JSON_Content} = Created</msg>
<status status="PASS" starttime="20231021 19:16:57.521" endtime="20231021 19:16:57.522"/>
</kw>
<kw name="Set Global Variable" library="BuiltIn">
<arg>${Delete_JSON_Content}</arg>
<doc>Makes a variable available globally in all tests and suites.</doc>
<msg timestamp="20231021 19:16:57.522" level="INFO">${Delete_JSON_Content} = Created</msg>
<status status="PASS" starttime="20231021 19:16:57.522" endtime="20231021 19:16:57.522"/>
</kw>
<kw name="Then KW: To save &amp; close the workbook to the specified path." library="setup_teardown_func">
<doc>This Keyword will help to save all the data's written to the sheet and will close it safely.</doc>
<kw name="Save" library="ExcellentLibrary">
<doc>Saves the changes to the currently active workbook.</doc>
<status status="PASS" starttime="20231021 19:16:57.523" endtime="20231021 19:16:57.533"/>
</kw>
<kw name="Close Workbook" library="ExcellentLibrary">
<doc>Closes the workbook identified by the supplied alias.</doc>
<status status="PASS" starttime="20231021 19:16:57.533" endtime="20231021 19:16:57.533"/>
</kw>
<status status="PASS" starttime="20231021 19:16:57.522" endtime="20231021 19:16:57.533"/>
</kw>
<doc>This TC is to create booking with user details.</doc>
<tag>Positive</tag>
<status status="PASS" starttime="20231021 19:16:57.258" endtime="20231021 19:16:57.533"/>
</test>
<doc>Suite for Updating Booking.</doc>
<status status="PASS" starttime="20231021 19:16:57.255" endtime="20231021 19:16:57.534"/>
</suite>
<status status="PASS" starttime="20231021 19:16:48.410" endtime="20231021 19:16:57.534"/>
</suite>
<statistics>
<total>
<stat pass="8" fail="0" skip="2">All Tests</stat>
</total>
<tag>
<stat pass="0" fail="0" skip="2">Negative</stat>
<stat pass="8" fail="0" skip="0">Positive</stat>
</tag>
<suite>
<stat pass="8" fail="0" skip="2" id="s1" name="Pom Test Suite">Pom Test Suite</stat>
<stat pass="1" fail="0" skip="1" id="s1-s1" name="Tc 1 Auth Create Token">Pom Test Suite.Tc 1 Auth Create Token</stat>
<stat pass="1" fail="0" skip="1" id="s1-s2" name="Tc 2 Createbooking">Pom Test Suite.Tc 2 Createbooking</stat>
<stat pass="1" fail="0" skip="0" id="s1-s3" name="Tc 3 Booking Getbookingids">Pom Test Suite.Tc 3 Booking Getbookingids</stat>
<stat pass="2" fail="0" skip="0" id="s1-s4" name="Tc 4 Booking Getbooking">Pom Test Suite.Tc 4 Booking Getbooking</stat>
<stat pass="1" fail="0" skip="0" id="s1-s5" name="Tc 5 Updating Booking">Pom Test Suite.Tc 5 Updating Booking</stat>
<stat pass="1" fail="0" skip="0" id="s1-s6" name="Tc 6 Partialupdatebooking">Pom Test Suite.Tc 6 Partialupdatebooking</stat>
<stat pass="1" fail="0" skip="0" id="s1-s7" name="Tc 7 Deletebooking">Pom Test Suite.Tc 7 Deletebooking</stat>
</suite>
</statistics>
<errors>
<msg timestamp="20231021 19:16:52.335" level="WARN">Keyword 'RequestsLibrary.To Json' is deprecated. Please use ${resp.json()} instead. Have a look at the improved HTML output as pretty printing replacement.</msg>
<msg timestamp="20231021 19:16:53.493" level="WARN">Keyword 'RequestsLibrary.To Json' is deprecated. Please use ${resp.json()} instead. Have a look at the improved HTML output as pretty printing replacement.</msg>
<msg timestamp="20231021 19:16:54.752" level="WARN">Keyword 'RequestsLibrary.To Json' is deprecated. Please use ${resp.json()} instead. Have a look at the improved HTML output as pretty printing replacement.</msg>
</errors>
</robot>
